# file opened: C:\UFV Tercero~Cuarto\Arquitectura\Pantalla_InicioyFinal\Pantalla_Inicio.asm
  1   0000              Main_Pantalla
  2   0000 DD 21 29 00      LD IX, RLEData
  3   0004 21 00 40         LD HL, $4000
  4   0007
  5   0007              bucle_principal:
  6   0007 CD 14 00         CALL LeerDataRLE
  7   000A CA 12 00         JP Z, fin       ; Si se activa z, se acaba el programa
  8   000D CD 22 00         CALL EscribirNData
  9   0010 18 F5            JR bucle_principal
 10   0012
 11   0012              fin:
 12   0012 18 FE            JR fin
 13   0014
 14   0014
 15   0014              LeerDataRLE:
 16   0014 DD 7E 00         LD A, (IX + 0)
 17   0017 B7               OR A
 18   0018 C8               RET Z
 19   0019 47               LD B, A
 20   001A DD 7E 01         LD A, (IX + 1)
 21   001D DD 23            INC IX
 21   001F DD 23          INC IX
 22   0021 C9               RET
 23   0022
 24   0022              EscribirNData:
 25   0022 48               LD C, B
 26   0023
 27   0023              escribir_bytes:
 28   0023 77               LD (HL), A
 29   0024 23               INC HL
 30   0025 0D               DEC C
 31   0026 20 FB            JR NZ, escribir_bytes        ; Repite si C no es 0
 32   0028 C9               RET
 33   0029
 34   0029
 35   0029 1A FF 01 F7  RLEData:  DEFB 26, 255, 1, 247, 13, 255, 1, 254, 3, 255, 1, 251, 2, 255, 1, 223, 8, 255, 1, 245, 1, 127
 35   002D 0D FF 01 FE
 35   0031 03 FF 01 FB
 35   0035 02 FF 01 DF
 35   0039 08 FF 01 F5
 35   003D 01 7F
 36   003F 0E FF 01 EA            DEFB 14, 255, 1, 234, 1, 132, 1, 139, 1, 66, 1, 253, 1, 255, 1, 253, 1, 85, 1, 255, 1, 208
 36   0043 01 84 01 8B
 36   0047 01 42 01 FD
 36   004B 01 FF 01 FD
 36   004F 01 55 01 FF
 36   0053 01 D0
 37   0055 01 BF 01 F8            DEFB 1, 191, 1, 248, 1, 254, 1, 63, 1, 250, 1, 20, 1, 36, 1, 23, 13, 255, 1, 254, 1, 130
 37   0059 01 FE 01 3F
 37   005D 01 FA 01 14
 37   0061 01 24 01 17
 37   0065 0D FF 01 FE
 37   0069 01 82
 38   006B 01 85 01 A1            DEFB 1, 133, 1, 161, 1, 66, 1, 208, 1, 95, 1, 208, 1, 80, 1, 95, 1, 208, 1, 180, 3, 0
 38   006F 01 42 01 D0
 38   0073 01 5F 01 D0
 38   0077 01 50 01 5F
 38   007B 01 D0 01 B4
 38   007F 03 00
 39   0081 01 5A 01 14            DEFB 1, 90, 1, 20, 1, 36, 1, 23, 13, 255, 1, 232, 1, 2, 1, 135, 1, 11, 1, 65, 1, 5
 39   0085 01 24 01 17
 39   0089 0D FF 01 E8
 39   008D 01 02 01 87
 39   0091 01 0B 01 41
 39   0095 01 05
 40   0097 01 FD 01 00            DEFB 1, 253, 1, 0, 1, 80, 1, 5, 1, 208, 1, 160, 1, 43, 1, 109, 1, 168, 1, 10, 1, 20
 40   009B 01 50 01 05
 40   009F 01 D0 01 A0
 40   00A3 01 2B 01 6D
 40   00A7 01 A8 01 0A
 40   00AB 01 14
 41   00AD 01 01 01 7F            DEFB 1, 1, 1, 127, 12, 255, 1, 254, 1, 130, 1, 66, 1, 128, 1, 47, 1, 64, 1, 23, 1, 208
 41   00B1 0C FF 01 FE
 41   00B5 01 82 01 42
 41   00B9 01 80 01 2F
 41   00BD 01 40 01 17
 41   00C1 01 D0
 42   00C3 01 48 01 50            DEFB 1, 72, 1, 80, 1, 144, 1, 80, 1, 160, 1, 43, 1, 109, 1, 168, 1, 10, 1, 20, 1, 23
 42   00C7 01 90 01 50
 42   00CB 01 A0 01 2B
 42   00CF 01 6D 01 A8
 42   00D3 01 0A 01 14
 42   00D7 01 17
 43   00D9 0D FF 01 FA            DEFB 13, 255, 1, 250, 1, 11, 1, 66, 1, 138, 1, 130, 1, 69, 2, 65, 1, 104, 1, 80, 1, 189
 43   00DD 01 0B 01 42
 43   00E1 01 8A 01 82
 43   00E5 01 45 02 41
 43   00E9 01 68 01 50
 43   00ED 01 BD
 44   00EF 01 01 01 74            DEFB 1, 1, 1, 116, 3, 0, 1, 90, 1, 181, 1, 127, 14, 255, 1, 162, 1, 254, 1, 191, 1, 235
 44   00F3 03 00 01 5A
 44   00F7 01 B5 01 7F
 44   00FB 0E FF 01 A2
 44   00FF 01 FE 01 BF
 44   0103 01 EB
 45   0105 01 5F 01 F5            DEFB 1, 95, 1, 245, 1, 244, 1, 95, 2, 255, 1, 215, 1, 255, 1, 248, 1, 254, 1, 63, 1, 251
 45   0109 01 F4 01 5F
 45   010D 02 FF 01 D7
 45   0111 01 FF 01 F8
 45   0115 01 FE 01 3F
 45   0119 01 FB
 46   011B 01 F7 30 FF            DEFB 1, 247, 48, 255, 1, 254, 6, 255, 1, 223, 8, 255, 1, 245, 1, 127, 14, 255, 1, 234, 1, 132
 46   011F 01 FE 06 FF
 46   0123 01 DF 08 FF
 46   0127 01 F5 01 7F
 46   012B 0E FF 01 EA
 46   012F 01 84
 47   0131 01 8B 01 42            DEFB 1, 139, 1, 66, 1, 253, 1, 255, 1, 253, 1, 85, 1, 255, 1, 208, 1, 191, 1, 231, 1, 1
 47   0135 01 FD 01 FF
 47   0139 01 FD 01 55
 47   013D 01 FF 01 D0
 47   0141 01 BF 01 E7
 47   0145 01 01
 48   0147 01 CF 01 FA            DEFB 1, 207, 1, 250, 1, 20, 1, 36, 1, 23, 13, 255, 1, 254, 1, 130, 1, 133, 1, 161, 1, 66
 48   014B 01 14 01 24
 48   014F 01 17 0D FF
 48   0153 01 FE 01 82
 48   0157 01 85 01 A1
 48   015B 01 42
 49   015D 01 D0 01 5F            DEFB 1, 208, 1, 95, 1, 208, 1, 80, 1, 95, 1, 208, 1, 168, 3, 0, 1, 42, 1, 20, 1, 36
 49   0161 01 D0 01 50
 49   0165 01 5F 01 D0
 49   0169 01 A8 03 00
 49   016D 01 2A 01 14
 49   0171 01 24
 50   0173 01 17 0D FF            DEFB 1, 23, 13, 255, 1, 232, 1, 2, 1, 128, 1, 11, 1, 65, 1, 5, 1, 253, 1, 0, 1, 80
 50   0177 01 E8 01 02
 50   017B 01 80 01 0B
 50   017F 01 41 01 05
 50   0183 01 FD 01 00
 50   0187 01 50
 51   0189 01 05 01 D0            DEFB 1, 5, 1, 208, 1, 160, 1, 32, 1, 0, 1, 8, 1, 10, 1, 20, 1, 1, 1, 127, 12, 255
 51   018D 01 A0 01 20
 51   0191 01 00 01 08
 51   0195 01 0A 01 14
 51   0199 01 01 01 7F
 51   019D 0C FF
 52   019F 01 FE 01 82            DEFB 1, 254, 1, 130, 1, 66, 1, 128, 1, 47, 1, 64, 1, 23, 1, 208, 1, 72, 1, 80, 1, 144
 52   01A3 01 42 01 80
 52   01A7 01 2F 01 40
 52   01AB 01 17 01 D0
 52   01AF 01 48 01 50
 52   01B3 01 90
 53   01B5 01 50 01 A0            DEFB 1, 80, 1, 160, 1, 43, 1, 109, 1, 168, 1, 10, 1, 20, 1, 23, 13, 255, 1, 250, 1, 11
 53   01B9 01 2B 01 6D
 53   01BD 01 A8 01 0A
 53   01C1 01 14 01 17
 53   01C5 0D FF 01 FA
 53   01C9 01 0B
 54   01CB 01 42 01 8A            DEFB 1, 66, 1, 138, 1, 130, 1, 69, 2, 65, 1, 104, 1, 80, 1, 189, 1, 1, 1, 116, 3, 0
 54   01CF 01 82 01 45
 54   01D3 02 41 01 68
 54   01D7 01 50 01 BD
 54   01DB 01 01 01 74
 54   01DF 03 00
 55   01E1 01 5A 01 B5            DEFB 1, 90, 1, 181, 1, 127, 14, 255, 1, 162, 1, 254, 1, 191, 1, 235, 1, 95, 1, 245, 1, 244
 55   01E5 01 7F 0E FF
 55   01E9 01 A2 01 FE
 55   01ED 01 BF 01 EB
 55   01F1 01 5F 01 F5
 55   01F5 01 F4
 56   01F7 01 5F 02 FF            DEFB 1, 95, 2, 255, 1, 215, 2, 255, 1, 1, 1, 255, 1, 251, 1, 247, 6, 255, 1, 223, 41, 255
 56   01FB 01 D7 02 FF
 56   01FF 01 01 01 FF
 56   0203 01 FB 01 F7
 56   0207 06 FF 01 DF
 56   020B 29 FF
 57   020D 01 FC 01 FF            DEFB 1, 252, 1, 255, 1, 223, 4, 255, 1, 143, 8, 255, 1, 232, 1, 191, 8, 255, 1, 223, 5, 255
 57   0211 01 DF 04 FF
 57   0215 01 8F 08 FF
 57   0219 01 E8 01 BF
 57   021D 08 FF 01 DF
 57   0221 05 FF
 58   0223 01 D2 01 85            DEFB 1, 210, 1, 133, 1, 5, 1, 66, 1, 250, 1, 255, 1, 250, 1, 82, 1, 255, 1, 208, 1, 191
 58   0227 01 05 01 42
 58   022B 01 FA 01 FF
 58   022F 01 FA 01 52
 58   0233 01 FF 01 D0
 58   0237 01 BF
 59   0239 01 98 01 00            DEFB 1, 152, 1, 0, 1, 51, 1, 250, 1, 20, 1, 42, 1, 11, 13, 255, 1, 253, 1, 2, 1, 133
 59   023D 01 33 01 FA
 59   0241 01 14 01 2A
 59   0245 01 0B 0D FF
 59   0249 01 FD 01 02
 59   024D 01 85
 60   024F 01 41 01 42            DEFB 1, 65, 1, 66, 1, 160, 1, 191, 1, 160, 1, 80, 1, 47, 1, 208, 1, 168, 1, 0, 1, 254
 60   0253 01 A0 01 BF
 60   0257 01 A0 01 50
 60   025B 01 2F 01 D0
 60   025F 01 A8 01 00
 60   0263 01 FE
 61   0265 01 00 01 2A            DEFB 1, 0, 1, 42, 1, 20, 1, 40, 1, 47, 13, 255, 1, 208, 1, 2, 1, 128, 1, 23, 1, 64
 61   0269 01 14 01 28
 61   026D 01 2F 0D FF
 61   0271 01 D0 01 02
 61   0275 01 80 01 17
 61   0279 01 40
 62   027B 01 0B 01 FA            DEFB 1, 11, 1, 250, 1, 0, 1, 80, 1, 2, 1, 208, 1, 160, 1, 91, 1, 109, 1, 180, 1, 10
 62   027F 01 00 01 50
 62   0283 01 02 01 D0
 62   0287 01 A0 01 5B
 62   028B 01 6D 01 B4
 62   028F 01 0A
 63   0291 01 14 01 02            DEFB 1, 20, 1, 2, 13, 255, 1, 253, 1, 5, 1, 66, 1, 128, 1, 23, 1, 64, 1, 11, 1, 160
 63   0295 0D FF 01 FD
 63   0299 01 05 01 42
 63   029D 01 80 01 17
 63   02A1 01 40 01 0B
 63   02A5 01 A0
 64   02A7 01 A8 01 50            DEFB 1, 168, 1, 80, 1, 168, 1, 32, 1, 160, 1, 16, 1, 0, 1, 16, 1, 10, 1, 20, 1, 47
 64   02AB 01 A8 01 20
 64   02AF 01 A0 01 10
 64   02B3 01 00 01 10
 64   02B7 01 0A 01 14
 64   02BB 01 2F
 65   02BD 0D FF 01 FD            DEFB 13, 255, 1, 253, 1, 5, 1, 66, 1, 151, 1, 65, 1, 75, 2, 160, 1, 168, 1, 80, 1, 190
 65   02C1 01 05 01 42
 65   02C5 01 97 01 41
 65   02C9 01 4B 02 A0
 65   02CD 01 A8 01 50
 65   02D1 01 BE
 66   02D3 01 82 01 FA            DEFB 1, 130, 1, 250, 3, 0, 1, 187, 1, 118, 15, 255, 1, 213, 1, 254, 1, 127, 1, 247, 1, 63
 66   02D7 03 00 01 BB
 66   02DB 01 76 0F FF
 66   02DF 01 D5 01 FE
 66   02E3 01 7F 01 F7
 66   02E7 01 3F
 67   02E9 01 FB 01 FA            DEFB 1, 251, 1, 250, 1, 191, 2, 255, 1, 239, 30, 255, 1, 247, 23, 255, 1, 252, 1, 255, 1, 223
 67   02ED 01 BF 02 FF
 67   02F1 01 EF 1E FF
 67   02F5 01 F7 17 FF
 67   02F9 01 FC 01 FF
 67   02FD 01 DF
 68   02FF 04 FF 01 8F            DEFB 4, 255, 1, 143, 8, 255, 1, 232, 1, 191, 14, 255, 1, 210, 1, 133, 1, 5, 1, 66, 1, 250
 68   0303 08 FF 01 E8
 68   0307 01 BF 0E FF
 68   030B 01 D2 01 85
 68   030F 01 05 01 42
 68   0313 01 FA
 69   0315 01 FF 01 FA            DEFB 1, 255, 1, 250, 1, 82, 1, 255, 1, 208, 1, 191, 1, 96, 1, 0, 1, 13, 1, 250, 1, 20
 69   0319 01 52 01 FF
 69   031D 01 D0 01 BF
 69   0321 01 60 01 00
 69   0325 01 0D 01 FA
 69   0329 01 14
 70   032B 01 2A 01 0B            DEFB 1, 42, 1, 11, 13, 255, 1, 253, 1, 2, 1, 133, 1, 65, 1, 66, 1, 160, 1, 191, 1, 160
 70   032F 0D FF 01 FD
 70   0333 01 02 01 85
 70   0337 01 41 01 42
 70   033B 01 A0 01 BF
 70   033F 01 A0
 71   0341 01 50 01 2F            DEFB 1, 80, 1, 47, 1, 208, 1, 144, 1, 3, 1, 1, 1, 128, 1, 18, 1, 20, 1, 40, 1, 47
 71   0345 01 D0 01 90
 71   0349 01 03 01 01
 71   034D 01 80 01 12
 71   0351 01 14 01 28
 71   0355 01 2F
 72   0357 0D FF 01 D0            DEFB 13, 255, 1, 208, 1, 2, 1, 128, 1, 23, 1, 64, 1, 11, 1, 250, 1, 0, 1, 80, 1, 2
 72   035B 01 02 01 80
 72   035F 01 17 01 40
 72   0363 01 0B 01 FA
 72   0367 01 00 01 50
 72   036B 01 02
 73   036D 01 D0 01 A0            DEFB 1, 208, 1, 160, 1, 91, 1, 109, 1, 180, 1, 10, 1, 20, 1, 2, 13, 255, 1, 253, 1, 5
 73   0371 01 5B 01 6D
 73   0375 01 B4 01 0A
 73   0379 01 14 01 02
 73   037D 0D FF 01 FD
 73   0381 01 05
 74   0383 01 42 01 80            DEFB 1, 66, 1, 128, 1, 23, 1, 64, 1, 11, 1, 160, 1, 168, 1, 80, 1, 168, 1, 0, 1, 144
 74   0387 01 17 01 40
 74   038B 01 0B 01 A0
 74   038F 01 A8 01 50
 74   0393 01 A8 01 00
 74   0397 01 90
 75   0399 01 0B 01 6D            DEFB 1, 11, 1, 109, 1, 160, 1, 18, 1, 20, 1, 47, 13, 255, 1, 253, 1, 5, 1, 66, 1, 151
 75   039D 01 A0 01 12
 75   03A1 01 14 01 2F
 75   03A5 0D FF 01 FD
 75   03A9 01 05 01 42
 75   03AD 01 97
 76   03AF 01 41 01 4B            DEFB 1, 65, 1, 75, 2, 160, 1, 168, 1, 80, 1, 190, 1, 130, 1, 253, 2, 0, 1, 1, 1, 123
 76   03B3 02 A0 01 A8
 76   03B7 01 50 01 BE
 76   03BB 01 82 01 FD
 76   03BF 02 00 01 01
 76   03C3 01 7B
 77   03C5 01 76 05 FF            DEFB 1, 118, 5, 255, 1, 251, 9, 255, 1, 213, 1, 254, 1, 127, 1, 247, 1, 63, 1, 251, 1, 250
 77   03C9 01 FB 09 FF
 77   03CD 01 D5 01 FE
 77   03D1 01 7F 01 F7
 77   03D5 01 3F 01 FB
 77   03D9 01 FA
 78   03DB 01 BF 02 FF            DEFB 1, 191, 2, 255, 1, 239, 7, 255, 1, 239, 13, 255, 1, 223, 16, 255, 1, 253, 15, 255, 1, 250
 78   03DF 01 EF 07 FF
 78   03E3 01 EF 0D FF
 78   03E7 01 DF 10 FF
 78   03EB 01 FD 0F FF
 78   03EF 01 FA
 79   03F1 01 01 01 AF            DEFB 1, 1, 1, 175, 1, 0, 3, 255, 1, 87, 1, 255, 1, 192, 1, 63, 3, 255, 1, 248, 1, 0
 79   03F5 01 00 03 FF
 79   03F9 01 57 01 FF
 79   03FD 01 C0 01 3F
 79   0401 03 FF 01 F8
 79   0405 01 00
 80   0407 01 10 01 5F            DEFB 1, 16, 1, 95, 14, 255, 1, 162, 1, 132, 1, 130, 1, 66, 1, 245, 1, 127, 1, 244, 1, 81
 80   040B 0E FF 01 A2
 80   040F 01 84 01 82
 80   0413 01 42 01 F5
 80   0417 01 7F 01 F4
 80   041B 01 51
 81   041D 01 7F 01 D0            DEFB 1, 127, 1, 208, 1, 190, 1, 128, 1, 0, 1, 2, 1, 250, 1, 20, 1, 45, 1, 5, 10, 255
 81   0421 01 BE 01 80
 81   0425 01 00 01 02
 81   0429 01 FA 01 14
 81   042D 01 2D 01 05
 81   0431 0A FF
 82   0433 01 FE 02 FF            DEFB 1, 254, 2, 255, 1, 250, 1, 2, 1, 132, 1, 130, 1, 67, 1, 65, 1, 127, 1, 64, 1, 80
 82   0437 01 FA 01 02
 82   043B 01 84 01 82
 82   043F 01 43 01 41
 82   0443 01 7F 01 40
 82   0447 01 50
 83   0449 01 17 01 D0            DEFB 1, 23, 1, 208, 1, 144, 1, 4, 1, 108, 1, 64, 1, 18, 1, 20, 1, 48, 1, 95, 13, 255
 83   044D 01 90 01 04
 83   0451 01 6C 01 40
 83   0455 01 12 01 14
 83   0459 01 30 01 5F
 83   045D 0D FF
 84   045F 01 A0 01 02            DEFB 1, 160, 1, 2, 1, 128, 1, 47, 1, 64, 1, 23, 1, 244, 1, 0, 1, 80, 1, 1, 1, 80
 84   0463 01 80 01 2F
 84   0467 01 40 01 17
 84   046B 01 F4 01 00
 84   046F 01 50 01 01
 84   0473 01 50
 85   0475 01 A0 01 40            DEFB 1, 160, 1, 64, 1, 0, 1, 4, 1, 10, 1, 20, 1, 5, 13, 255, 1, 250, 1, 11, 1, 66
 85   0479 01 00 01 04
 85   047D 01 0A 01 14
 85   0481 01 05 0D FF
 85   0485 01 FA 01 0B
 85   0489 01 42
 86   048B 01 80 01 0B            DEFB 1, 128, 1, 11, 1, 65, 1, 5, 1, 65, 1, 104, 1, 80, 1, 180, 1, 0, 1, 144, 1, 4
 86   048F 01 41 01 05
 86   0493 01 41 01 68
 86   0497 01 50 01 B4
 86   049B 01 00 01 90
 86   049F 01 04
 87   04A1 01 6C 01 40            DEFB 1, 108, 1, 64, 1, 18, 1, 36, 1, 95, 13, 255, 1, 254, 1, 130, 1, 66, 1, 175, 1, 162
 87   04A5 01 12 01 24
 87   04A9 01 5F 0D FF
 87   04AD 01 FE 01 82
 87   04B1 01 42 01 AF
 87   04B5 01 A2
 88   04B7 01 57 01 D1            DEFB 1, 87, 1, 209, 1, 80, 1, 72, 1, 80, 1, 191, 1, 69, 1, 254, 1, 128, 1, 0, 1, 2
 88   04BB 01 50 01 48
 88   04BF 01 50 01 BF
 88   04C3 01 45 01 FE
 88   04C7 01 80 01 00
 88   04CB 01 02
 89   04CD 01 FA 01 F5            DEFB 1, 250, 1, 245, 12, 255, 1, 127, 2, 255, 1, 235, 1, 254, 2, 255, 1, 127, 1, 255, 1, 253
 89   04D1 0C FF 01 7F
 89   04D5 02 FF 01 EB
 89   04D9 01 FE 02 FF
 89   04DD 01 7F 01 FF
 89   04E1 01 FD
 90   04E3 01 7F 29 FF            DEFB 1, 127, 41, 255, 1, 253, 15, 255, 1, 250, 1, 253, 1, 175, 1, 126, 3, 255, 1, 87, 1, 255
 90   04E7 01 FD 0F FF
 90   04EB 01 FA 01 FD
 90   04EF 01 AF 01 7E
 90   04F3 03 FF 01 57
 90   04F7 01 FF
 91   04F9 01 DF 01 BF            DEFB 1, 223, 1, 191, 3, 255, 1, 251, 1, 247, 1, 240, 1, 95, 14, 255, 1, 162, 1, 132, 1, 130
 91   04FD 03 FF 01 FB
 91   0501 01 F7 01 F0
 91   0505 01 5F 0E FF
 91   0509 01 A2 01 84
 91   050D 01 82
 92   050F 01 42 01 F5            DEFB 1, 66, 1, 245, 1, 127, 1, 244, 1, 81, 1, 127, 1, 208, 1, 189, 2, 0, 1, 1, 1, 122
 92   0513 01 7F 01 F4
 92   0517 01 51 01 7F
 92   051B 01 D0 01 BD
 92   051F 02 00 01 01
 92   0523 01 7A
 93   0525 01 14 01 2D            DEFB 1, 20, 1, 45, 1, 5, 13, 255, 1, 250, 1, 2, 1, 132, 1, 130, 1, 67, 1, 65, 1, 127
 93   0529 01 05 0D FF
 93   052D 01 FA 01 02
 93   0531 01 84 01 82
 93   0535 01 43 01 41
 93   0539 01 7F
 94   053B 01 40 01 50            DEFB 1, 64, 1, 80, 1, 23, 1, 208, 1, 144, 1, 11, 1, 109, 1, 160, 1, 18, 1, 20, 1, 48
 94   053F 01 17 01 D0
 94   0543 01 90 01 0B
 94   0547 01 6D 01 A0
 94   054B 01 12 01 14
 94   054F 01 30
 95   0551 01 5F 0D FF            DEFB 1, 95, 13, 255, 1, 160, 1, 130, 1, 128, 1, 47, 1, 64, 1, 23, 1, 244, 1, 16, 1, 80
 95   0555 01 A0 01 82
 95   0559 01 80 01 2F
 95   055D 01 40 01 17
 95   0561 01 F4 01 10
 95   0565 01 50
 96   0567 01 41 01 50            DEFB 1, 65, 1, 80, 1, 160, 1, 91, 1, 109, 1, 180, 1, 10, 1, 20, 1, 5, 13, 255, 1, 250
 96   056B 01 A0 01 5B
 96   056F 01 6D 01 B4
 96   0573 01 0A 01 14
 96   0577 01 05 0D FF
 96   057B 01 FA
 97   057D 01 0B 01 42            DEFB 1, 11, 1, 66, 1, 128, 1, 11, 1, 65, 1, 5, 1, 65, 1, 104, 1, 80, 1, 180, 1, 0
 97   0581 01 80 01 0B
 97   0585 01 41 01 05
 97   0589 01 41 01 68
 97   058D 01 50 01 B4
 97   0591 01 00
 98   0593 01 90 01 03            DEFB 1, 144, 1, 3, 1, 1, 1, 128, 1, 18, 1, 36, 1, 95, 13, 255, 1, 254, 1, 130, 1, 66
 98   0597 01 01 01 80
 98   059B 01 12 01 24
 98   059F 01 5F 0D FF
 98   05A3 01 FE 01 82
 98   05A7 01 42
 99   05A9 01 AF 01 A2            DEFB 1, 175, 1, 162, 1, 87, 1, 209, 1, 80, 1, 72, 1, 80, 1, 191, 1, 69, 1, 255, 1, 96
 99   05AD 01 57 01 D1
 99   05B1 01 50 01 48
 99   05B5 01 50 01 BF
 99   05B9 01 45 01 FF
 99   05BD 01 60
100   05BF 01 00 01 0D            DEFB 1, 0, 1, 13, 1, 250, 1, 245, 15, 255, 1, 235, 1, 254, 2, 255, 1, 127, 1, 255, 1, 253
100   05C3 01 FA 01 F5
100   05C7 0F FF 01 EB
100   05CB 01 FE 02 FF
100   05CF 01 7F 01 FF
100   05D3 01 FD
101   05D5 01 7F 04 FF            DEFB 1, 127, 4, 255, 1, 254, 36, 255, 1, 250, 15, 255, 1, 246, 1, 133, 1, 87, 1, 66, 2, 255
101   05D9 01 FE 24 FF
101   05DD 01 FA 0F FF
101   05E1 01 F6 01 85
101   05E5 01 57 01 42
101   05E9 02 FF
102   05EB 01 FE 01 DB            DEFB 1, 254, 1, 219, 1, 255, 1, 208, 1, 191, 3, 255, 1, 250, 1, 20, 1, 40, 1, 47, 14, 255
102   05EF 01 FF 01 D0
102   05F3 01 BF 03 FF
102   05F7 01 FA 01 14
102   05FB 01 28 01 2F
102   05FF 0E FF
103   0601 01 42 01 85            DEFB 1, 66, 1, 133, 1, 65, 1, 66, 1, 232, 1, 191, 1, 232, 1, 80, 1, 191, 1, 208, 1, 186
103   0605 01 41 01 42
103   0609 01 E8 01 BF
103   060D 01 E8 01 50
103   0611 01 BF 01 D0
103   0615 01 BA
104   0617 03 00 01 BA            DEFB 3, 0, 1, 186, 1, 20, 1, 42, 1, 11, 13, 255, 1, 244, 1, 2, 1, 133, 1, 5, 1, 66
104   061B 01 14 01 2A
104   061F 01 0B 0D FF
104   0623 01 F4 01 02
104   0627 01 85 01 05
104   062B 01 42
105   062D 01 82 01 FE            DEFB 1, 130, 1, 254, 1, 128, 1, 80, 1, 11, 1, 208, 1, 160, 1, 16, 1, 0, 1, 16, 1, 10
105   0631 01 80 01 50
105   0635 01 0B 01 D0
105   0639 01 A0 01 10
105   063D 01 00 01 10
105   0641 01 0A
106   0643 01 14 01 00            DEFB 1, 20, 1, 0, 1, 191, 13, 255, 1, 65, 1, 66, 1, 128, 1, 95, 1, 64, 1, 47, 1, 232
106   0647 01 BF 0D FF
106   064B 01 41 01 42
106   064F 01 80 01 5F
106   0653 01 40 01 2F
106   0657 01 E8
107   0659 01 28 01 50            DEFB 1, 40, 1, 80, 1, 160, 1, 144, 1, 160, 1, 91, 1, 109, 1, 180, 1, 10, 1, 20, 1, 11
107   065D 01 A0 01 90
107   0661 01 A0 01 5B
107   0665 01 6D 01 B4
107   0669 01 0A 01 14
107   066D 01 0B
108   066F 0D FF 01 F4            DEFB 13, 255, 1, 244, 1, 23, 1, 66, 1, 130, 1, 5, 1, 66, 2, 130, 1, 232, 1, 80, 1, 186
108   0673 01 17 01 42
108   0677 01 82 01 05
108   067B 01 42 02 82
108   067F 01 E8 01 50
108   0683 01 BA
109   0685 01 00 01 A8            DEFB 1, 0, 1, 168, 1, 0, 1, 254, 1, 0, 1, 42, 1, 84, 1, 191, 14, 255, 1, 65, 1, 126
109   0689 01 00 01 FE
109   068D 01 00 01 2A
109   0691 01 54 01 BF
109   0695 0E FF 01 41
109   0699 01 7E
110   069B 01 DF 01 D5            DEFB 1, 223, 1, 213, 1, 111, 1, 234, 1, 232, 1, 47, 1, 223, 1, 191, 1, 171, 1, 255, 1, 152
110   069F 01 6F 01 EA
110   06A3 01 E8 01 2F
110   06A7 01 DF 01 BF
110   06AB 01 AB 01 FF
110   06AF 01 98
111   06B1 01 00 01 33            DEFB 1, 0, 1, 51, 1, 249, 1, 243, 15, 255, 1, 247, 5, 255, 1, 254, 18, 255, 1, 254, 23, 255
111   06B5 01 F9 01 F3
111   06B9 0F FF 01 F7
111   06BD 05 FF 01 FE
111   06C1 12 FF 01 FE
111   06C5 17 FF
112   06C7 01 FA 0F FF            DEFB 1, 250, 15, 255, 1, 246, 1, 133, 1, 87, 1, 66, 2, 255, 1, 254, 1, 219, 1, 255, 1, 208
112   06CB 01 F6 01 85
112   06CF 01 57 01 42
112   06D3 02 FF 01 FE
112   06D7 01 DB 01 FF
112   06DB 01 D0
113   06DD 01 BF 01 FF            DEFB 1, 191, 1, 255, 1, 1, 1, 255, 1, 250, 1, 20, 1, 40, 1, 47, 14, 255, 1, 66, 1, 133
113   06E1 01 01 01 FF
113   06E5 01 FA 01 14
113   06E9 01 28 01 2F
113   06ED 0E FF 01 42
113   06F1 01 85
114   06F3 01 41 01 42            DEFB 1, 65, 1, 66, 1, 232, 1, 191, 1, 232, 1, 80, 1, 191, 1, 208, 1, 180, 3, 0, 1, 90
114   06F7 01 E8 01 BF
114   06FB 01 E8 01 50
114   06FF 01 BF 01 D0
114   0703 01 B4 03 00
114   0707 01 5A
115   0709 01 14 01 2A            DEFB 1, 20, 1, 42, 1, 11, 13, 255, 1, 244, 1, 2, 1, 133, 1, 5, 1, 66, 1, 130, 1, 254
115   070D 01 0B 0D FF
115   0711 01 F4 01 02
115   0715 01 85 01 05
115   0719 01 42 01 82
115   071D 01 FE
116   071F 01 80 01 50            DEFB 1, 128, 1, 80, 1, 11, 1, 208, 1, 160, 1, 43, 1, 109, 1, 168, 1, 10, 1, 20, 1, 0
116   0723 01 0B 01 D0
116   0727 01 A0 01 2B
116   072B 01 6D 01 A8
116   072F 01 0A 01 14
116   0733 01 00
117   0735 01 BF 0D FF            DEFB 1, 191, 13, 255, 1, 65, 1, 66, 1, 128, 1, 95, 1, 64, 1, 47, 1, 232, 1, 40, 1, 80
117   0739 01 41 01 42
117   073D 01 80 01 5F
117   0741 01 40 01 2F
117   0745 01 E8 01 28
117   0749 01 50
118   074B 01 A0 01 90            DEFB 1, 160, 1, 144, 1, 160, 1, 32, 1, 0, 1, 8, 1, 10, 1, 20, 1, 11, 13, 255, 1, 244
118   074F 01 A0 01 20
118   0753 01 00 01 08
118   0757 01 0A 01 14
118   075B 01 0B 0D FF
118   075F 01 F4
119   0761 01 17 01 42            DEFB 1, 23, 1, 66, 1, 133, 1, 5, 1, 66, 2, 130, 1, 232, 1, 80, 1, 186, 1, 0, 1, 168
119   0765 01 85 01 05
119   0769 01 42 02 82
119   076D 01 E8 01 50
119   0771 01 BA 01 00
119   0775 01 A8
120   0777 03 00 01 2A            DEFB 3, 0, 1, 42, 1, 84, 1, 191, 14, 255, 1, 65, 1, 0, 1, 223, 1, 213, 1, 111, 1, 234
120   077B 01 54 01 BF
120   077F 0E FF 01 41
120   0783 01 00 01 DF
120   0787 01 D5 01 6F
120   078B 01 EA
121   078D 01 E8 01 20            DEFB 1, 232, 1, 32, 1, 0, 1, 63, 1, 171, 1, 255, 1, 231, 1, 1, 1, 207, 1, 249, 1, 243
121   0791 01 00 01 3F
121   0795 01 AB 01 FF
121   0799 01 E7 01 01
121   079D 01 CF 01 F9
121   07A1 01 F3
122   07A3 0F FF 01 F7            DEFB 15, 255, 1, 247, 4, 255, 1, 254, 61, 255, 1, 253, 1, 212, 1, 69, 1, 85, 1, 84, 1, 79
122   07A7 04 FF 01 FE
122   07AB 3D FF 01 FD
122   07AF 01 D4 01 45
122   07B3 01 55 01 54
122   07B7 01 4F
123   07B9 01 1B 01 D4            DEFB 1, 27, 1, 212, 1, 84, 1, 113, 1, 85, 1, 31, 22, 255, 1, 238, 1, 98, 1, 35, 1, 110
123   07BD 01 54 01 71
123   07C1 01 55 01 1F
123   07C5 16 FF 01 EE
123   07C9 01 62 01 23
123   07CD 01 6E
124   07CF 01 39 01 AE            DEFB 1, 57, 1, 174, 1, 106, 1, 185, 23, 255, 1, 253, 1, 84, 1, 68, 1, 113, 1, 93, 1, 68
124   07D3 01 6A 01 B9
124   07D7 17 FF 01 FD
124   07DB 01 54 01 44
124   07DF 01 71 01 5D
124   07E3 01 44
125   07E5 01 57 02 11            DEFB 1, 87, 2, 17, 1, 31, 53, 255, 1, 191, 1, 255, 1, 207, 1, 255, 1, 195, 1, 247, 2, 255
125   07E9 01 1F 35 FF
125   07ED 01 BF 01 FF
125   07F1 01 CF 01 FF
125   07F5 01 C3 01 F7
125   07F9 02 FF
126   07FB 01 1F 01 8F            DEFB 1, 31, 1, 143, 20, 255, 1, 252, 1, 63, 1, 255, 1, 170, 1, 189, 1, 255, 1, 198, 1, 0
126   07FF 14 FF 01 FC
126   0803 01 3F 01 FF
126   0807 01 AA 01 BD
126   080B 01 FF 01 C6
126   080F 01 00
127   0811 01 70 01 00            DEFB 1, 112, 1, 0, 1, 21, 1, 238, 1, 191, 17, 255, 1, 252, 1, 193, 1, 0, 1, 21, 1, 117
127   0815 01 15 01 EE
127   0819 01 BF 11 FF
127   081D 01 FC 01 C1
127   0821 01 00 01 15
127   0825 01 75
128   0827 01 7F 01 87            DEFB 1, 127, 1, 135, 1, 128, 1, 127, 1, 254, 1, 0, 1, 31, 1, 127, 1, 248, 1, 123, 1, 129
128   082B 01 80 01 7F
128   082F 01 FE 01 00
128   0833 01 1F 01 7F
128   0837 01 F8 01 7B
128   083B 01 81
129   083D 01 BD 55 FF            DEFB 1, 189, 85, 255, 1, 234, 1, 170, 1, 235, 1, 111, 1, 186, 1, 222, 1, 170, 1, 187, 23, 255
129   0841 01 EA 01 AA
129   0845 01 EB 01 6F
129   0849 01 BA 01 DE
129   084D 01 AA 01 BB
129   0851 17 FF
130   0853 01 FC 01 55            DEFB 1, 252, 1, 85, 1, 237, 1, 245, 1, 92, 1, 85, 1, 87, 1, 213, 1, 87, 1, 127, 55, 255
130   0857 01 ED 01 F5
130   085B 01 5C 01 55
130   085F 01 57 01 D5
130   0863 01 57 01 7F
130   0867 37 FF
131   0869 01 33 01 FE            DEFB 1, 51, 1, 254, 1, 60, 1, 27, 1, 255, 1, 252, 1, 224, 1, 115, 19, 255, 1, 127, 1, 243
131   086D 01 3C 01 1B
131   0871 01 FF 01 FC
131   0875 01 E0 01 73
131   0879 13 FF 01 7F
131   087D 01 F3
132   087F 01 C3 01 FF            DEFB 1, 195, 1, 255, 1, 181, 1, 87, 1, 255, 1, 248, 1, 0, 1, 96, 1, 0, 1, 42, 1, 242
132   0883 01 B5 01 57
132   0887 01 FF 01 F8
132   088B 01 00 01 60
132   088F 01 00 01 2A
132   0893 01 F2
133   0895 01 BF 11 FF            DEFB 1, 191, 17, 255, 1, 243, 1, 4, 1, 0, 1, 42, 1, 234, 1, 174, 1, 0, 1, 121, 1, 245
133   0899 01 F3 01 04
133   089D 01 00 01 2A
133   08A1 01 EA 01 AE
133   08A5 01 00 01 79
133   08A9 01 F5
134   08AB 01 55 01 80            DEFB 1, 85, 1, 128, 1, 1, 1, 255, 1, 224, 1, 7, 1, 5, 1, 221, 85, 255, 1, 226, 1, 170
134   08AF 01 01 01 FF
134   08B3 01 E0 01 07
134   08B7 01 05 01 DD
134   08BB 55 FF 01 E2
134   08BF 01 AA
135   08C1 01 EA 01 22            DEFB 1, 234, 1, 34, 1, 56, 1, 222, 1, 162, 1, 187, 23, 255, 1, 253, 1, 84, 1, 109, 1, 243
135   08C5 01 38 01 DE
135   08C9 01 A2 01 BB
135   08CD 17 FF 01 FD
135   08D1 01 54 01 6D
135   08D5 01 F3
136   08D7 01 5D 01 44            DEFB 1, 93, 1, 68, 1, 207, 1, 213, 1, 83, 1, 31, 10, 255, 1, 223, 19, 255, 1, 223, 23, 255
136   08DB 01 CF 01 D5
136   08DF 01 53 01 1F
136   08E3 0A FF 01 DF
136   08E7 13 FF 01 DF
136   08EB 17 FF
137   08ED 01 FC 01 CC            DEFB 1, 252, 1, 204, 1, 249, 1, 195, 1, 123, 1, 255, 1, 251, 1, 2, 1, 141, 20, 255, 1, 204
137   08F1 01 F9 01 C3
137   08F5 01 7B 01 FF
137   08F9 01 FB 01 02
137   08FD 01 8D 14 FF
137   0901 01 CC
138   0903 01 3D 01 FF            DEFB 1, 61, 1, 255, 1, 106, 1, 171, 1, 255, 1, 224, 1, 1, 1, 192, 1, 0, 1, 85, 1, 125
138   0907 01 6A 01 AB
138   090B 01 FF 01 E0
138   090F 01 01 01 C0
138   0913 01 00 01 55
138   0917 01 7D
139   0919 01 9F 11 FF            DEFB 1, 159, 17, 255, 1, 204, 1, 16, 1, 1, 1, 85, 1, 96, 1, 88, 1, 0, 1, 6, 1, 106
139   091D 01 CC 01 10
139   0921 01 01 01 55
139   0925 01 60 01 58
139   0929 01 00 01 06
139   092D 01 6A
140   092F 01 83 01 40            DEFB 1, 131, 1, 64, 1, 0, 1, 31, 1, 128, 1, 1, 1, 175, 1, 237, 78, 255, 1, 253, 37, 255
140   0933 01 00 01 1F
140   0937 01 80 01 01
140   093B 01 AF 01 ED
140   093F 4E FF 01 FD
140   0943 25 FF
141   0945 01 FD 01 57            DEFB 1, 253, 1, 87, 1, 109, 1, 245, 1, 189, 1, 85, 1, 87, 1, 85, 1, 87, 1, 223, 54, 255
141   0949 01 6D 01 F5
141   094D 01 BD 01 55
141   0951 01 57 01 55
141   0955 01 57 01 DF
141   0959 36 FF
142   095B 01 F3 01 03            DEFB 1, 243, 1, 3, 1, 38, 1, 5, 1, 187, 1, 192, 1, 4, 1, 0, 1, 114, 20, 255, 1, 48
142   095F 01 26 01 05
142   0963 01 BB 01 C0
142   0967 01 04 01 00
142   096B 01 72 14 FF
142   096F 01 30
143   0971 01 42 01 FF            DEFB 1, 66, 1, 255, 2, 85, 1, 127, 1, 128, 1, 6, 1, 128, 1, 0, 1, 170, 1, 254, 1, 111
143   0975 02 55 01 7F
143   0979 01 80 01 06
143   097D 01 80 01 00
143   0981 01 AA 01 FE
143   0985 01 6F
144   0987 11 FF 01 BF            DEFB 17, 255, 1, 191, 1, 192, 1, 10, 1, 171, 1, 224, 1, 96, 1, 0, 1, 4, 1, 52, 1, 15
144   098B 01 C0 01 0A
144   098F 01 AB 01 E0
144   0993 01 60 01 00
144   0997 01 04 01 34
144   099B 01 0F
145   099D 01 A0 03 00            DEFB 1, 160, 3, 0, 1, 7, 1, 223, 1, 237, 9, 255, 1, 253, 9, 255, 1, 252, 2, 68, 1, 69
145   09A1 01 07 01 DF
145   09A5 01 ED 09 FF
145   09A9 01 FD 09 FF
145   09AD 01 FC 02 44
145   09B1 01 45
146   09B3 01 54 01 4F            DEFB 1, 84, 1, 79, 1, 21, 1, 212, 1, 84, 1, 119, 1, 21, 1, 31, 18, 255, 1, 253, 66, 255
146   09B7 01 15 01 D4
146   09BB 01 54 01 77
146   09BF 01 15 01 1F
146   09C3 12 FF 01 FD
146   09C7 42 FF
147   09C9 01 FD 02 44            DEFB 1, 253, 2, 68, 1, 113, 1, 189, 1, 85, 1, 87, 1, 17, 1, 81, 1, 31, 45, 255, 1, 253
147   09CD 01 71 01 BD
147   09D1 01 55 01 57
147   09D5 01 11 01 51
147   09D9 01 1F 2D FF
147   09DD 01 FD
148   09DF 08 FF 01 EC            DEFB 8, 255, 1, 236, 1, 9, 1, 216, 1, 43, 1, 216, 1, 63, 1, 255, 1, 224, 1, 189, 1, 127
148   09E3 01 09 01 D8
148   09E7 01 2B 01 D8
148   09EB 01 3F 01 FF
148   09EF 01 E0 01 BD
148   09F3 01 7F
149   09F5 12 FF 01 FC            DEFB 18, 255, 1, 252, 1, 193, 1, 1, 1, 126, 2, 170, 1, 190, 1, 0, 1, 7, 1, 64, 1, 5
149   09F9 01 C1 01 01
149   09FD 01 7E 02 AA
149   0A01 01 BE 01 00
149   0A05 01 07 01 40
149   0A09 01 05
150   0A0B 01 55 01 FF            DEFB 1, 85, 1, 255, 1, 151, 17, 255, 1, 85, 1, 64, 2, 85, 1, 225, 1, 128, 1, 0, 1, 8
150   0A0F 01 97 11 FF
150   0A13 01 55 01 40
150   0A17 02 55 01 E1
150   0A1B 01 80 01 00
150   0A1F 01 08
151   0A21 01 0F 01 F7            DEFB 1, 15, 1, 247, 1, 208, 3, 0, 1, 31, 1, 231, 1, 45, 19, 255, 1, 253, 1, 85, 1, 93
151   0A25 01 D0 03 00
151   0A29 01 1F 01 E7
151   0A2D 01 2D 13 FF
151   0A31 01 FD 01 55
151   0A35 01 5D
152   0A37 01 54 01 45            DEFB 1, 84, 1, 69, 1, 215, 1, 85, 1, 198, 1, 213, 1, 247, 1, 81, 1, 95, 4, 255, 1, 223
152   0A3B 01 D7 01 55
152   0A3F 01 C6 01 D5
152   0A43 01 F7 01 51
152   0A47 01 5F 04 FF
152   0A4B 01 DF
153   0A4D 5C FF 01 7F            DEFB 92, 255, 1, 127, 51, 255, 1, 238, 1, 2, 1, 161, 1, 95, 1, 219, 1, 192, 1, 0, 1, 31
153   0A51 33 FF 01 EE
153   0A55 01 02 01 A1
153   0A59 01 5F 01 DB
153   0A5D 01 C0 01 00
153   0A61 01 1F
154   0A63 01 5D 01 7F            DEFB 1, 93, 1, 127, 5, 255, 1, 254, 12, 255, 1, 243, 1, 4, 1, 0, 1, 185, 1, 213, 1, 85
154   0A67 05 FF 01 FE
154   0A6B 0C FF 01 F3
154   0A6F 01 04 01 00
154   0A73 01 B9 01 D5
154   0A77 01 55
155   0A79 01 58 01 00            DEFB 1, 88, 1, 0, 1, 1, 1, 226, 1, 42, 1, 170, 1, 255, 1, 235, 1, 254, 1, 7, 14, 255
155   0A7D 01 01 01 E2
155   0A81 01 2A 01 AA
155   0A85 01 FF 01 EB
155   0A89 01 FE 01 07
155   0A8D 0E FF
156   0A8F 01 FE 01 AA            DEFB 1, 254, 1, 170, 1, 160, 1, 170, 1, 175, 1, 198, 2, 0, 1, 16, 1, 0, 1, 3, 1, 232
156   0A93 01 A0 01 AA
156   0A97 01 AF 01 C6
156   0A9B 02 00 01 10
156   0A9F 01 00 01 03
156   0AA3 01 E8
157   0AA5 03 00 01 7C            DEFB 3, 0, 1, 124, 1, 28, 1, 235, 19, 255, 1, 252, 1, 77, 1, 92, 1, 197, 1, 84, 1, 215
157   0AA9 01 1C 01 EB
157   0AAD 13 FF 01 FC
157   0AB1 01 4D 01 5C
157   0AB5 01 C5 01 54
157   0AB9 01 D7
158   0ABB 01 35 01 D6            DEFB 1, 53, 1, 214, 1, 204, 1, 247, 1, 21, 1, 63, 22, 255, 1, 226, 1, 34, 1, 42, 1, 34
158   0ABF 01 CC 01 F7
158   0AC3 01 15 01 3F
158   0AC7 16 FF 01 E2
158   0ACB 01 22 01 2A
158   0ACF 01 22
159   0AD1 01 38 01 AE            DEFB 1, 56, 1, 174, 1, 34, 1, 56, 22, 255, 1, 127, 82, 255, 1, 254, 13, 255, 1, 219, 1, 149
159   0AD5 01 22 01 38
159   0AD9 16 FF 01 7F
159   0ADD 52 FF 01 FE
159   0AE1 0D FF 01 DB
159   0AE5 01 95
160   0AE7 01 5C 01 FE            DEFB 1, 92, 1, 254, 1, 124, 3, 0, 1, 254, 1, 191, 10, 255, 1, 247, 7, 255, 1, 204, 1, 16
160   0AEB 01 7C 03 00
160   0AEF 01 FE 01 BF
160   0AF3 0A FF 01 F7
160   0AF7 07 FF 01 CC
160   0AFB 01 10
161   0AFD 01 01 01 47            DEFB 1, 1, 1, 71, 1, 250, 1, 170, 1, 224, 2, 0, 1, 31, 1, 85, 1, 87, 1, 255, 1, 245
161   0B01 01 FA 01 AA
161   0B05 01 E0 02 00
161   0B09 01 1F 01 55
161   0B0D 01 57 01 FF
161   0B11 01 F5
162   0B13 01 81 01 FB            DEFB 1, 129, 1, 251, 14, 255, 1, 253, 3, 85, 1, 95, 1, 216, 2, 0, 1, 16, 1, 33, 1, 229
162   0B17 0E FF 01 FD
162   0B1B 03 55 01 5F
162   0B1F 01 D8 02 00
162   0B23 01 10 01 21
162   0B27 01 E5
163   0B29 01 E8 02 00            DEFB 1, 232, 2, 0, 1, 1, 1, 128, 1, 243, 1, 55, 19, 255, 1, 253, 1, 213, 3, 85, 1, 215
163   0B2D 01 01 01 80
163   0B31 01 F3 01 37
163   0B35 13 FF 01 FD
163   0B39 01 D5 03 55
163   0B3D 01 D7
164   0B3F 01 5B 01 D6            DEFB 1, 91, 1, 214, 1, 213, 1, 247, 1, 85, 1, 95, 13, 255, 1, 127, 8, 255, 1, 238, 1, 170
164   0B43 01 D5 01 F7
164   0B47 01 55 01 5F
164   0B4B 0D FF 01 7F
164   0B4F 08 FF 01 EE
164   0B53 01 AA
165   0B55 01 AB 01 6E            DEFB 1, 171, 1, 110, 1, 250, 1, 174, 1, 170, 1, 187, 36, 255, 1, 223, 26, 255, 1, 223, 26, 255
165   0B59 01 FA 01 AE
165   0B5D 01 AA 01 BB
165   0B61 24 FF 01 DF
165   0B65 1A FF 01 DF
165   0B69 1A FF
166   0B6B 01 FC 01 0F            DEFB 1, 252, 1, 15, 2, 255, 1, 224, 1, 127, 23, 255, 1, 213, 1, 106, 1, 191, 1, 57, 1, 135
166   0B6F 02 FF 01 E0
166   0B73 01 7F 17 FF
166   0B77 01 D5 01 6A
166   0B7B 01 BF 01 39
166   0B7F 01 87
167   0B81 01 80 01 00            DEFB 1, 128, 1, 0, 1, 47, 1, 30, 1, 191, 18, 255, 1, 48, 1, 64, 1, 2, 1, 191, 1, 255
167   0B85 01 2F 01 1E
167   0B89 01 BF 12 FF
167   0B8D 01 30 01 40
167   0B91 01 02 01 BF
167   0B95 01 FF
168   0B97 01 7D 01 80            DEFB 1, 125, 1, 128, 1, 15, 1, 248, 1, 1, 1, 234, 1, 175, 1, 255, 1, 244, 1, 126, 1, 5
168   0B9B 01 0F 01 F8
168   0B9F 01 01 01 EA
168   0BA3 01 AF 01 FF
168   0BA7 01 F4 01 7E
168   0BAB 01 05
169   0BAD 0E FF 01 FA            DEFB 14, 255, 1, 250, 1, 170, 1, 174, 1, 170, 1, 255, 1, 224, 2, 0, 1, 16, 1, 65, 1, 226
169   0BB1 01 AA 01 AE
169   0BB5 01 AA 01 FF
169   0BB9 01 E0 02 00
169   0BBD 01 10 01 41
169   0BC1 01 E2
170   0BC3 01 F4 02 00            DEFB 1, 244, 2, 0, 1, 6, 1, 31, 1, 180, 1, 119, 14, 255, 1, 251, 1, 117, 1, 87, 1, 221
170   0BC7 01 06 01 1F
170   0BCB 01 B4 01 77
170   0BCF 0E FF 01 FB
170   0BD3 01 75 01 57
170   0BD7 01 DD
171   0BD9 01 FF 01 80            DEFB 1, 255, 1, 128, 2, 0, 1, 8, 1, 129, 1, 165, 1, 247, 1, 128, 1, 0, 1, 31, 1, 245
171   0BDD 02 00 01 08
171   0BE1 01 81 01 A5
171   0BE5 01 F7 01 80
171   0BE9 01 00 01 1F
171   0BED 01 F5
172   0BEF 01 75 01 97            DEFB 1, 117, 1, 151, 14, 255, 1, 60, 1, 67, 1, 215, 1, 250, 1, 181, 1, 127, 1, 171, 1, 192
172   0BF3 0E FF 01 3C
172   0BF7 01 43 01 D7
172   0BFB 01 FA 01 B5
172   0BFF 01 7F 01 AB
172   0C03 01 C0
173   0C05 05 00 01 06            DEFB 5, 0, 1, 6, 1, 8, 1, 85, 1, 95, 1, 251, 1, 255, 1, 225, 1, 246, 1, 34, 1, 63
173   0C09 01 08 01 55
173   0C0D 01 5F 01 FB
173   0C11 01 FF 01 E1
173   0C15 01 F6 01 22
173   0C19 01 3F
174   0C1B 02 FF 01 F3            DEFB 2, 255, 1, 243, 1, 191, 4, 255, 1, 189, 1, 204, 1, 159, 1, 215, 1, 234, 1, 175, 1, 254
174   0C1F 01 BF 04 FF
174   0C23 01 BD 01 CC
174   0C27 01 9F 01 D7
174   0C2B 01 EA 01 AF
174   0C2F 01 FE
175   0C31 03 AA 01 AE            DEFB 3, 170, 1, 174, 1, 248, 1, 7, 1, 252, 1, 0, 1, 170, 1, 191, 1, 249, 1, 142, 5, 255
175   0C35 01 F8 01 07
175   0C39 01 FC 01 00
175   0C3D 01 AA 01 BF
175   0C41 01 F9 01 8E
175   0C45 05 FF
176   0C47 01 F7 01 C1            DEFB 1, 247, 1, 193, 1, 197, 1, 175, 4, 255, 1, 185, 1, 251, 1, 191, 1, 95, 1, 170, 1, 171
176   0C4B 01 C5 01 AF
176   0C4F 04 FF 01 B9
176   0C53 01 FB 01 BF
176   0C57 01 5F 01 AA
176   0C5B 01 AB
177   0C5D 01 C3 01 55            DEFB 1, 195, 1, 85, 1, 127, 1, 248, 1, 63, 1, 171, 1, 128, 1, 31, 1, 127, 1, 254, 1, 126
177   0C61 01 7F 01 F8
177   0C65 01 3F 01 AB
177   0C69 01 80 01 1F
177   0C6D 01 7F 01 FE
177   0C71 01 7E
178   0C73 01 FD 01 FF            DEFB 1, 253, 1, 255, 1, 187, 2, 255, 1, 243, 1, 128, 1, 28, 1, 1, 1, 187, 6, 255, 1, 251
178   0C77 01 BB 02 FF
178   0C7B 01 F3 01 80
178   0C7F 01 1C 01 01
178   0C83 01 BB 06 FF
178   0C87 01 FB
179   0C89 01 FD 01 DF            DEFB 1, 253, 1, 223, 1, 252, 1, 61, 1, 171, 1, 232, 1, 47, 1, 127, 1, 234, 1, 197, 1, 101
179   0C8D 01 FC 01 3D
179   0C91 01 AB 01 E8
179   0C95 01 2F 01 7F
179   0C99 01 EA 01 C5
179   0C9D 01 65
180   0C9F 01 7D 01 7A            DEFB 1, 125, 1, 122, 1, 175, 1, 255, 1, 207, 1, 255, 1, 251, 1, 3, 1, 28, 1, 0, 1, 135
180   0CA3 01 AF 01 FF
180   0CA7 01 CF 01 FF
180   0CAB 01 FB 01 03
180   0CAF 01 1C 01 00
180   0CB3 01 87
181   0CB5 01 03 01 BF            DEFB 1, 3, 1, 191, 1, 223, 2, 255, 1, 223, 8, 255, 1, 248, 1, 122, 1, 190, 1, 125, 1, 170
181   0CB9 01 DF 02 FF
181   0CBD 01 DF 08 FF
181   0CC1 01 F8 01 7A
181   0CC5 01 BE 01 7D
181   0CC9 01 AA
182   0CCB 01 AC 01 5E            DEFB 1, 172, 1, 94, 1, 29, 1, 247, 1, 255, 1, 191, 3, 255, 1, 189, 1, 192, 1, 28, 1, 17
182   0CCF 01 1D 01 F7
182   0CD3 01 FF 01 BF
182   0CD7 03 FF 01 BD
182   0CDB 01 C0 01 1C
182   0CDF 01 11
183   0CE1 01 BE 11 FF            DEFB 1, 190, 17, 255, 1, 253, 1, 182, 1, 62, 1, 85, 1, 231, 5, 255, 1, 254, 1, 253, 1, 193
183   0CE5 01 FD 01 B6
183   0CE9 01 3E 01 55
183   0CED 01 E7 05 FF
183   0CF1 01 FE 01 FD
183   0CF5 01 C1
184   0CF7 01 BE 04 FF            DEFB 1, 190, 4, 255, 1, 60, 10, 0, 5, 255, 1, 224, 1, 127, 7, 255, 1, 254, 1, 238, 10, 255
184   0CFB 01 3C 0A 00
184   0CFF 05 FF 01 E0
184   0D03 01 7F 07 FF
184   0D07 01 FE 01 EE
184   0D0B 0A FF
185   0D0D 01 F7 01 8F            DEFB 1, 247, 1, 143, 1, 171, 1, 255, 1, 254, 3, 0, 1, 4, 1, 1, 1, 162, 1, 255, 1, 248
185   0D11 01 AB 01 FF
185   0D15 01 FE 03 00
185   0D19 01 04 01 01
185   0D1D 01 A2 01 FF
185   0D21 01 F8
186   0D23 01 00 01 7E            DEFB 1, 0, 1, 126, 1, 170, 1, 190, 1, 119, 13, 255, 1, 252, 1, 194, 1, 77, 1, 235, 1, 245
186   0D27 01 AA 01 BE
186   0D2B 01 77 0D FF
186   0D2F 01 FC 01 C2
186   0D33 01 4D 01 EB
186   0D37 01 F5
187   0D39 01 55 01 7F            DEFB 1, 85, 1, 127, 1, 85, 1, 124, 5, 0, 1, 24, 1, 32, 1, 42, 1, 175, 1, 253, 1, 255
187   0D3D 01 55 01 7C
187   0D41 05 00 01 18
187   0D45 01 20 01 2A
187   0D49 01 AF 01 FD
187   0D4D 01 FF
188   0D4F 01 DE 01 E6            DEFB 1, 222, 1, 230, 1, 170, 1, 191, 2, 255, 1, 204, 1, 95, 4, 255, 1, 219, 1, 131, 1, 127
188   0D53 01 AA 01 BF
188   0D57 02 FF 01 CC
188   0D5B 01 5F 04 FF
188   0D5F 01 DB 01 83
188   0D63 01 7F
189   0D65 01 AF 01 D5            DEFB 1, 175, 1, 213, 1, 87, 1, 253, 1, 87, 1, 117, 1, 85, 1, 110, 1, 248, 1, 26, 1, 170
189   0D69 01 57 01 FD
189   0D6D 01 57 01 75
189   0D71 01 55 01 6E
189   0D75 01 F8 01 1A
189   0D79 01 AA
190   0D7B 01 01 01 55            DEFB 1, 1, 1, 85, 1, 255, 1, 250, 1, 46, 5, 255, 1, 204, 1, 224, 1, 227, 1, 111, 4, 255
190   0D7F 01 FF 01 FA
190   0D83 01 2E 05 FF
190   0D87 01 CC 01 E0
190   0D8B 01 E3 01 6F
190   0D8F 04 FF
191   0D91 01 B9 01 E3            DEFB 1, 185, 1, 227, 1, 248, 1, 191, 1, 85, 1, 87, 1, 131, 1, 234, 1, 175, 1, 240, 1, 255
191   0D95 01 F8 01 BF
191   0D99 01 55 01 57
191   0D9D 01 83 01 EA
191   0DA1 01 AF 01 F0
191   0DA5 01 FF
192   0DA7 01 D7 01 00            DEFB 1, 215, 1, 0, 1, 126, 1, 191, 1, 249, 2, 253, 1, 255, 1, 127, 2, 255, 1, 207, 1, 131
192   0DAB 01 7E 01 BF
192   0DAF 01 F9 02 FD
192   0DB3 01 FF 01 7F
192   0DB7 02 FF 01 CF
192   0DBB 01 83
193   0DBD 01 0E 01 00            DEFB 1, 14, 1, 0, 1, 247, 6, 255, 1, 253, 1, 251, 1, 63, 1, 255, 1, 193, 1, 87, 1, 213
193   0DC1 01 F7 06 FF
193   0DC5 01 FD 01 FB
193   0DC9 01 3F 01 FF
193   0DCD 01 C1 01 57
193   0DD1 01 D5
194   0DD3 02 7F 01 D5            DEFB 2, 127, 1, 213, 1, 235, 1, 237, 1, 254, 1, 250, 1, 191, 1, 255, 1, 63, 1, 255, 1, 250
194   0DD7 01 EB 01 ED
194   0DDB 01 FE 01 FA
194   0DDF 01 BF 01 FF
194   0DE3 01 3F 01 FF
194   0DE7 01 FA
195   0DE9 01 FC 01 0E            DEFB 1, 252, 1, 14, 1, 0, 1, 67, 1, 131, 1, 127, 1, 191, 12, 255, 1, 135, 1, 217, 1, 253
195   0DED 01 00 01 43
195   0DF1 01 83 01 7F
195   0DF5 01 BF 0C FF
195   0DF9 01 87 01 D9
195   0DFD 01 FD
196   0DFF 01 F5 01 70            DEFB 1, 245, 1, 112, 1, 216, 1, 122, 1, 239, 1, 255, 1, 191, 3, 255, 1, 190, 1, 224, 1, 14
196   0E03 01 D8 01 7A
196   0E07 01 EF 01 FF
196   0E0B 01 BF 03 FF
196   0E0F 01 BE 01 E0
196   0E13 01 0E
197   0E15 01 0B 01 7D            DEFB 1, 11, 1, 125, 17, 255, 1, 254, 1, 203, 1, 185, 1, 235, 1, 223, 6, 255, 1, 126, 1, 227
197   0E19 11 FF 01 FE
197   0E1D 01 CB 01 B9
197   0E21 01 EB 01 DF
197   0E25 06 FF 01 7E
197   0E29 01 E3
198   0E2B 01 7D 04 FF            DEFB 1, 125, 4, 255, 1, 66, 1, 24, 2, 60, 1, 126, 1, 0, 1, 254, 1, 60, 1, 62, 1, 254
198   0E2F 01 42 01 18
198   0E33 02 3C 01 7E
198   0E37 01 00 01 FE
198   0E3B 01 3C 01 3E
198   0E3F 01 FE
199   0E41 01 3C 0F FF            DEFB 1, 60, 15, 255, 1, 109, 10, 255, 1, 246, 1, 0, 1, 247, 1, 255, 1, 248, 1, 112, 2, 0
199   0E45 01 6D 0A FF
199   0E49 01 F6 01 00
199   0E4D 01 F7 01 FF
199   0E51 01 F8 01 70
199   0E55 02 00
200   0E57 01 03 01 01            DEFB 1, 3, 1, 1, 1, 229, 1, 255, 1, 239, 1, 129, 1, 213, 1, 85, 1, 89, 1, 151, 13, 255
200   0E5B 01 E5 01 FF
200   0E5F 01 EF 01 81
200   0E63 01 D5 01 55
200   0E67 01 59 01 97
200   0E6B 0D FF
201   0E6D 01 F3 01 0A            DEFB 1, 243, 1, 10, 1, 117, 1, 215, 1, 234, 1, 183, 1, 126, 1, 170, 1, 171, 1, 192, 4, 0
201   0E71 01 75 01 D7
201   0E75 01 EA 01 B7
201   0E79 01 7E 01 AA
201   0E7D 01 AB 01 C0
201   0E81 04 00
202   0E83 01 60 01 80            DEFB 1, 96, 1, 128, 1, 21, 1, 95, 1, 253, 1, 255, 1, 210, 1, 246, 1, 171, 1, 191, 1, 254
202   0E87 01 15 01 5F
202   0E8B 01 FD 01 FF
202   0E8F 01 D2 01 F6
202   0E93 01 AB 01 BF
202   0E97 01 FE
203   0E99 01 3F 01 33            DEFB 1, 63, 1, 51, 1, 95, 4, 255, 1, 236, 1, 185, 1, 249, 1, 215, 2, 170, 1, 250, 1, 168
203   0E9D 01 5F 04 FF
203   0EA1 01 EC 01 B9
203   0EA5 01 F9 01 D7
203   0EA9 02 AA 01 FA
203   0EAD 01 A8
204   0EAF 01 0F 02 AA            DEFB 1, 15, 2, 170, 1, 248, 1, 53, 1, 85, 1, 10, 1, 171, 1, 255, 1, 154, 1, 190, 5, 255
204   0EB3 01 F8 01 35
204   0EB7 01 55 01 0A
204   0EBB 01 AB 01 FF
204   0EBF 01 9A 01 BE
204   0EC3 05 FF
205   0EC5 01 30 01 70            DEFB 1, 48, 1, 112, 1, 118, 1, 223, 4, 255, 1, 189, 1, 131, 1, 231, 1, 94, 1, 170, 1, 171
205   0EC9 01 76 01 DF
205   0ECD 04 FF 01 BD
205   0ED1 01 83 01 E7
205   0ED5 01 5E 01 AA
205   0ED9 01 AB
206   0EDB 01 C0 01 3D            DEFB 1, 192, 1, 61, 1, 87, 1, 195, 1, 255, 1, 170, 1, 241, 1, 255, 1, 127, 1, 231, 1, 253
206   0EDF 01 57 01 C3
206   0EE3 01 FF 01 AA
206   0EE7 01 F1 01 FF
206   0EEB 01 7F 01 E7
206   0EEF 01 FD
207   0EF1 01 FF 01 FC            DEFB 1, 255, 1, 252, 1, 255, 1, 3, 1, 255, 1, 49, 1, 193, 1, 135, 1, 4, 1, 111, 6, 255
207   0EF5 01 FF 01 03
207   0EF9 01 FF 01 31
207   0EFD 01 C1 01 87
207   0F01 01 04 01 6F
207   0F05 06 FF
208   0F07 01 FE 01 7C            DEFB 1, 254, 1, 124, 2, 255, 1, 250, 1, 171, 1, 170, 1, 239, 1, 127, 1, 235, 1, 215, 1, 239
208   0F0B 02 FF 01 FA
208   0F0F 01 AB 01 AA
208   0F13 01 EF 01 7F
208   0F17 01 EB 01 D7
208   0F1B 01 EF
209   0F1D 01 E5 01 7A            DEFB 1, 229, 1, 122, 1, 252, 1, 124, 2, 255, 1, 251, 1, 40, 1, 7, 1, 4, 1, 33, 1, 198
209   0F21 01 FC 01 7C
209   0F25 02 FF 01 FB
209   0F29 01 28 01 07
209   0F2D 01 04 01 21
209   0F31 01 C6
210   0F33 01 FE 01 7F            DEFB 1, 254, 1, 127, 4, 255, 1, 247, 7, 255, 1, 248, 1, 103, 1, 254, 1, 30, 1, 197, 1, 89
210   0F37 04 FF 01 F7
210   0F3B 07 FF 01 F8
210   0F3F 01 67 01 FE
210   0F43 01 1E 01 C5
210   0F47 01 59
211   0F49 01 B5 01 EF            DEFB 1, 181, 1, 239, 1, 254, 1, 127, 3, 255, 1, 191, 1, 112, 1, 7, 1, 6, 1, 251, 18, 255
211   0F4D 01 FE 01 7F
211   0F51 03 FF 01 BF
211   0F55 01 70 01 07
211   0F59 01 06 01 FB
211   0F5D 12 FF
212   0F5F 01 3A 01 67            DEFB 1, 58, 1, 103, 1, 215, 1, 63, 6, 255, 1, 191, 1, 126, 1, 251, 4, 255, 1, 90, 1, 40
212   0F63 01 D7 01 3F
212   0F67 06 FF 01 BF
212   0F6B 01 7E 01 FB
212   0F6F 04 FF 01 5A
212   0F73 01 28
213   0F75 02 42 01 02            DEFB 2, 66, 1, 2, 1, 0, 1, 16, 1, 66, 1, 8, 1, 16, 1, 66, 15, 255, 1, 171, 10, 255
213   0F79 01 00 01 10
213   0F7D 01 42 01 08
213   0F81 01 10 01 42
213   0F85 0F FF 01 AB
213   0F89 0A FF
214   0F8B 01 E8 01 01            DEFB 1, 232, 1, 1, 1, 235, 1, 255, 1, 225, 1, 136, 3, 0, 1, 240, 1, 7, 1, 255, 1, 212
214   0F8F 01 EB 01 FF
214   0F93 01 E1 01 88
214   0F97 03 00 01 F0
214   0F9B 01 07 01 FF
214   0F9F 01 D4
215   0FA1 01 7E 02 AA            DEFB 1, 126, 2, 170, 1, 186, 1, 59, 13, 255, 1, 236, 1, 22, 1, 87, 1, 235, 1, 245, 1, 88
215   0FA5 01 BA 01 3B
215   0FA9 0D FF 01 EC
215   0FAD 01 16 01 57
215   0FB1 01 EB 01 F5
215   0FB5 01 58
216   0FB7 01 FF 02 55            DEFB 1, 255, 2, 85, 1, 124, 3, 0, 1, 1, 1, 130, 1, 0, 1, 31, 1, 255, 1, 253, 1, 255
216   0FBB 01 7C 03 00
216   0FBF 01 01 01 82
216   0FC3 01 00 01 1F
216   0FC7 01 FF 01 FD
216   0FCB 01 FF
217   0FCD 01 D6 01 F6            DEFB 1, 214, 1, 246, 1, 35, 1, 191, 1, 253, 1, 220, 1, 216, 1, 175, 4, 255, 1, 240, 1, 197
217   0FD1 01 23 01 BF
217   0FD5 01 FD 01 DC
217   0FD9 01 D8 01 AF
217   0FDD 04 FF 01 F0
217   0FE1 01 C5
218   0FE3 01 E1 01 AF            DEFB 1, 225, 1, 175, 1, 213, 1, 85, 1, 253, 1, 112, 1, 0, 1, 253, 1, 106, 1, 245, 1, 106
218   0FE7 01 D5 01 55
218   0FEB 01 FD 01 70
218   0FEF 01 00 01 FD
218   0FF3 01 6A 01 F5
218   0FF7 01 6A
219   0FF9 01 AA 01 D5            DEFB 1, 170, 1, 213, 1, 87, 1, 254, 1, 122, 1, 243, 1, 127, 3, 255, 1, 252, 1, 192, 1, 56
219   0FFD 01 57 01 FE
219   1001 01 7A 01 F3
219   1005 01 7F 03 FF
219   1009 01 FC 01 C0
219   100D 01 38
220   100F 01 3D 01 DF            DEFB 1, 61, 1, 223, 1, 239, 3, 255, 1, 219, 1, 99, 1, 158, 1, 191, 1, 85, 1, 87, 1, 252
220   1013 01 EF 03 FF
220   1017 01 DB 01 63
220   101B 01 9E 01 BF
220   101F 01 55 01 57
220   1023 01 FC
221   1025 01 03 01 EF            DEFB 1, 3, 1, 239, 1, 15, 1, 255, 1, 84, 1, 15, 1, 206, 1, 191, 1, 159, 1, 253, 1, 255
221   1029 01 0F 01 FF
221   102D 01 54 01 0F
221   1031 01 CE 01 BF
221   1035 01 9F 01 FD
221   1039 01 FF
222   103B 01 F3 01 FE            DEFB 1, 243, 1, 254, 1, 253, 1, 252, 1, 208, 1, 224, 1, 195, 1, 204, 1, 95, 7, 255, 1, 131
222   103F 01 FD 01 FC
222   1043 01 D0 01 E0
222   1047 01 C3 01 CC
222   104B 01 5F 07 FF
222   104F 01 83
223   1051 02 FF 01 FB            DEFB 2, 255, 1, 251, 1, 87, 1, 213, 1, 126, 1, 255, 1, 215, 1, 159, 1, 207, 1, 158, 1, 247
223   1055 01 57 01 D5
223   1059 01 7E 01 FF
223   105D 01 D7 01 9F
223   1061 01 CF 01 9E
223   1065 01 F7
224   1067 01 F1 01 D3            DEFB 1, 241, 1, 211, 2, 255, 1, 253, 1, 248, 1, 3, 1, 130, 1, 16, 1, 253, 1, 241, 14, 255
224   106B 02 FF 01 FD
224   106F 01 F8 01 03
224   1073 01 82 01 10
224   1077 01 FD 01 F1
224   107B 0E FF
225   107D 01 9F 01 FF            DEFB 1, 159, 1, 255, 1, 225, 1, 234, 1, 222, 1, 187, 1, 239, 1, 249, 4, 255, 1, 223, 1, 184
225   1081 01 E1 01 EA
225   1085 01 DE 01 BB
225   1089 01 EF 01 F9
225   108D 04 FF 01 DF
225   1091 01 B8
226   1093 01 03 01 8D            DEFB 1, 3, 1, 141, 1, 247, 18, 255, 1, 251, 1, 159, 1, 238, 7, 255, 1, 223, 1, 189, 1, 247
226   1097 01 F7 12 FF
226   109B 01 FB 01 9F
226   109F 01 EE 07 FF
226   10A3 01 DF 01 BD
226   10A7 01 F7
227   10A9 04 FF 01 52            DEFB 4, 255, 1, 82, 1, 8, 1, 66, 1, 60, 1, 4, 1, 0, 1, 16, 1, 66, 1, 8, 1, 16
227   10AD 01 08 01 42
227   10B1 01 3C 01 04
227   10B5 01 00 01 10
227   10B9 01 42 01 08
227   10BD 01 10
228   10BF 01 42 05 FF            DEFB 1, 66, 5, 255, 1, 247, 9, 255, 1, 215, 10, 255, 1, 208, 1, 7, 1, 245, 1, 255, 1, 135
228   10C3 01 F7 09 FF
228   10C7 01 D7 0A FF
228   10CB 01 D0 01 07
228   10CF 01 F5 01 FF
228   10D3 01 87
229   10D5 01 0C 03 00            DEFB 1, 12, 3, 0, 1, 15, 1, 255, 1, 254, 1, 170, 1, 7, 1, 213, 1, 85, 1, 90, 1, 187
229   10D9 01 0F 01 FF
229   10DD 01 FE 01 AA
229   10E1 01 07 01 D5
229   10E5 01 55 01 5A
229   10E9 01 BB
230   10EB 0B FF 01 7F            DEFB 11, 255, 1, 127, 1, 255, 1, 222, 1, 174, 1, 223, 1, 215, 1, 234, 1, 175, 1, 254, 2, 170
230   10EF 01 FF 01 DE
230   10F3 01 AE 01 DF
230   10F7 01 D7 01 EA
230   10FB 01 AF 01 FE
230   10FF 02 AA
231   1101 01 AB 01 C0            DEFB 1, 171, 1, 192, 1, 224, 1, 0, 1, 6, 1, 8, 1, 0, 1, 175, 1, 255, 1, 253, 1, 255
231   1105 01 E0 01 00
231   1109 01 06 01 08
231   110D 01 00 01 AF
231   1111 01 FF 01 FD
231   1115 01 FF
232   1117 01 D2 01 F7            DEFB 1, 210, 1, 247, 1, 171, 1, 127, 1, 250, 1, 35, 1, 12, 1, 175, 4, 255, 1, 243, 1, 13
232   111B 01 AB 01 7F
232   111F 01 FA 01 23
232   1123 01 0C 01 AF
232   1127 04 FF 01 F3
232   112B 01 0D
233   112D 01 87 01 5F            DEFB 1, 135, 1, 95, 2, 170, 1, 250, 1, 222, 1, 1, 1, 138, 1, 174, 1, 250, 1, 213, 1, 85
233   1131 02 AA 01 FA
233   1135 01 DE 01 01
233   1139 01 8A 01 AE
233   113D 01 FA 01 D5
233   1141 01 55
234   1143 01 6A 01 BF            DEFB 1, 106, 1, 191, 1, 255, 1, 155, 1, 199, 1, 127, 3, 255, 1, 243, 1, 193, 1, 28, 1, 59
234   1147 01 FF 01 9B
234   114B 01 C7 01 7F
234   114F 03 FF 01 F3
234   1153 01 C1 01 1C
234   1157 01 3B
235   1159 01 BF 04 FF            DEFB 1, 191, 4, 255, 1, 236, 1, 154, 1, 125, 1, 126, 1, 170, 2, 171, 1, 192, 2, 60, 1, 238
235   115D 01 EC 01 9A
235   1161 01 7D 01 7E
235   1165 01 AA 02 AB
235   1169 01 C0 02 3C
235   116D 01 EE
236   116F 01 AC 01 07            DEFB 1, 172, 1, 7, 1, 15, 1, 126, 1, 127, 1, 253, 1, 255, 1, 207, 1, 253, 1, 2, 1, 243
236   1173 01 0F 01 7E
236   1177 01 7F 01 FD
236   117B 01 FF 01 CF
236   117F 01 FD 01 02
236   1183 01 F3
237   1185 01 80 01 70            DEFB 1, 128, 1, 112, 1, 97, 1, 240, 1, 95, 10, 255, 1, 250, 1, 171, 1, 170, 1, 238, 1, 254
237   1189 01 61 01 F0
237   118D 01 5F 0A FF
237   1191 01 FA 01 AB
237   1195 01 AA 01 EE
237   1199 01 FE
238   119B 01 AB 01 9F            DEFB 1, 171, 1, 159, 1, 14, 1, 125, 1, 119, 1, 199, 1, 207, 2, 255, 1, 253, 1, 252, 1, 1
238   119F 01 0E 01 7D
238   11A3 01 77 01 C7
238   11A7 01 CF 02 FF
238   11AB 01 FD 01 FC
238   11AF 01 01
239   11B1 01 C1 01 08            DEFB 1, 193, 1, 8, 1, 123, 1, 239, 16, 255, 1, 251, 1, 215, 1, 218, 1, 245, 1, 239, 1, 231
239   11B5 01 7B 01 EF
239   11B9 10 FF 01 FB
239   11BD 01 D7 01 DA
239   11C1 01 F5 01 EF
239   11C5 01 E7
240   11C7 02 FF 01 BF            DEFB 2, 255, 1, 191, 1, 255, 1, 239, 1, 220, 1, 1, 1, 251, 1, 239, 18, 255, 1, 253, 1, 255
240   11CB 01 FF 01 EF
240   11CF 01 DC 01 01
240   11D3 01 FB 01 EF
240   11D7 12 FF 01 FD
240   11DB 01 FF
241   11DD 01 DD 07 FF            DEFB 1, 221, 7, 255, 1, 239, 1, 219, 1, 239, 4, 255, 1, 90, 1, 8, 1, 62, 1, 66, 1, 8
241   11E1 01 EF 01 DB
241   11E5 01 EF 04 FF
241   11E9 01 5A 01 08
241   11ED 01 3E 01 42
241   11F1 01 08
242   11F3 01 00 01 10            DEFB 1, 0, 1, 16, 1, 126, 1, 8, 1, 16, 1, 66, 15, 255, 1, 239, 10, 255, 1, 175, 1, 31
242   11F7 01 7E 01 08
242   11FB 01 10 01 42
242   11FF 0F FF 01 EF
242   1203 0A FF 01 AF
242   1207 01 1F
243   1209 01 EB 01 FE            DEFB 1, 235, 1, 254, 1, 8, 1, 156, 3, 0, 1, 1, 1, 255, 1, 253, 1, 84, 1, 0, 1, 106
243   120D 01 08 01 9C
243   1211 03 00 01 01
243   1215 01 FF 01 FD
243   1219 01 54 01 00
243   121D 01 6A
244   121F 01 AA 01 BA            DEFB 1, 170, 1, 186, 1, 251, 13, 255, 1, 189, 1, 126, 1, 254, 1, 111, 1, 245, 1, 95, 1, 253
244   1223 01 FB 0D FF
244   1227 01 BD 01 7E
244   122B 01 FE 01 6F
244   122F 01 F5 01 5F
244   1233 01 FD
245   1235 03 55 01 7F            DEFB 3, 85, 1, 127, 1, 16, 1, 0, 1, 24, 1, 32, 1, 1, 1, 87, 1, 255, 1, 229, 1, 255
245   1239 01 10 01 00
245   123D 01 18 01 20
245   1241 01 01 01 57
245   1245 01 FF 01 E5
245   1249 01 FF
246   124B 01 DE 01 F6            DEFB 1, 222, 1, 246, 1, 171, 1, 127, 1, 244, 1, 30, 1, 6, 1, 47, 4, 255, 1, 236, 1, 21
246   124F 01 AB 01 7F
246   1253 01 F4 01 1E
246   1257 01 06 01 2F
246   125B 04 FF 01 EC
246   125F 01 15
247   1261 01 9B 01 AF            DEFB 1, 155, 1, 175, 1, 213, 1, 85, 1, 247, 1, 193, 1, 230, 1, 61, 1, 113, 1, 245, 1, 175
247   1265 01 D5 01 55
247   1269 01 F7 01 C1
247   126D 01 E6 01 3D
247   1271 01 71 01 F5
247   1275 01 AF
248   1277 01 AA 01 F5            DEFB 1, 170, 1, 245, 1, 255, 1, 254, 1, 61, 1, 23, 1, 127, 3, 255, 1, 204, 1, 225, 1, 142
248   127B 01 FF 01 FE
248   127F 01 3D 01 17
248   1283 01 7F 03 FF
248   1287 01 CC 01 E1
248   128B 01 8E
249   128D 01 37 01 7F            DEFB 1, 55, 1, 127, 4, 255, 1, 243, 1, 237, 1, 254, 1, 191, 1, 213, 1, 87, 1, 129, 1, 124
249   1291 04 FF 01 F3
249   1295 01 ED 01 FE
249   1299 01 BF 01 D5
249   129D 01 57 01 81
249   12A1 01 7C
250   12A3 01 00 01 F3            DEFB 1, 0, 1, 243, 1, 245, 1, 87, 1, 196, 1, 62, 1, 185, 1, 231, 1, 253, 1, 255, 1, 63
250   12A7 01 F5 01 57
250   12AB 01 C4 01 3E
250   12AF 01 B9 01 E7
250   12B3 01 FD 01 FF
250   12B7 01 3F
251   12B9 01 FA 01 01            DEFB 1, 250, 1, 1, 1, 76, 1, 128, 1, 56, 1, 48, 1, 224, 1, 223, 10, 255, 1, 253, 1, 215
251   12BD 01 4C 01 80
251   12C1 01 38 01 30
251   12C5 01 E0 01 DF
251   12C9 0A FF 01 FD
251   12CD 01 D7
252   12CF 01 D5 01 DE            DEFB 1, 213, 1, 222, 1, 248, 1, 215, 1, 220, 1, 201, 1, 250, 1, 247, 1, 30, 1, 95, 2, 255
252   12D3 01 F8 01 D7
252   12D7 01 DC 01 C9
252   12DB 01 FA 01 F7
252   12DF 01 1E 01 5F
252   12E3 02 FF
253   12E5 01 FE 01 EE            DEFB 1, 254, 1, 238, 1, 0, 1, 224, 1, 132, 1, 119, 1, 223, 16, 255, 1, 251, 1, 159, 1, 155
253   12E9 01 00 01 E0
253   12ED 01 84 01 77
253   12F1 01 DF 10 FF
253   12F5 01 FB 01 9F
253   12F9 01 9B
254   12FB 01 EB 01 EF            DEFB 1, 235, 1, 239, 1, 159, 4, 255, 1, 247, 1, 238, 1, 0, 1, 247, 1, 223, 18, 255, 1, 254
254   12FF 01 9F 04 FF
254   1303 01 F7 01 EE
254   1307 01 00 01 F7
254   130B 01 DF 12 FF
254   130F 01 FE
255   1311 01 FF 01 BB            DEFB 1, 255, 1, 187, 7, 255, 1, 247, 1, 231, 1, 223, 4, 255, 1, 66, 1, 8, 1, 2, 1, 66
255   1315 07 FF 01 F7
255   1319 01 E7 01 DF
255   131D 04 FF 01 42
255   1321 01 08 01 02
255   1325 01 42
256   1327 01 10 01 00            DEFB 1, 16, 1, 0, 1, 16, 1, 66, 1, 8, 1, 16, 1, 66, 26, 255, 1, 160, 1, 252, 1, 245
256   132B 01 10 01 42
256   132F 01 08 01 10
256   1333 01 42 1A FF
256   1337 01 A0 01 FC
256   133B 01 F5
257   133D 01 FA 01 17            DEFB 1, 250, 1, 23, 1, 127, 1, 192, 3, 0, 1, 63, 1, 170, 1, 160, 1, 0, 1, 125, 1, 85
257   1341 01 7F 01 C0
257   1345 03 00 01 3F
257   1349 01 AA 01 A0
257   134D 01 00 01 7D
257   1351 01 55
258   1353 01 5B 01 FB            DEFB 1, 91, 1, 251, 13, 255, 1, 185, 1, 252, 1, 249, 1, 215, 1, 234, 1, 175, 1, 254, 3, 170
258   1357 0D FF 01 B9
258   135B 01 FC 01 F9
258   135F 01 D7 01 EA
258   1363 01 AF 01 FE
258   1367 03 AA
259   1369 01 AE 01 18            DEFB 1, 174, 1, 24, 1, 0, 1, 96, 1, 128, 1, 10, 1, 175, 1, 255, 1, 158, 1, 255, 1, 225
259   136D 01 00 01 60
259   1371 01 80 01 0A
259   1375 01 AF 01 FF
259   1379 01 9E 01 FF
259   137D 01 E1
260   137F 01 E2 01 23            DEFB 1, 226, 1, 35, 1, 127, 1, 246, 1, 55, 1, 19, 1, 111, 4, 255, 1, 222, 1, 173, 1, 235
260   1383 01 7F 01 F6
260   1387 01 37 01 13
260   138B 01 6F 04 FF
260   138F 01 DE 01 AD
260   1393 01 EB
261   1395 01 5F 01 AA            DEFB 1, 95, 1, 170, 1, 171, 1, 255, 1, 124, 1, 24, 1, 254, 1, 191, 1, 235, 1, 88, 1, 253
261   1399 01 AB 01 FF
261   139D 01 7C 01 18
261   13A1 01 FE 01 BF
261   13A5 01 EB 01 58
261   13A9 01 FD
262   13AB 01 7F 01 FF            DEFB 1, 127, 1, 255, 1, 254, 1, 189, 1, 95, 1, 127, 3, 255, 1, 52, 1, 112, 1, 199, 1, 238
262   13AF 01 FE 01 BD
262   13B3 01 5F 01 7F
262   13B7 03 FF 01 34
262   13BB 01 70 01 C7
262   13BF 01 EE
263   13C1 06 FF 01 EF            DEFB 6, 255, 1, 239, 1, 253, 1, 120, 1, 62, 1, 175, 1, 168, 1, 235, 1, 195, 1, 207, 1, 234
263   13C5 01 FD 01 78
263   13C9 01 3E 01 AF
263   13CD 01 A8 01 EB
263   13D1 01 C3 01 CF
263   13D5 01 EA
264   13D7 01 AC 01 24            DEFB 1, 172, 1, 36, 1, 221, 1, 123, 1, 143, 1, 255, 1, 252, 1, 255, 1, 250, 1, 1, 1, 56
264   13DB 01 DD 01 7B
264   13DF 01 8F 01 FF
264   13E3 01 FC 01 FF
264   13E7 01 FA 01 01
264   13EB 01 38
265   13ED 01 00 01 1C            DEFB 1, 0, 1, 28, 1, 16, 1, 127, 1, 223, 10, 255, 1, 254, 1, 122, 1, 170, 1, 254, 1, 230
265   13F1 01 10 01 7F
265   13F5 01 DF 0A FF
265   13F9 01 FE 01 7A
265   13FD 01 AA 01 FE
265   1401 01 E6
266   1403 01 AB 01 BC            DEFB 1, 171, 1, 188, 1, 55, 1, 253, 1, 244, 1, 121, 1, 223, 3, 255, 1, 55, 1, 0, 1, 112
266   1407 01 37 01 FD
266   140B 01 F4 01 79
266   140F 01 DF 03 FF
266   1413 01 37 01 00
266   1417 01 70
267   1419 01 42 01 6F            DEFB 1, 66, 1, 111, 1, 191, 16, 255, 1, 251, 1, 158, 1, 63, 1, 245, 1, 238, 1, 127, 4, 255
267   141D 01 BF 10 FF
267   1421 01 FB 01 9E
267   1425 01 3F 01 F5
267   1429 01 EE 01 7F
267   142D 04 FF
268   142F 01 FB 01 F7            DEFB 1, 251, 1, 247, 1, 0, 1, 239, 1, 191, 19, 255, 1, 127, 1, 231, 7, 255, 1, 251, 1, 239
268   1433 01 00 01 EF
268   1437 01 BF 13 FF
268   143B 01 7F 01 E7
268   143F 07 FF 01 FB
268   1443 01 EF
269   1445 01 BF 04 FF            DEFB 1, 191, 4, 255, 1, 60, 1, 62, 2, 60, 1, 16, 1, 0, 1, 16, 1, 66, 1, 62, 1, 16
269   1449 01 3C 01 3E
269   144D 02 3C 01 10
269   1451 01 00 01 10
269   1455 01 42 01 3E
269   1459 01 10
270   145B 01 3C 1A FF            DEFB 1, 60, 26, 255, 1, 160, 1, 112, 1, 235, 1, 245, 1, 87, 1, 127, 1, 124, 3, 0, 1, 1
270   145F 01 A0 01 70
270   1463 01 EB 01 F5
270   1467 01 57 01 7F
270   146B 01 7C 03 00
270   146F 01 01
271   1471 01 55 01 00            DEFB 1, 85, 1, 0, 1, 1, 1, 135, 1, 170, 1, 175, 1, 251, 7, 255, 1, 252, 1, 127, 4, 255
271   1475 01 01 01 87
271   1479 01 AA 01 AF
271   147D 01 FB 07 FF
271   1481 01 FC 01 7F
271   1485 04 FF
272   1487 01 B9 01 F0            DEFB 1, 185, 1, 240, 1, 231, 1, 175, 1, 213, 1, 95, 1, 253, 3, 85, 1, 81, 1, 56, 1, 1
272   148B 01 E7 01 AF
272   148F 01 D5 01 5F
272   1493 01 FD 03 55
272   1497 01 51 01 38
272   149B 01 01
273   149D 01 82 01 00            DEFB 1, 130, 1, 0, 1, 21, 1, 95, 1, 254, 1, 102, 5, 255, 1, 245, 1, 195, 1, 137, 1, 239
273   14A1 01 15 01 5F
273   14A5 01 FE 01 66
273   14A9 05 FF 01 F5
273   14AD 01 C3 01 89
273   14B1 01 EF
274   14B3 04 FF 01 BD            DEFB 4, 255, 1, 189, 1, 125, 1, 174, 1, 175, 2, 85, 1, 242, 1, 171, 1, 195, 1, 251, 1, 255
274   14B7 01 7D 01 AE
274   14BB 01 AF 02 55
274   14BF 01 F2 01 AB
274   14C3 01 C3 01 FB
274   14C7 01 FF
275   14C9 01 D7 01 E0            DEFB 1, 215, 1, 224, 1, 14, 1, 191, 1, 255, 1, 254, 1, 189, 2, 127, 2, 255, 1, 252, 1, 192
275   14CD 01 0E 01 BF
275   14D1 01 FF 01 FE
275   14D5 01 BD 02 7F
275   14D9 02 FF 01 FC
275   14DD 01 C0
276   14DF 01 38 01 63            DEFB 1, 56, 1, 99, 1, 221, 6, 255, 1, 247, 1, 254, 1, 231, 1, 195, 1, 215, 1, 85, 1, 65
276   14E3 01 DD 06 FF
276   14E7 01 F7 01 FE
276   14EB 01 E7 01 C3
276   14EF 01 D7 01 55
276   14F3 01 41
277   14F5 01 7F 01 3F            DEFB 1, 127, 1, 63, 1, 213, 1, 112, 1, 167, 1, 94, 1, 250, 1, 47, 1, 255, 1, 243, 1, 255
277   14F9 01 D5 01 70
277   14FD 01 A7 01 5E
277   1501 01 FA 01 2F
277   1505 01 FF 01 F3
277   1509 01 FF
278   150B 01 FA 01 01            DEFB 1, 250, 1, 1, 1, 248, 1, 0, 1, 14, 1, 2, 1, 213, 1, 223, 11, 255, 1, 135, 1, 213
278   150F 01 F8 01 00
278   1513 01 0E 01 02
278   1517 01 D5 01 DF
278   151B 0B FF 01 87
278   151F 01 D5
279   1521 01 DF 01 9D            DEFB 1, 223, 1, 157, 1, 85, 1, 215, 1, 159, 1, 154, 1, 247, 1, 231, 1, 223, 3, 255, 1, 187
279   1525 01 55 01 D7
279   1529 01 9F 01 9A
279   152D 01 F7 01 E7
279   1531 01 DF 03 FF
279   1535 01 BB
280   1537 01 80 01 38            DEFB 1, 128, 1, 56, 1, 33, 1, 223, 1, 127, 16, 255, 1, 251, 1, 220, 1, 63, 1, 171, 1, 249
280   153B 01 21 01 DF
280   153F 01 7F 10 FF
280   1543 01 FB 01 DC
280   1547 01 3F 01 AB
280   154B 01 F9
281   154D 05 FF 01 FD            DEFB 5, 255, 1, 253, 1, 251, 1, 128, 1, 223, 1, 127, 19, 255, 2, 159, 7, 255, 1, 253, 1, 239
281   1551 01 FB 01 80
281   1555 01 DF 01 7F
281   1559 13 FF 02 9F
281   155D 07 FF 01 FD
281   1561 01 EF
282   1563 01 7F 04 FF            DEFB 1, 127, 4, 255, 11, 0, 21, 255, 6, 120, 21, 80, 10, 120, 21, 80, 11, 120, 21, 80, 11, 120
282   1567 0B 00 15 FF
282   156B 06 78 15 50
282   156F 0A 78 15 50
282   1573 0B 78 15 50
282   1577 0B 78
283   1579 15 50 2C 78            DEFB 21, 80, 44, 120, 20, 104, 10, 120, 22, 104, 10, 120, 22, 104, 16, 120, 13, 88, 18, 120, 14, 88
283   157D 14 68 0A 78
283   1581 16 68 0A 78
283   1585 16 68 10 78
283   1589 0D 58 12 78
283   158D 0E 58
284   158F 14 78 0C 58            DEFB 20, 120, 12, 88, 20, 120, 10, 88, 18, 120, 17, 104, 12, 120, 20, 104, 12, 120, 25, 104, 1, 120
284   1593 14 78 0A 58
284   1597 12 78 11 68
284   159B 0C 78 14 68
284   159F 0C 78 19 68
284   15A3 01 78
285   15A5 01 68 02 78            DEFB 1, 104, 2, 120, 24, 104, 1, 120, 1, 104, 1, 120, 1, 104, 1, 120, 1, 104, 4, 120, 22, 104
285   15A9 18 68 01 78
285   15AD 01 68 01 78
285   15B1 01 68 01 78
285   15B5 01 68 04 78
285   15B9 16 68
286   15BB 01 28 01 68            DEFB 1, 40, 1, 104, 1, 40, 1, 104, 1, 120, 1, 104, 4, 120, 20, 104, 1, 40, 1, 88, 3, 96
286   15BF 01 28 01 68
286   15C3 01 78 01 68
286   15C7 04 78 14 68
286   15CB 01 28 01 58
286   15CF 03 60
287   15D1 01 68 01 78            DEFB 1, 104, 1, 120, 1, 104, 4, 120, 20, 104, 1, 120, 1, 104, 1, 40, 1, 104, 1, 120, 1, 104
287   15D5 01 68 04 78
287   15D9 14 68 01 78
287   15DD 01 68 01 28
287   15E1 01 68 01 78
287   15E5 01 68
288   15E7 01 78 01 68            DEFB 1, 120, 1, 104, 4, 120, 20, 104, 1, 120, 1, 104, 1, 120, 1, 104, 1, 120, 1, 104, 1, 120
288   15EB 04 78 14 68
288   15EF 01 78 01 68
288   15F3 01 78 01 68
288   15F7 01 78 01 68
288   15FB 01 78
289   15FD 01 68 04 78            DEFB 1, 104, 4, 120, 20, 104, 1, 120, 1, 104, 1, 120, 1, 104, 1, 120, 1, 104, 1, 120, 1, 104
289   1601 14 68 01 78
289   1605 01 68 01 78
289   1609 01 68 01 78
289   160D 01 68 01 78
289   1611 01 68
290   1613 05 78 11 68            DEFB 5, 120, 17, 104, 3, 120, 1, 104, 1, 120, 1, 104, 1, 120, 1, 104, 1, 120, 1, 104, 1, 120
290   1617 03 78 01 68
290   161B 01 78 01 68
290   161F 01 78 01 68
290   1623 01 78 01 68
290   1627 01 78
291   1629 17 68 01 78            DEFB 23, 104, 1, 120, 1, 104, 1, 120, 1, 104, 1, 120, 1, 104, 1, 120, 1, 104, 1, 120, 11, 71
291   162D 01 68 01 78
291   1631 01 68 01 78
291   1635 01 68 01 78
291   1639 01 68 01 78
291   163D 0B 47
292   163F 02 40 08 68            DEFB 2, 64, 8, 104, 1, 120, 1, 104, 1, 120, 1, 104, 1, 120, 1, 104, 3, 120, 1, 104, 0
292   1643 01 78 01 68
292   1647 01 78 01 68
292   164B 01 78 01 68
292   164F 03 78 01 68
292   1653 00
293   1654
294   1654
295   1654
# file closed: C:\UFV Tercero~Cuarto\Arquitectura\Pantalla_InicioyFinal\Pantalla_Inicio.asm
