# file opened: C:\UFV Tercero~Cuarto\Arquitectura\Pantalla_InicioyFinal\pelota.asm
 1    0000 01 01        Coord:  DB 1, 1
 2    0002 01 01        Vector: DB 1, 1
 3    0004
 4    0004              ball:
C:\UFV Tercero~Cuarto\Arquitectura\Pantalla_InicioyFinal\pelota.asm(5): warning[rdlow]: Reading memory at low address: 0
 5    0004 2A 00 00             ld hl, (Coord)
 6    0007 CD 6B 00             call PosXY
 7    000A 36 38                ld (hl), 8*7
 8    000C CD 5E 00             call Esperar_pelota
 9    000F 36 00                ld (hl), 0
C:\UFV Tercero~Cuarto\Arquitectura\Pantalla_InicioyFinal\pelota.asm(10): warning[rdlow]: Reading memory at low address: 0
10    0011 2A 00 00             ld hl, (Coord)
C:\UFV Tercero~Cuarto\Arquitectura\Pantalla_InicioyFinal\pelota.asm(11): warning[rdlow]: Reading memory at low address: 2
11    0014 3A 02 00             ld a, (Vector)
12    0017 84                   add h           ; A = A + H
13    0018
14    0018 FE 18                cp 24           ; A == 24?
15    001A 20 0C                jr nz, seguir1
C:\UFV Tercero~Cuarto\Arquitectura\Pantalla_InicioyFinal\pelota.asm(16): warning[rdlow]: Reading memory at low address: 2
16    001C 3A 02 00             ld a, (Vector)
17    001F ED 44                neg
18    0021 32 02 00             ld (Vector), a
19    0024 3E 16                ld a, 22
20    0026 18 0E                jr seguir2
21    0028
22    0028              seguir1:
23    0028 FE FF                cp -1
24    002A 20 0A                jr nz, seguir2
C:\UFV Tercero~Cuarto\Arquitectura\Pantalla_InicioyFinal\pelota.asm(25): warning[rdlow]: Reading memory at low address: 2
25    002C 3A 02 00             ld a, (Vector)
26    002F ED 44                neg
27    0031 32 02 00             ld (Vector), a
28    0034 3E 01                ld a, 1
29    0036
30    0036              seguir2:
31    0036
32    0036 67                   ld h, a
C:\UFV Tercero~Cuarto\Arquitectura\Pantalla_InicioyFinal\pelota.asm(33): warning[rdlow]: Reading memory at low address: 3
33    0037 3A 03 00             ld a, (Vector + 1)
34    003A 85                   add l
35    003B
36    003B FE 1F                cp 31           ; A == 24?
37    003D 20 0C                jr nz, seguir3
C:\UFV Tercero~Cuarto\Arquitectura\Pantalla_InicioyFinal\pelota.asm(38): warning[rdlow]: Reading memory at low address: 3
38    003F 3A 03 00             ld a, (Vector + 1)
39    0042 ED 44                neg
40    0044 32 03 00             ld (Vector + 1), a
41    0047 3E 1D                ld a, 29
42    0049 18 0E                jr seguir4
43    004B
44    004B              seguir3:
45    004B FE FF                cp -1
46    004D 20 0A                jr nz, seguir4
C:\UFV Tercero~Cuarto\Arquitectura\Pantalla_InicioyFinal\pelota.asm(47): warning[rdlow]: Reading memory at low address: 3
47    004F 3A 03 00             ld a, (Vector + 1)  ; Rebotar con el limite superior
48    0052 ED 44                neg
49    0054 32 03 00             ld (Vector + 1), a
50    0057 3E 01                ld a, 1
51    0059
52    0059              seguir4:
53    0059
54    0059 6F                   ld l, a
55    005A 22 00 00             ld (Coord), hl
56    005D C9                   ret
57    005E
58    005E
59    005E
60    005E              ;-------------------------------------------------------------------------------------------------
61    005E
62    005E              Esperar_pelota:
63    005E E5                   push hl
64    005F F5                   push af
65    0060 21 00 1F             ld hl, $1f00
66    0063
67    0063              Bucle_esperar:
68    0063 2B                   dec hl
69    0064 7C                   ld a, h
70    0065 B5                   or l
71    0066 20 FB                jr nz, Bucle_esperar
72    0068 F1                   pop af
73    0069 E1                   pop hl
74    006A C9                   ret
75    006B
76    006B              PosXY:
77    006B F5                   push af
78    006C 7C                   ld a, h
79    006D CB 27                sla a
80    006F CB 27                sla a
81    0071 CB 27                sla a
82    0073 CB 27                sla a
83    0075 CB 27                sla a
84    0077 B5                   or l            ; A = A : L
85    0078 6F                   ld l, a
86    0079 7C                   ld a, h
87    007A CB 2F                sra a
88    007C CB 2F                sra a
89    007E CB 2F                sra a
90    0080 F6 58                or $58          ; A = A : $58
91    0082 67                   ld h, a
92    0083 F1                   pop af
93    0084 C9                   ret
# file closed: C:\UFV Tercero~Cuarto\Arquitectura\Pantalla_InicioyFinal\pelota.asm
