# file opened: C:\UFV Tercero~Cuarto\Arquitectura\Pantalla_InicioyFinal\plantilla.asm
  1   0000                      DEVICE ZXSPECTRUM48
  2   0000              	SLDOPT COMMENT WPMEM, LOGPOINT, ASSETION
  3   0000                      org $8000               ; Programa ubicado a partir de $8000 = 32768
  4   8000
  5   8000 F3                   di              ; Deshabilitar interrupciones
  6   8001 31 00 00             ld sp,0         ; Establecer el puntero de pila en la parte alta de la memoria
  7   8004
  8   8004              ;-------------------------------------------------------------------------------------------------
  9   8004              ;Código del estudiante
 10   8004
 11   8004 CD 0A 80             CALL Main_Pantalla    ;Pantalla de Titulo
 12   8007              empezar:
 13   8007 CD F9 99             CALL Pantalla_Ini
 14   800A
 15   800A                      INCLUDE "Pantalla_Inicio.asm"
# file opened: C:\UFV Tercero~Cuarto\Arquitectura\Pantalla_InicioyFinal\Pantalla_Inicio.asm
  1+  800A              Main_Pantalla
  2+  800A DD 21 4A 80      LD IX, RLEData
  3+  800E 21 00 40         LD HL, $4000
  4+  8011
  5+  8011              bucle_principal:
  6+  8011 CD 21 80         CALL LeerDataRLE
  7+  8014 CA 1C 80         JP Z, fin       ; Si se activa z, se acaba el programa
  8+  8017 CD 2F 80         CALL EscribirNData
  9+  801A 18 F5            JR bucle_principal
 10+  801C
 11+  801C              fin:
 12+  801C CD 36 80         CALL EsperarEntrada
 13+  801F 18 FB            JR fin
 14+  8021
 15+  8021
 16+  8021              LeerDataRLE:
 17+  8021 DD 7E 00         LD A, (IX + 0)
 18+  8024 B7               OR A
 19+  8025 C8               RET Z
 20+  8026 47               LD B, A
 21+  8027 DD 7E 01         LD A, (IX + 1)
 22+  802A DD 23            INC IX
 22+  802C DD 23          INC IX
 23+  802E C9               RET
 24+  802F
 25+  802F              EscribirNData:
 26+  802F 48               LD C, B
 27+  8030
 28+  8030              escribir_bytes:
 29+  8030 77               LD (HL), A
 30+  8031 23               INC HL
 31+  8032 0D               DEC C
 32+  8033 20 FB            JR NZ, escribir_bytes        ; Repite si C no es 0
 33+  8035 C9               RET
 34+  8036
 35+  8036              EsperarEntrada:
 36+  8036 01 FE FB         ld bc, $FBFE
 37+  8039 ED 78            in a, (c)               ; Leer el puerto de entrada del teclado
 38+  803B CB 47            bit 0, a                ; Comprobar si todas las teclas están liberadas
 39+  803D 20 F7            jr nz, EsperarEntrada   ; Si todas las teclas no están liberadas, seguir esperando
 40+  803F 16 01            ld d, 1
 41+  8041 18 00            jr LiberarTecla
 42+  8043
 43+  8043              LiberarTecla:
 44+  8043 ED 78            in a, (c)
 45+  8045 FE FF            cp $FF
 46+  8047 20 FA            jr nz, LiberarTecla
 47+  8049 C9               ret
 48+  804A
 49+  804A 1A FF 01 F7  RLEData:  DEFB 26, 255, 1, 247, 13, 255, 1, 254, 3, 255, 1, 251, 2, 255, 1, 223, 8, 255, 1, 245, 1, 127
 49+  804E 0D FF 01 FE
 49+  8052 03 FF 01 FB
 49+  8056 02 FF 01 DF
 49+  805A 08 FF 01 F5
 49+  805E 01 7F
 50+  8060 0E FF 01 EA            DEFB 14, 255, 1, 234, 1, 132, 1, 139, 1, 66, 1, 253, 1, 255, 1, 253, 1, 85, 1, 255, 1, 208
 50+  8064 01 84 01 8B
 50+  8068 01 42 01 FD
 50+  806C 01 FF 01 FD
 50+  8070 01 55 01 FF
 50+  8074 01 D0
 51+  8076 01 BF 01 F8            DEFB 1, 191, 1, 248, 1, 254, 1, 63, 1, 250, 1, 20, 1, 36, 1, 23, 13, 255, 1, 254, 1, 130
 51+  807A 01 FE 01 3F
 51+  807E 01 FA 01 14
 51+  8082 01 24 01 17
 51+  8086 0D FF 01 FE
 51+  808A 01 82
 52+  808C 01 85 01 A1            DEFB 1, 133, 1, 161, 1, 66, 1, 208, 1, 95, 1, 208, 1, 80, 1, 95, 1, 208, 1, 180, 3, 0
 52+  8090 01 42 01 D0
 52+  8094 01 5F 01 D0
 52+  8098 01 50 01 5F
 52+  809C 01 D0 01 B4
 52+  80A0 03 00
 53+  80A2 01 5A 01 14            DEFB 1, 90, 1, 20, 1, 36, 1, 23, 13, 255, 1, 232, 1, 2, 1, 135, 1, 11, 1, 65, 1, 5
 53+  80A6 01 24 01 17
 53+  80AA 0D FF 01 E8
 53+  80AE 01 02 01 87
 53+  80B2 01 0B 01 41
 53+  80B6 01 05
 54+  80B8 01 FD 01 00            DEFB 1, 253, 1, 0, 1, 80, 1, 5, 1, 208, 1, 160, 1, 43, 1, 109, 1, 168, 1, 10, 1, 20
 54+  80BC 01 50 01 05
 54+  80C0 01 D0 01 A0
 54+  80C4 01 2B 01 6D
 54+  80C8 01 A8 01 0A
 54+  80CC 01 14
 55+  80CE 01 01 01 7F            DEFB 1, 1, 1, 127, 12, 255, 1, 254, 1, 130, 1, 66, 1, 128, 1, 47, 1, 64, 1, 23, 1, 208
 55+  80D2 0C FF 01 FE
 55+  80D6 01 82 01 42
 55+  80DA 01 80 01 2F
 55+  80DE 01 40 01 17
 55+  80E2 01 D0
 56+  80E4 01 48 01 50            DEFB 1, 72, 1, 80, 1, 144, 1, 80, 1, 160, 1, 43, 1, 109, 1, 168, 1, 10, 1, 20, 1, 23
 56+  80E8 01 90 01 50
 56+  80EC 01 A0 01 2B
 56+  80F0 01 6D 01 A8
 56+  80F4 01 0A 01 14
 56+  80F8 01 17
 57+  80FA 0D FF 01 FA            DEFB 13, 255, 1, 250, 1, 11, 1, 66, 1, 138, 1, 130, 1, 69, 2, 65, 1, 104, 1, 80, 1, 189
 57+  80FE 01 0B 01 42
 57+  8102 01 8A 01 82
 57+  8106 01 45 02 41
 57+  810A 01 68 01 50
 57+  810E 01 BD
 58+  8110 01 01 01 74            DEFB 1, 1, 1, 116, 3, 0, 1, 90, 1, 181, 1, 127, 14, 255, 1, 162, 1, 254, 1, 191, 1, 235
 58+  8114 03 00 01 5A
 58+  8118 01 B5 01 7F
 58+  811C 0E FF 01 A2
 58+  8120 01 FE 01 BF
 58+  8124 01 EB
 59+  8126 01 5F 01 F5            DEFB 1, 95, 1, 245, 1, 244, 1, 95, 2, 255, 1, 215, 1, 255, 1, 248, 1, 254, 1, 63, 1, 251
 59+  812A 01 F4 01 5F
 59+  812E 02 FF 01 D7
 59+  8132 01 FF 01 F8
 59+  8136 01 FE 01 3F
 59+  813A 01 FB
 60+  813C 01 F7 30 FF            DEFB 1, 247, 48, 255, 1, 254, 6, 255, 1, 223, 8, 255, 1, 245, 1, 127, 14, 255, 1, 234, 1, 132
 60+  8140 01 FE 06 FF
 60+  8144 01 DF 08 FF
 60+  8148 01 F5 01 7F
 60+  814C 0E FF 01 EA
 60+  8150 01 84
 61+  8152 01 8B 01 42            DEFB 1, 139, 1, 66, 1, 253, 1, 255, 1, 253, 1, 85, 1, 255, 1, 208, 1, 191, 1, 231, 1, 1
 61+  8156 01 FD 01 FF
 61+  815A 01 FD 01 55
 61+  815E 01 FF 01 D0
 61+  8162 01 BF 01 E7
 61+  8166 01 01
 62+  8168 01 CF 01 FA            DEFB 1, 207, 1, 250, 1, 20, 1, 36, 1, 23, 13, 255, 1, 254, 1, 130, 1, 133, 1, 161, 1, 66
 62+  816C 01 14 01 24
 62+  8170 01 17 0D FF
 62+  8174 01 FE 01 82
 62+  8178 01 85 01 A1
 62+  817C 01 42
 63+  817E 01 D0 01 5F            DEFB 1, 208, 1, 95, 1, 208, 1, 80, 1, 95, 1, 208, 1, 168, 3, 0, 1, 42, 1, 20, 1, 36
 63+  8182 01 D0 01 50
 63+  8186 01 5F 01 D0
 63+  818A 01 A8 03 00
 63+  818E 01 2A 01 14
 63+  8192 01 24
 64+  8194 01 17 0D FF            DEFB 1, 23, 13, 255, 1, 232, 1, 2, 1, 128, 1, 11, 1, 65, 1, 5, 1, 253, 1, 0, 1, 80
 64+  8198 01 E8 01 02
 64+  819C 01 80 01 0B
 64+  81A0 01 41 01 05
 64+  81A4 01 FD 01 00
 64+  81A8 01 50
 65+  81AA 01 05 01 D0            DEFB 1, 5, 1, 208, 1, 160, 1, 32, 1, 0, 1, 8, 1, 10, 1, 20, 1, 1, 1, 127, 12, 255
 65+  81AE 01 A0 01 20
 65+  81B2 01 00 01 08
 65+  81B6 01 0A 01 14
 65+  81BA 01 01 01 7F
 65+  81BE 0C FF
 66+  81C0 01 FE 01 82            DEFB 1, 254, 1, 130, 1, 66, 1, 128, 1, 47, 1, 64, 1, 23, 1, 208, 1, 72, 1, 80, 1, 144
 66+  81C4 01 42 01 80
 66+  81C8 01 2F 01 40
 66+  81CC 01 17 01 D0
 66+  81D0 01 48 01 50
 66+  81D4 01 90
 67+  81D6 01 50 01 A0            DEFB 1, 80, 1, 160, 1, 43, 1, 109, 1, 168, 1, 10, 1, 20, 1, 23, 13, 255, 1, 250, 1, 11
 67+  81DA 01 2B 01 6D
 67+  81DE 01 A8 01 0A
 67+  81E2 01 14 01 17
 67+  81E6 0D FF 01 FA
 67+  81EA 01 0B
 68+  81EC 01 42 01 8A            DEFB 1, 66, 1, 138, 1, 130, 1, 69, 2, 65, 1, 104, 1, 80, 1, 189, 1, 1, 1, 116, 3, 0
 68+  81F0 01 82 01 45
 68+  81F4 02 41 01 68
 68+  81F8 01 50 01 BD
 68+  81FC 01 01 01 74
 68+  8200 03 00
 69+  8202 01 5A 01 B5            DEFB 1, 90, 1, 181, 1, 127, 14, 255, 1, 162, 1, 254, 1, 191, 1, 235, 1, 95, 1, 245, 1, 244
 69+  8206 01 7F 0E FF
 69+  820A 01 A2 01 FE
 69+  820E 01 BF 01 EB
 69+  8212 01 5F 01 F5
 69+  8216 01 F4
 70+  8218 01 5F 02 FF            DEFB 1, 95, 2, 255, 1, 215, 2, 255, 1, 1, 1, 255, 1, 251, 1, 247, 6, 255, 1, 223, 41, 255
 70+  821C 01 D7 02 FF
 70+  8220 01 01 01 FF
 70+  8224 01 FB 01 F7
 70+  8228 06 FF 01 DF
 70+  822C 29 FF
 71+  822E 01 FC 01 FF            DEFB 1, 252, 1, 255, 1, 223, 4, 255, 1, 143, 8, 255, 1, 232, 1, 191, 8, 255, 1, 223, 5, 255
 71+  8232 01 DF 04 FF
 71+  8236 01 8F 08 FF
 71+  823A 01 E8 01 BF
 71+  823E 08 FF 01 DF
 71+  8242 05 FF
 72+  8244 01 D2 01 85            DEFB 1, 210, 1, 133, 1, 5, 1, 66, 1, 250, 1, 255, 1, 250, 1, 82, 1, 255, 1, 208, 1, 191
 72+  8248 01 05 01 42
 72+  824C 01 FA 01 FF
 72+  8250 01 FA 01 52
 72+  8254 01 FF 01 D0
 72+  8258 01 BF
 73+  825A 01 98 01 00            DEFB 1, 152, 1, 0, 1, 51, 1, 250, 1, 20, 1, 42, 1, 11, 13, 255, 1, 253, 1, 2, 1, 133
 73+  825E 01 33 01 FA
 73+  8262 01 14 01 2A
 73+  8266 01 0B 0D FF
 73+  826A 01 FD 01 02
 73+  826E 01 85
 74+  8270 01 41 01 42            DEFB 1, 65, 1, 66, 1, 160, 1, 191, 1, 160, 1, 80, 1, 47, 1, 208, 1, 168, 1, 0, 1, 254
 74+  8274 01 A0 01 BF
 74+  8278 01 A0 01 50
 74+  827C 01 2F 01 D0
 74+  8280 01 A8 01 00
 74+  8284 01 FE
 75+  8286 01 00 01 2A            DEFB 1, 0, 1, 42, 1, 20, 1, 40, 1, 47, 13, 255, 1, 208, 1, 2, 1, 128, 1, 23, 1, 64
 75+  828A 01 14 01 28
 75+  828E 01 2F 0D FF
 75+  8292 01 D0 01 02
 75+  8296 01 80 01 17
 75+  829A 01 40
 76+  829C 01 0B 01 FA            DEFB 1, 11, 1, 250, 1, 0, 1, 80, 1, 2, 1, 208, 1, 160, 1, 91, 1, 109, 1, 180, 1, 10
 76+  82A0 01 00 01 50
 76+  82A4 01 02 01 D0
 76+  82A8 01 A0 01 5B
 76+  82AC 01 6D 01 B4
 76+  82B0 01 0A
 77+  82B2 01 14 01 02            DEFB 1, 20, 1, 2, 13, 255, 1, 253, 1, 5, 1, 66, 1, 128, 1, 23, 1, 64, 1, 11, 1, 160
 77+  82B6 0D FF 01 FD
 77+  82BA 01 05 01 42
 77+  82BE 01 80 01 17
 77+  82C2 01 40 01 0B
 77+  82C6 01 A0
 78+  82C8 01 A8 01 50            DEFB 1, 168, 1, 80, 1, 168, 1, 32, 1, 160, 1, 16, 1, 0, 1, 16, 1, 10, 1, 20, 1, 47
 78+  82CC 01 A8 01 20
 78+  82D0 01 A0 01 10
 78+  82D4 01 00 01 10
 78+  82D8 01 0A 01 14
 78+  82DC 01 2F
 79+  82DE 0D FF 01 FD            DEFB 13, 255, 1, 253, 1, 5, 1, 66, 1, 151, 1, 65, 1, 75, 2, 160, 1, 168, 1, 80, 1, 190
 79+  82E2 01 05 01 42
 79+  82E6 01 97 01 41
 79+  82EA 01 4B 02 A0
 79+  82EE 01 A8 01 50
 79+  82F2 01 BE
 80+  82F4 01 82 01 FA            DEFB 1, 130, 1, 250, 3, 0, 1, 187, 1, 118, 15, 255, 1, 213, 1, 254, 1, 127, 1, 247, 1, 63
 80+  82F8 03 00 01 BB
 80+  82FC 01 76 0F FF
 80+  8300 01 D5 01 FE
 80+  8304 01 7F 01 F7
 80+  8308 01 3F
 81+  830A 01 FB 01 FA            DEFB 1, 251, 1, 250, 1, 191, 2, 255, 1, 239, 30, 255, 1, 247, 23, 255, 1, 252, 1, 255, 1, 223
 81+  830E 01 BF 02 FF
 81+  8312 01 EF 1E FF
 81+  8316 01 F7 17 FF
 81+  831A 01 FC 01 FF
 81+  831E 01 DF
 82+  8320 04 FF 01 8F            DEFB 4, 255, 1, 143, 8, 255, 1, 232, 1, 191, 14, 255, 1, 210, 1, 133, 1, 5, 1, 66, 1, 250
 82+  8324 08 FF 01 E8
 82+  8328 01 BF 0E FF
 82+  832C 01 D2 01 85
 82+  8330 01 05 01 42
 82+  8334 01 FA
 83+  8336 01 FF 01 FA            DEFB 1, 255, 1, 250, 1, 82, 1, 255, 1, 208, 1, 191, 1, 96, 1, 0, 1, 13, 1, 250, 1, 20
 83+  833A 01 52 01 FF
 83+  833E 01 D0 01 BF
 83+  8342 01 60 01 00
 83+  8346 01 0D 01 FA
 83+  834A 01 14
 84+  834C 01 2A 01 0B            DEFB 1, 42, 1, 11, 13, 255, 1, 253, 1, 2, 1, 133, 1, 65, 1, 66, 1, 160, 1, 191, 1, 160
 84+  8350 0D FF 01 FD
 84+  8354 01 02 01 85
 84+  8358 01 41 01 42
 84+  835C 01 A0 01 BF
 84+  8360 01 A0
 85+  8362 01 50 01 2F            DEFB 1, 80, 1, 47, 1, 208, 1, 144, 1, 3, 1, 1, 1, 128, 1, 18, 1, 20, 1, 40, 1, 47
 85+  8366 01 D0 01 90
 85+  836A 01 03 01 01
 85+  836E 01 80 01 12
 85+  8372 01 14 01 28
 85+  8376 01 2F
 86+  8378 0D FF 01 D0            DEFB 13, 255, 1, 208, 1, 2, 1, 128, 1, 23, 1, 64, 1, 11, 1, 250, 1, 0, 1, 80, 1, 2
 86+  837C 01 02 01 80
 86+  8380 01 17 01 40
 86+  8384 01 0B 01 FA
 86+  8388 01 00 01 50
 86+  838C 01 02
 87+  838E 01 D0 01 A0            DEFB 1, 208, 1, 160, 1, 91, 1, 109, 1, 180, 1, 10, 1, 20, 1, 2, 13, 255, 1, 253, 1, 5
 87+  8392 01 5B 01 6D
 87+  8396 01 B4 01 0A
 87+  839A 01 14 01 02
 87+  839E 0D FF 01 FD
 87+  83A2 01 05
 88+  83A4 01 42 01 80            DEFB 1, 66, 1, 128, 1, 23, 1, 64, 1, 11, 1, 160, 1, 168, 1, 80, 1, 168, 1, 0, 1, 144
 88+  83A8 01 17 01 40
 88+  83AC 01 0B 01 A0
 88+  83B0 01 A8 01 50
 88+  83B4 01 A8 01 00
 88+  83B8 01 90
 89+  83BA 01 0B 01 6D            DEFB 1, 11, 1, 109, 1, 160, 1, 18, 1, 20, 1, 47, 13, 255, 1, 253, 1, 5, 1, 66, 1, 151
 89+  83BE 01 A0 01 12
 89+  83C2 01 14 01 2F
 89+  83C6 0D FF 01 FD
 89+  83CA 01 05 01 42
 89+  83CE 01 97
 90+  83D0 01 41 01 4B            DEFB 1, 65, 1, 75, 2, 160, 1, 168, 1, 80, 1, 190, 1, 130, 1, 253, 2, 0, 1, 1, 1, 123
 90+  83D4 02 A0 01 A8
 90+  83D8 01 50 01 BE
 90+  83DC 01 82 01 FD
 90+  83E0 02 00 01 01
 90+  83E4 01 7B
 91+  83E6 01 76 05 FF            DEFB 1, 118, 5, 255, 1, 251, 9, 255, 1, 213, 1, 254, 1, 127, 1, 247, 1, 63, 1, 251, 1, 250
 91+  83EA 01 FB 09 FF
 91+  83EE 01 D5 01 FE
 91+  83F2 01 7F 01 F7
 91+  83F6 01 3F 01 FB
 91+  83FA 01 FA
 92+  83FC 01 BF 02 FF            DEFB 1, 191, 2, 255, 1, 239, 7, 255, 1, 239, 13, 255, 1, 223, 16, 255, 1, 253, 15, 255, 1, 250
 92+  8400 01 EF 07 FF
 92+  8404 01 EF 0D FF
 92+  8408 01 DF 10 FF
 92+  840C 01 FD 0F FF
 92+  8410 01 FA
 93+  8412 01 01 01 AF            DEFB 1, 1, 1, 175, 1, 0, 3, 255, 1, 87, 1, 255, 1, 192, 1, 63, 3, 255, 1, 248, 1, 0
 93+  8416 01 00 03 FF
 93+  841A 01 57 01 FF
 93+  841E 01 C0 01 3F
 93+  8422 03 FF 01 F8
 93+  8426 01 00
 94+  8428 01 10 01 5F            DEFB 1, 16, 1, 95, 14, 255, 1, 162, 1, 132, 1, 130, 1, 66, 1, 245, 1, 127, 1, 244, 1, 81
 94+  842C 0E FF 01 A2
 94+  8430 01 84 01 82
 94+  8434 01 42 01 F5
 94+  8438 01 7F 01 F4
 94+  843C 01 51
 95+  843E 01 7F 01 D0            DEFB 1, 127, 1, 208, 1, 190, 1, 128, 1, 0, 1, 2, 1, 250, 1, 20, 1, 45, 1, 5, 10, 255
 95+  8442 01 BE 01 80
 95+  8446 01 00 01 02
 95+  844A 01 FA 01 14
 95+  844E 01 2D 01 05
 95+  8452 0A FF
 96+  8454 01 FE 02 FF            DEFB 1, 254, 2, 255, 1, 250, 1, 2, 1, 132, 1, 130, 1, 67, 1, 65, 1, 127, 1, 64, 1, 80
 96+  8458 01 FA 01 02
 96+  845C 01 84 01 82
 96+  8460 01 43 01 41
 96+  8464 01 7F 01 40
 96+  8468 01 50
 97+  846A 01 17 01 D0            DEFB 1, 23, 1, 208, 1, 144, 1, 4, 1, 108, 1, 64, 1, 18, 1, 20, 1, 48, 1, 95, 13, 255
 97+  846E 01 90 01 04
 97+  8472 01 6C 01 40
 97+  8476 01 12 01 14
 97+  847A 01 30 01 5F
 97+  847E 0D FF
 98+  8480 01 A0 01 02            DEFB 1, 160, 1, 2, 1, 128, 1, 47, 1, 64, 1, 23, 1, 244, 1, 0, 1, 80, 1, 1, 1, 80
 98+  8484 01 80 01 2F
 98+  8488 01 40 01 17
 98+  848C 01 F4 01 00
 98+  8490 01 50 01 01
 98+  8494 01 50
 99+  8496 01 A0 01 40            DEFB 1, 160, 1, 64, 1, 0, 1, 4, 1, 10, 1, 20, 1, 5, 13, 255, 1, 250, 1, 11, 1, 66
 99+  849A 01 00 01 04
 99+  849E 01 0A 01 14
 99+  84A2 01 05 0D FF
 99+  84A6 01 FA 01 0B
 99+  84AA 01 42
100+  84AC 01 80 01 0B            DEFB 1, 128, 1, 11, 1, 65, 1, 5, 1, 65, 1, 104, 1, 80, 1, 180, 1, 0, 1, 144, 1, 4
100+  84B0 01 41 01 05
100+  84B4 01 41 01 68
100+  84B8 01 50 01 B4
100+  84BC 01 00 01 90
100+  84C0 01 04
101+  84C2 01 6C 01 40            DEFB 1, 108, 1, 64, 1, 18, 1, 36, 1, 95, 13, 255, 1, 254, 1, 130, 1, 66, 1, 175, 1, 162
101+  84C6 01 12 01 24
101+  84CA 01 5F 0D FF
101+  84CE 01 FE 01 82
101+  84D2 01 42 01 AF
101+  84D6 01 A2
102+  84D8 01 57 01 D1            DEFB 1, 87, 1, 209, 1, 80, 1, 72, 1, 80, 1, 191, 1, 69, 1, 254, 1, 128, 1, 0, 1, 2
102+  84DC 01 50 01 48
102+  84E0 01 50 01 BF
102+  84E4 01 45 01 FE
102+  84E8 01 80 01 00
102+  84EC 01 02
103+  84EE 01 FA 01 F5            DEFB 1, 250, 1, 245, 12, 255, 1, 127, 2, 255, 1, 235, 1, 254, 2, 255, 1, 127, 1, 255, 1, 253
103+  84F2 0C FF 01 7F
103+  84F6 02 FF 01 EB
103+  84FA 01 FE 02 FF
103+  84FE 01 7F 01 FF
103+  8502 01 FD
104+  8504 01 7F 29 FF            DEFB 1, 127, 41, 255, 1, 253, 15, 255, 1, 250, 1, 253, 1, 175, 1, 126, 3, 255, 1, 87, 1, 255
104+  8508 01 FD 0F FF
104+  850C 01 FA 01 FD
104+  8510 01 AF 01 7E
104+  8514 03 FF 01 57
104+  8518 01 FF
105+  851A 01 DF 01 BF            DEFB 1, 223, 1, 191, 3, 255, 1, 251, 1, 247, 1, 240, 1, 95, 14, 255, 1, 162, 1, 132, 1, 130
105+  851E 03 FF 01 FB
105+  8522 01 F7 01 F0
105+  8526 01 5F 0E FF
105+  852A 01 A2 01 84
105+  852E 01 82
106+  8530 01 42 01 F5            DEFB 1, 66, 1, 245, 1, 127, 1, 244, 1, 81, 1, 127, 1, 208, 1, 189, 2, 0, 1, 1, 1, 122
106+  8534 01 7F 01 F4
106+  8538 01 51 01 7F
106+  853C 01 D0 01 BD
106+  8540 02 00 01 01
106+  8544 01 7A
107+  8546 01 14 01 2D            DEFB 1, 20, 1, 45, 1, 5, 13, 255, 1, 250, 1, 2, 1, 132, 1, 130, 1, 67, 1, 65, 1, 127
107+  854A 01 05 0D FF
107+  854E 01 FA 01 02
107+  8552 01 84 01 82
107+  8556 01 43 01 41
107+  855A 01 7F
108+  855C 01 40 01 50            DEFB 1, 64, 1, 80, 1, 23, 1, 208, 1, 144, 1, 11, 1, 109, 1, 160, 1, 18, 1, 20, 1, 48
108+  8560 01 17 01 D0
108+  8564 01 90 01 0B
108+  8568 01 6D 01 A0
108+  856C 01 12 01 14
108+  8570 01 30
109+  8572 01 5F 0D FF            DEFB 1, 95, 13, 255, 1, 160, 1, 130, 1, 128, 1, 47, 1, 64, 1, 23, 1, 244, 1, 16, 1, 80
109+  8576 01 A0 01 82
109+  857A 01 80 01 2F
109+  857E 01 40 01 17
109+  8582 01 F4 01 10
109+  8586 01 50
110+  8588 01 41 01 50            DEFB 1, 65, 1, 80, 1, 160, 1, 91, 1, 109, 1, 180, 1, 10, 1, 20, 1, 5, 13, 255, 1, 250
110+  858C 01 A0 01 5B
110+  8590 01 6D 01 B4
110+  8594 01 0A 01 14
110+  8598 01 05 0D FF
110+  859C 01 FA
111+  859E 01 0B 01 42            DEFB 1, 11, 1, 66, 1, 128, 1, 11, 1, 65, 1, 5, 1, 65, 1, 104, 1, 80, 1, 180, 1, 0
111+  85A2 01 80 01 0B
111+  85A6 01 41 01 05
111+  85AA 01 41 01 68
111+  85AE 01 50 01 B4
111+  85B2 01 00
112+  85B4 01 90 01 03            DEFB 1, 144, 1, 3, 1, 1, 1, 128, 1, 18, 1, 36, 1, 95, 13, 255, 1, 254, 1, 130, 1, 66
112+  85B8 01 01 01 80
112+  85BC 01 12 01 24
112+  85C0 01 5F 0D FF
112+  85C4 01 FE 01 82
112+  85C8 01 42
113+  85CA 01 AF 01 A2            DEFB 1, 175, 1, 162, 1, 87, 1, 209, 1, 80, 1, 72, 1, 80, 1, 191, 1, 69, 1, 255, 1, 96
113+  85CE 01 57 01 D1
113+  85D2 01 50 01 48
113+  85D6 01 50 01 BF
113+  85DA 01 45 01 FF
113+  85DE 01 60
114+  85E0 01 00 01 0D            DEFB 1, 0, 1, 13, 1, 250, 1, 245, 15, 255, 1, 235, 1, 254, 2, 255, 1, 127, 1, 255, 1, 253
114+  85E4 01 FA 01 F5
114+  85E8 0F FF 01 EB
114+  85EC 01 FE 02 FF
114+  85F0 01 7F 01 FF
114+  85F4 01 FD
115+  85F6 01 7F 04 FF            DEFB 1, 127, 4, 255, 1, 254, 36, 255, 1, 250, 15, 255, 1, 246, 1, 133, 1, 87, 1, 66, 2, 255
115+  85FA 01 FE 24 FF
115+  85FE 01 FA 0F FF
115+  8602 01 F6 01 85
115+  8606 01 57 01 42
115+  860A 02 FF
116+  860C 01 FE 01 DB            DEFB 1, 254, 1, 219, 1, 255, 1, 208, 1, 191, 3, 255, 1, 250, 1, 20, 1, 40, 1, 47, 14, 255
116+  8610 01 FF 01 D0
116+  8614 01 BF 03 FF
116+  8618 01 FA 01 14
116+  861C 01 28 01 2F
116+  8620 0E FF
117+  8622 01 42 01 85            DEFB 1, 66, 1, 133, 1, 65, 1, 66, 1, 232, 1, 191, 1, 232, 1, 80, 1, 191, 1, 208, 1, 186
117+  8626 01 41 01 42
117+  862A 01 E8 01 BF
117+  862E 01 E8 01 50
117+  8632 01 BF 01 D0
117+  8636 01 BA
118+  8638 03 00 01 BA            DEFB 3, 0, 1, 186, 1, 20, 1, 42, 1, 11, 13, 255, 1, 244, 1, 2, 1, 133, 1, 5, 1, 66
118+  863C 01 14 01 2A
118+  8640 01 0B 0D FF
118+  8644 01 F4 01 02
118+  8648 01 85 01 05
118+  864C 01 42
119+  864E 01 82 01 FE            DEFB 1, 130, 1, 254, 1, 128, 1, 80, 1, 11, 1, 208, 1, 160, 1, 16, 1, 0, 1, 16, 1, 10
119+  8652 01 80 01 50
119+  8656 01 0B 01 D0
119+  865A 01 A0 01 10
119+  865E 01 00 01 10
119+  8662 01 0A
120+  8664 01 14 01 00            DEFB 1, 20, 1, 0, 1, 191, 13, 255, 1, 65, 1, 66, 1, 128, 1, 95, 1, 64, 1, 47, 1, 232
120+  8668 01 BF 0D FF
120+  866C 01 41 01 42
120+  8670 01 80 01 5F
120+  8674 01 40 01 2F
120+  8678 01 E8
121+  867A 01 28 01 50            DEFB 1, 40, 1, 80, 1, 160, 1, 144, 1, 160, 1, 91, 1, 109, 1, 180, 1, 10, 1, 20, 1, 11
121+  867E 01 A0 01 90
121+  8682 01 A0 01 5B
121+  8686 01 6D 01 B4
121+  868A 01 0A 01 14
121+  868E 01 0B
122+  8690 0D FF 01 F4            DEFB 13, 255, 1, 244, 1, 23, 1, 66, 1, 130, 1, 5, 1, 66, 2, 130, 1, 232, 1, 80, 1, 186
122+  8694 01 17 01 42
122+  8698 01 82 01 05
122+  869C 01 42 02 82
122+  86A0 01 E8 01 50
122+  86A4 01 BA
123+  86A6 01 00 01 A8            DEFB 1, 0, 1, 168, 1, 0, 1, 254, 1, 0, 1, 42, 1, 84, 1, 191, 14, 255, 1, 65, 1, 126
123+  86AA 01 00 01 FE
123+  86AE 01 00 01 2A
123+  86B2 01 54 01 BF
123+  86B6 0E FF 01 41
123+  86BA 01 7E
124+  86BC 01 DF 01 D5            DEFB 1, 223, 1, 213, 1, 111, 1, 234, 1, 232, 1, 47, 1, 223, 1, 191, 1, 171, 1, 255, 1, 152
124+  86C0 01 6F 01 EA
124+  86C4 01 E8 01 2F
124+  86C8 01 DF 01 BF
124+  86CC 01 AB 01 FF
124+  86D0 01 98
125+  86D2 01 00 01 33            DEFB 1, 0, 1, 51, 1, 249, 1, 243, 15, 255, 1, 247, 5, 255, 1, 254, 18, 255, 1, 254, 23, 255
125+  86D6 01 F9 01 F3
125+  86DA 0F FF 01 F7
125+  86DE 05 FF 01 FE
125+  86E2 12 FF 01 FE
125+  86E6 17 FF
126+  86E8 01 FA 0F FF            DEFB 1, 250, 15, 255, 1, 246, 1, 133, 1, 87, 1, 66, 2, 255, 1, 254, 1, 219, 1, 255, 1, 208
126+  86EC 01 F6 01 85
126+  86F0 01 57 01 42
126+  86F4 02 FF 01 FE
126+  86F8 01 DB 01 FF
126+  86FC 01 D0
127+  86FE 01 BF 01 FF            DEFB 1, 191, 1, 255, 1, 1, 1, 255, 1, 250, 1, 20, 1, 40, 1, 47, 14, 255, 1, 66, 1, 133
127+  8702 01 01 01 FF
127+  8706 01 FA 01 14
127+  870A 01 28 01 2F
127+  870E 0E FF 01 42
127+  8712 01 85
128+  8714 01 41 01 42            DEFB 1, 65, 1, 66, 1, 232, 1, 191, 1, 232, 1, 80, 1, 191, 1, 208, 1, 180, 3, 0, 1, 90
128+  8718 01 E8 01 BF
128+  871C 01 E8 01 50
128+  8720 01 BF 01 D0
128+  8724 01 B4 03 00
128+  8728 01 5A
129+  872A 01 14 01 2A            DEFB 1, 20, 1, 42, 1, 11, 13, 255, 1, 244, 1, 2, 1, 133, 1, 5, 1, 66, 1, 130, 1, 254
129+  872E 01 0B 0D FF
129+  8732 01 F4 01 02
129+  8736 01 85 01 05
129+  873A 01 42 01 82
129+  873E 01 FE
130+  8740 01 80 01 50            DEFB 1, 128, 1, 80, 1, 11, 1, 208, 1, 160, 1, 43, 1, 109, 1, 168, 1, 10, 1, 20, 1, 0
130+  8744 01 0B 01 D0
130+  8748 01 A0 01 2B
130+  874C 01 6D 01 A8
130+  8750 01 0A 01 14
130+  8754 01 00
131+  8756 01 BF 0D FF            DEFB 1, 191, 13, 255, 1, 65, 1, 66, 1, 128, 1, 95, 1, 64, 1, 47, 1, 232, 1, 40, 1, 80
131+  875A 01 41 01 42
131+  875E 01 80 01 5F
131+  8762 01 40 01 2F
131+  8766 01 E8 01 28
131+  876A 01 50
132+  876C 01 A0 01 90            DEFB 1, 160, 1, 144, 1, 160, 1, 32, 1, 0, 1, 8, 1, 10, 1, 20, 1, 11, 13, 255, 1, 244
132+  8770 01 A0 01 20
132+  8774 01 00 01 08
132+  8778 01 0A 01 14
132+  877C 01 0B 0D FF
132+  8780 01 F4
133+  8782 01 17 01 42            DEFB 1, 23, 1, 66, 1, 133, 1, 5, 1, 66, 2, 130, 1, 232, 1, 80, 1, 186, 1, 0, 1, 168
133+  8786 01 85 01 05
133+  878A 01 42 02 82
133+  878E 01 E8 01 50
133+  8792 01 BA 01 00
133+  8796 01 A8
134+  8798 03 00 01 2A            DEFB 3, 0, 1, 42, 1, 84, 1, 191, 14, 255, 1, 65, 1, 0, 1, 223, 1, 213, 1, 111, 1, 234
134+  879C 01 54 01 BF
134+  87A0 0E FF 01 41
134+  87A4 01 00 01 DF
134+  87A8 01 D5 01 6F
134+  87AC 01 EA
135+  87AE 01 E8 01 20            DEFB 1, 232, 1, 32, 1, 0, 1, 63, 1, 171, 1, 255, 1, 231, 1, 1, 1, 207, 1, 249, 1, 243
135+  87B2 01 00 01 3F
135+  87B6 01 AB 01 FF
135+  87BA 01 E7 01 01
135+  87BE 01 CF 01 F9
135+  87C2 01 F3
136+  87C4 0F FF 01 F7            DEFB 15, 255, 1, 247, 4, 255, 1, 254, 61, 255, 1, 253, 1, 212, 1, 69, 1, 85, 1, 84, 1, 79
136+  87C8 04 FF 01 FE
136+  87CC 3D FF 01 FD
136+  87D0 01 D4 01 45
136+  87D4 01 55 01 54
136+  87D8 01 4F
137+  87DA 01 1B 01 D4            DEFB 1, 27, 1, 212, 1, 84, 1, 113, 1, 85, 1, 31, 22, 255, 1, 238, 1, 98, 1, 35, 1, 110
137+  87DE 01 54 01 71
137+  87E2 01 55 01 1F
137+  87E6 16 FF 01 EE
137+  87EA 01 62 01 23
137+  87EE 01 6E
138+  87F0 01 39 01 AE            DEFB 1, 57, 1, 174, 1, 106, 1, 185, 23, 255, 1, 253, 1, 84, 1, 68, 1, 113, 1, 93, 1, 68
138+  87F4 01 6A 01 B9
138+  87F8 17 FF 01 FD
138+  87FC 01 54 01 44
138+  8800 01 71 01 5D
138+  8804 01 44
139+  8806 01 57 02 11            DEFB 1, 87, 2, 17, 1, 31, 53, 255, 1, 191, 1, 255, 1, 207, 1, 255, 1, 195, 1, 247, 2, 255
139+  880A 01 1F 35 FF
139+  880E 01 BF 01 FF
139+  8812 01 CF 01 FF
139+  8816 01 C3 01 F7
139+  881A 02 FF
140+  881C 01 1F 01 8F            DEFB 1, 31, 1, 143, 20, 255, 1, 252, 1, 63, 1, 255, 1, 170, 1, 189, 1, 255, 1, 198, 1, 0
140+  8820 14 FF 01 FC
140+  8824 01 3F 01 FF
140+  8828 01 AA 01 BD
140+  882C 01 FF 01 C6
140+  8830 01 00
141+  8832 01 70 01 00            DEFB 1, 112, 1, 0, 1, 21, 1, 238, 1, 191, 17, 255, 1, 252, 1, 193, 1, 0, 1, 21, 1, 117
141+  8836 01 15 01 EE
141+  883A 01 BF 11 FF
141+  883E 01 FC 01 C1
141+  8842 01 00 01 15
141+  8846 01 75
142+  8848 01 7F 01 87            DEFB 1, 127, 1, 135, 1, 128, 1, 127, 1, 254, 1, 0, 1, 31, 1, 127, 1, 248, 1, 123, 1, 129
142+  884C 01 80 01 7F
142+  8850 01 FE 01 00
142+  8854 01 1F 01 7F
142+  8858 01 F8 01 7B
142+  885C 01 81
143+  885E 01 BD 55 FF            DEFB 1, 189, 85, 255, 1, 234, 1, 170, 1, 235, 1, 111, 1, 186, 1, 222, 1, 170, 1, 187, 23, 255
143+  8862 01 EA 01 AA
143+  8866 01 EB 01 6F
143+  886A 01 BA 01 DE
143+  886E 01 AA 01 BB
143+  8872 17 FF
144+  8874 01 FC 01 55            DEFB 1, 252, 1, 85, 1, 237, 1, 245, 1, 92, 1, 85, 1, 87, 1, 213, 1, 87, 1, 127, 55, 255
144+  8878 01 ED 01 F5
144+  887C 01 5C 01 55
144+  8880 01 57 01 D5
144+  8884 01 57 01 7F
144+  8888 37 FF
145+  888A 01 33 01 FE            DEFB 1, 51, 1, 254, 1, 60, 1, 27, 1, 255, 1, 252, 1, 224, 1, 115, 19, 255, 1, 127, 1, 243
145+  888E 01 3C 01 1B
145+  8892 01 FF 01 FC
145+  8896 01 E0 01 73
145+  889A 13 FF 01 7F
145+  889E 01 F3
146+  88A0 01 C3 01 FF            DEFB 1, 195, 1, 255, 1, 181, 1, 87, 1, 255, 1, 248, 1, 0, 1, 96, 1, 0, 1, 42, 1, 242
146+  88A4 01 B5 01 57
146+  88A8 01 FF 01 F8
146+  88AC 01 00 01 60
146+  88B0 01 00 01 2A
146+  88B4 01 F2
147+  88B6 01 BF 11 FF            DEFB 1, 191, 17, 255, 1, 243, 1, 4, 1, 0, 1, 42, 1, 234, 1, 174, 1, 0, 1, 121, 1, 245
147+  88BA 01 F3 01 04
147+  88BE 01 00 01 2A
147+  88C2 01 EA 01 AE
147+  88C6 01 00 01 79
147+  88CA 01 F5
148+  88CC 01 55 01 80            DEFB 1, 85, 1, 128, 1, 1, 1, 255, 1, 224, 1, 7, 1, 5, 1, 221, 85, 255, 1, 226, 1, 170
148+  88D0 01 01 01 FF
148+  88D4 01 E0 01 07
148+  88D8 01 05 01 DD
148+  88DC 55 FF 01 E2
148+  88E0 01 AA
149+  88E2 01 EA 01 22            DEFB 1, 234, 1, 34, 1, 56, 1, 222, 1, 162, 1, 187, 23, 255, 1, 253, 1, 84, 1, 109, 1, 243
149+  88E6 01 38 01 DE
149+  88EA 01 A2 01 BB
149+  88EE 17 FF 01 FD
149+  88F2 01 54 01 6D
149+  88F6 01 F3
150+  88F8 01 5D 01 44            DEFB 1, 93, 1, 68, 1, 207, 1, 213, 1, 83, 1, 31, 10, 255, 1, 223, 19, 255, 1, 223, 23, 255
150+  88FC 01 CF 01 D5
150+  8900 01 53 01 1F
150+  8904 0A FF 01 DF
150+  8908 13 FF 01 DF
150+  890C 17 FF
151+  890E 01 FC 01 CC            DEFB 1, 252, 1, 204, 1, 249, 1, 195, 1, 123, 1, 255, 1, 251, 1, 2, 1, 141, 20, 255, 1, 204
151+  8912 01 F9 01 C3
151+  8916 01 7B 01 FF
151+  891A 01 FB 01 02
151+  891E 01 8D 14 FF
151+  8922 01 CC
152+  8924 01 3D 01 FF            DEFB 1, 61, 1, 255, 1, 106, 1, 171, 1, 255, 1, 224, 1, 1, 1, 192, 1, 0, 1, 85, 1, 125
152+  8928 01 6A 01 AB
152+  892C 01 FF 01 E0
152+  8930 01 01 01 C0
152+  8934 01 00 01 55
152+  8938 01 7D
153+  893A 01 9F 11 FF            DEFB 1, 159, 17, 255, 1, 204, 1, 16, 1, 1, 1, 85, 1, 96, 1, 88, 1, 0, 1, 6, 1, 106
153+  893E 01 CC 01 10
153+  8942 01 01 01 55
153+  8946 01 60 01 58
153+  894A 01 00 01 06
153+  894E 01 6A
154+  8950 01 83 01 40            DEFB 1, 131, 1, 64, 1, 0, 1, 31, 1, 128, 1, 1, 1, 175, 1, 237, 78, 255, 1, 253, 37, 255
154+  8954 01 00 01 1F
154+  8958 01 80 01 01
154+  895C 01 AF 01 ED
154+  8960 4E FF 01 FD
154+  8964 25 FF
155+  8966 01 FD 01 57            DEFB 1, 253, 1, 87, 1, 109, 1, 245, 1, 189, 1, 85, 1, 87, 1, 85, 1, 87, 1, 223, 54, 255
155+  896A 01 6D 01 F5
155+  896E 01 BD 01 55
155+  8972 01 57 01 55
155+  8976 01 57 01 DF
155+  897A 36 FF
156+  897C 01 F3 01 03            DEFB 1, 243, 1, 3, 1, 38, 1, 5, 1, 187, 1, 192, 1, 4, 1, 0, 1, 114, 20, 255, 1, 48
156+  8980 01 26 01 05
156+  8984 01 BB 01 C0
156+  8988 01 04 01 00
156+  898C 01 72 14 FF
156+  8990 01 30
157+  8992 01 42 01 FF            DEFB 1, 66, 1, 255, 2, 85, 1, 127, 1, 128, 1, 6, 1, 128, 1, 0, 1, 170, 1, 254, 1, 111
157+  8996 02 55 01 7F
157+  899A 01 80 01 06
157+  899E 01 80 01 00
157+  89A2 01 AA 01 FE
157+  89A6 01 6F
158+  89A8 11 FF 01 BF            DEFB 17, 255, 1, 191, 1, 192, 1, 10, 1, 171, 1, 224, 1, 96, 1, 0, 1, 4, 1, 52, 1, 15
158+  89AC 01 C0 01 0A
158+  89B0 01 AB 01 E0
158+  89B4 01 60 01 00
158+  89B8 01 04 01 34
158+  89BC 01 0F
159+  89BE 01 A0 03 00            DEFB 1, 160, 3, 0, 1, 7, 1, 223, 1, 237, 9, 255, 1, 253, 9, 255, 1, 252, 2, 68, 1, 69
159+  89C2 01 07 01 DF
159+  89C6 01 ED 09 FF
159+  89CA 01 FD 09 FF
159+  89CE 01 FC 02 44
159+  89D2 01 45
160+  89D4 01 54 01 4F            DEFB 1, 84, 1, 79, 1, 21, 1, 212, 1, 84, 1, 119, 1, 21, 1, 31, 18, 255, 1, 253, 66, 255
160+  89D8 01 15 01 D4
160+  89DC 01 54 01 77
160+  89E0 01 15 01 1F
160+  89E4 12 FF 01 FD
160+  89E8 42 FF
161+  89EA 01 FD 02 44            DEFB 1, 253, 2, 68, 1, 113, 1, 189, 1, 85, 1, 87, 1, 17, 1, 81, 1, 31, 45, 255, 1, 253
161+  89EE 01 71 01 BD
161+  89F2 01 55 01 57
161+  89F6 01 11 01 51
161+  89FA 01 1F 2D FF
161+  89FE 01 FD
162+  8A00 08 FF 01 EC            DEFB 8, 255, 1, 236, 1, 9, 1, 216, 1, 43, 1, 216, 1, 63, 1, 255, 1, 224, 1, 189, 1, 127
162+  8A04 01 09 01 D8
162+  8A08 01 2B 01 D8
162+  8A0C 01 3F 01 FF
162+  8A10 01 E0 01 BD
162+  8A14 01 7F
163+  8A16 12 FF 01 FC            DEFB 18, 255, 1, 252, 1, 193, 1, 1, 1, 126, 2, 170, 1, 190, 1, 0, 1, 7, 1, 64, 1, 5
163+  8A1A 01 C1 01 01
163+  8A1E 01 7E 02 AA
163+  8A22 01 BE 01 00
163+  8A26 01 07 01 40
163+  8A2A 01 05
164+  8A2C 01 55 01 FF            DEFB 1, 85, 1, 255, 1, 151, 17, 255, 1, 85, 1, 64, 2, 85, 1, 225, 1, 128, 1, 0, 1, 8
164+  8A30 01 97 11 FF
164+  8A34 01 55 01 40
164+  8A38 02 55 01 E1
164+  8A3C 01 80 01 00
164+  8A40 01 08
165+  8A42 01 0F 01 F7            DEFB 1, 15, 1, 247, 1, 208, 3, 0, 1, 31, 1, 231, 1, 45, 19, 255, 1, 253, 1, 85, 1, 93
165+  8A46 01 D0 03 00
165+  8A4A 01 1F 01 E7
165+  8A4E 01 2D 13 FF
165+  8A52 01 FD 01 55
165+  8A56 01 5D
166+  8A58 01 54 01 45            DEFB 1, 84, 1, 69, 1, 215, 1, 85, 1, 198, 1, 213, 1, 247, 1, 81, 1, 95, 4, 255, 1, 223
166+  8A5C 01 D7 01 55
166+  8A60 01 C6 01 D5
166+  8A64 01 F7 01 51
166+  8A68 01 5F 04 FF
166+  8A6C 01 DF
167+  8A6E 5C FF 01 7F            DEFB 92, 255, 1, 127, 51, 255, 1, 238, 1, 2, 1, 161, 1, 95, 1, 219, 1, 192, 1, 0, 1, 31
167+  8A72 33 FF 01 EE
167+  8A76 01 02 01 A1
167+  8A7A 01 5F 01 DB
167+  8A7E 01 C0 01 00
167+  8A82 01 1F
168+  8A84 01 5D 01 7F            DEFB 1, 93, 1, 127, 5, 255, 1, 254, 12, 255, 1, 243, 1, 4, 1, 0, 1, 185, 1, 213, 1, 85
168+  8A88 05 FF 01 FE
168+  8A8C 0C FF 01 F3
168+  8A90 01 04 01 00
168+  8A94 01 B9 01 D5
168+  8A98 01 55
169+  8A9A 01 58 01 00            DEFB 1, 88, 1, 0, 1, 1, 1, 226, 1, 42, 1, 170, 1, 255, 1, 235, 1, 254, 1, 7, 14, 255
169+  8A9E 01 01 01 E2
169+  8AA2 01 2A 01 AA
169+  8AA6 01 FF 01 EB
169+  8AAA 01 FE 01 07
169+  8AAE 0E FF
170+  8AB0 01 FE 01 AA            DEFB 1, 254, 1, 170, 1, 160, 1, 170, 1, 175, 1, 198, 2, 0, 1, 16, 1, 0, 1, 3, 1, 232
170+  8AB4 01 A0 01 AA
170+  8AB8 01 AF 01 C6
170+  8ABC 02 00 01 10
170+  8AC0 01 00 01 03
170+  8AC4 01 E8
171+  8AC6 03 00 01 7C            DEFB 3, 0, 1, 124, 1, 28, 1, 235, 19, 255, 1, 252, 1, 77, 1, 92, 1, 197, 1, 84, 1, 215
171+  8ACA 01 1C 01 EB
171+  8ACE 13 FF 01 FC
171+  8AD2 01 4D 01 5C
171+  8AD6 01 C5 01 54
171+  8ADA 01 D7
172+  8ADC 01 35 01 D6            DEFB 1, 53, 1, 214, 1, 204, 1, 247, 1, 21, 1, 63, 22, 255, 1, 226, 1, 34, 1, 42, 1, 34
172+  8AE0 01 CC 01 F7
172+  8AE4 01 15 01 3F
172+  8AE8 16 FF 01 E2
172+  8AEC 01 22 01 2A
172+  8AF0 01 22
173+  8AF2 01 38 01 AE            DEFB 1, 56, 1, 174, 1, 34, 1, 56, 22, 255, 1, 127, 82, 255, 1, 254, 13, 255, 1, 219, 1, 149
173+  8AF6 01 22 01 38
173+  8AFA 16 FF 01 7F
173+  8AFE 52 FF 01 FE
173+  8B02 0D FF 01 DB
173+  8B06 01 95
174+  8B08 01 5C 01 FE            DEFB 1, 92, 1, 254, 1, 124, 3, 0, 1, 254, 1, 191, 10, 255, 1, 247, 7, 255, 1, 204, 1, 16
174+  8B0C 01 7C 03 00
174+  8B10 01 FE 01 BF
174+  8B14 0A FF 01 F7
174+  8B18 07 FF 01 CC
174+  8B1C 01 10
175+  8B1E 01 01 01 47            DEFB 1, 1, 1, 71, 1, 250, 1, 170, 1, 224, 2, 0, 1, 31, 1, 85, 1, 87, 1, 255, 1, 245
175+  8B22 01 FA 01 AA
175+  8B26 01 E0 02 00
175+  8B2A 01 1F 01 55
175+  8B2E 01 57 01 FF
175+  8B32 01 F5
176+  8B34 01 81 01 FB            DEFB 1, 129, 1, 251, 14, 255, 1, 253, 3, 85, 1, 95, 1, 216, 2, 0, 1, 16, 1, 33, 1, 229
176+  8B38 0E FF 01 FD
176+  8B3C 03 55 01 5F
176+  8B40 01 D8 02 00
176+  8B44 01 10 01 21
176+  8B48 01 E5
177+  8B4A 01 E8 02 00            DEFB 1, 232, 2, 0, 1, 1, 1, 128, 1, 243, 1, 55, 19, 255, 1, 253, 1, 213, 3, 85, 1, 215
177+  8B4E 01 01 01 80
177+  8B52 01 F3 01 37
177+  8B56 13 FF 01 FD
177+  8B5A 01 D5 03 55
177+  8B5E 01 D7
178+  8B60 01 5B 01 D6            DEFB 1, 91, 1, 214, 1, 213, 1, 247, 1, 85, 1, 95, 13, 255, 1, 127, 8, 255, 1, 238, 1, 170
178+  8B64 01 D5 01 F7
178+  8B68 01 55 01 5F
178+  8B6C 0D FF 01 7F
178+  8B70 08 FF 01 EE
178+  8B74 01 AA
179+  8B76 01 AB 01 6E            DEFB 1, 171, 1, 110, 1, 250, 1, 174, 1, 170, 1, 187, 36, 255, 1, 223, 26, 255, 1, 223, 26, 255
179+  8B7A 01 FA 01 AE
179+  8B7E 01 AA 01 BB
179+  8B82 24 FF 01 DF
179+  8B86 1A FF 01 DF
179+  8B8A 1A FF
180+  8B8C 01 FC 01 0F            DEFB 1, 252, 1, 15, 2, 255, 1, 224, 1, 127, 23, 255, 1, 213, 1, 106, 1, 191, 1, 57, 1, 135
180+  8B90 02 FF 01 E0
180+  8B94 01 7F 17 FF
180+  8B98 01 D5 01 6A
180+  8B9C 01 BF 01 39
180+  8BA0 01 87
181+  8BA2 01 80 01 00            DEFB 1, 128, 1, 0, 1, 47, 1, 30, 1, 191, 18, 255, 1, 48, 1, 64, 1, 2, 1, 191, 1, 255
181+  8BA6 01 2F 01 1E
181+  8BAA 01 BF 12 FF
181+  8BAE 01 30 01 40
181+  8BB2 01 02 01 BF
181+  8BB6 01 FF
182+  8BB8 01 7D 01 80            DEFB 1, 125, 1, 128, 1, 15, 1, 248, 1, 1, 1, 234, 1, 175, 1, 255, 1, 244, 1, 126, 1, 5
182+  8BBC 01 0F 01 F8
182+  8BC0 01 01 01 EA
182+  8BC4 01 AF 01 FF
182+  8BC8 01 F4 01 7E
182+  8BCC 01 05
183+  8BCE 0E FF 01 FA            DEFB 14, 255, 1, 250, 1, 170, 1, 174, 1, 170, 1, 255, 1, 224, 2, 0, 1, 16, 1, 65, 1, 226
183+  8BD2 01 AA 01 AE
183+  8BD6 01 AA 01 FF
183+  8BDA 01 E0 02 00
183+  8BDE 01 10 01 41
183+  8BE2 01 E2
184+  8BE4 01 F4 02 00            DEFB 1, 244, 2, 0, 1, 6, 1, 31, 1, 180, 1, 119, 14, 255, 1, 251, 1, 117, 1, 87, 1, 221
184+  8BE8 01 06 01 1F
184+  8BEC 01 B4 01 77
184+  8BF0 0E FF 01 FB
184+  8BF4 01 75 01 57
184+  8BF8 01 DD
185+  8BFA 01 FF 01 80            DEFB 1, 255, 1, 128, 2, 0, 1, 8, 1, 129, 1, 165, 1, 247, 1, 128, 1, 0, 1, 31, 1, 245
185+  8BFE 02 00 01 08
185+  8C02 01 81 01 A5
185+  8C06 01 F7 01 80
185+  8C0A 01 00 01 1F
185+  8C0E 01 F5
186+  8C10 01 75 01 97            DEFB 1, 117, 1, 151, 14, 255, 1, 60, 1, 67, 1, 215, 1, 250, 1, 181, 1, 127, 1, 171, 1, 192
186+  8C14 0E FF 01 3C
186+  8C18 01 43 01 D7
186+  8C1C 01 FA 01 B5
186+  8C20 01 7F 01 AB
186+  8C24 01 C0
187+  8C26 05 00 01 06            DEFB 5, 0, 1, 6, 1, 8, 1, 85, 1, 95, 1, 251, 1, 255, 1, 225, 1, 246, 1, 34, 1, 63
187+  8C2A 01 08 01 55
187+  8C2E 01 5F 01 FB
187+  8C32 01 FF 01 E1
187+  8C36 01 F6 01 22
187+  8C3A 01 3F
188+  8C3C 02 FF 01 F3            DEFB 2, 255, 1, 243, 1, 191, 4, 255, 1, 189, 1, 204, 1, 159, 1, 215, 1, 234, 1, 175, 1, 254
188+  8C40 01 BF 04 FF
188+  8C44 01 BD 01 CC
188+  8C48 01 9F 01 D7
188+  8C4C 01 EA 01 AF
188+  8C50 01 FE
189+  8C52 03 AA 01 AE            DEFB 3, 170, 1, 174, 1, 248, 1, 7, 1, 252, 1, 0, 1, 170, 1, 191, 1, 249, 1, 142, 5, 255
189+  8C56 01 F8 01 07
189+  8C5A 01 FC 01 00
189+  8C5E 01 AA 01 BF
189+  8C62 01 F9 01 8E
189+  8C66 05 FF
190+  8C68 01 F7 01 C1            DEFB 1, 247, 1, 193, 1, 197, 1, 175, 4, 255, 1, 185, 1, 251, 1, 191, 1, 95, 1, 170, 1, 171
190+  8C6C 01 C5 01 AF
190+  8C70 04 FF 01 B9
190+  8C74 01 FB 01 BF
190+  8C78 01 5F 01 AA
190+  8C7C 01 AB
191+  8C7E 01 C3 01 55            DEFB 1, 195, 1, 85, 1, 127, 1, 248, 1, 63, 1, 171, 1, 128, 1, 31, 1, 127, 1, 254, 1, 126
191+  8C82 01 7F 01 F8
191+  8C86 01 3F 01 AB
191+  8C8A 01 80 01 1F
191+  8C8E 01 7F 01 FE
191+  8C92 01 7E
192+  8C94 01 FD 01 FF            DEFB 1, 253, 1, 255, 1, 187, 2, 255, 1, 243, 1, 128, 1, 28, 1, 1, 1, 187, 6, 255, 1, 251
192+  8C98 01 BB 02 FF
192+  8C9C 01 F3 01 80
192+  8CA0 01 1C 01 01
192+  8CA4 01 BB 06 FF
192+  8CA8 01 FB
193+  8CAA 01 FD 01 DF            DEFB 1, 253, 1, 223, 1, 252, 1, 61, 1, 171, 1, 232, 1, 47, 1, 127, 1, 234, 1, 197, 1, 101
193+  8CAE 01 FC 01 3D
193+  8CB2 01 AB 01 E8
193+  8CB6 01 2F 01 7F
193+  8CBA 01 EA 01 C5
193+  8CBE 01 65
194+  8CC0 01 7D 01 7A            DEFB 1, 125, 1, 122, 1, 175, 1, 255, 1, 207, 1, 255, 1, 251, 1, 3, 1, 28, 1, 0, 1, 135
194+  8CC4 01 AF 01 FF
194+  8CC8 01 CF 01 FF
194+  8CCC 01 FB 01 03
194+  8CD0 01 1C 01 00
194+  8CD4 01 87
195+  8CD6 01 03 01 BF            DEFB 1, 3, 1, 191, 1, 223, 2, 255, 1, 223, 8, 255, 1, 248, 1, 122, 1, 190, 1, 125, 1, 170
195+  8CDA 01 DF 02 FF
195+  8CDE 01 DF 08 FF
195+  8CE2 01 F8 01 7A
195+  8CE6 01 BE 01 7D
195+  8CEA 01 AA
196+  8CEC 01 AC 01 5E            DEFB 1, 172, 1, 94, 1, 29, 1, 247, 1, 255, 1, 191, 3, 255, 1, 189, 1, 192, 1, 28, 1, 17
196+  8CF0 01 1D 01 F7
196+  8CF4 01 FF 01 BF
196+  8CF8 03 FF 01 BD
196+  8CFC 01 C0 01 1C
196+  8D00 01 11
197+  8D02 01 BE 11 FF            DEFB 1, 190, 17, 255, 1, 253, 1, 182, 1, 62, 1, 85, 1, 231, 5, 255, 1, 254, 1, 253, 1, 193
197+  8D06 01 FD 01 B6
197+  8D0A 01 3E 01 55
197+  8D0E 01 E7 05 FF
197+  8D12 01 FE 01 FD
197+  8D16 01 C1
198+  8D18 01 BE 04 FF            DEFB 1, 190, 4, 255, 1, 60, 10, 0, 5, 255, 1, 224, 1, 127, 7, 255, 1, 254, 1, 238, 10, 255
198+  8D1C 01 3C 0A 00
198+  8D20 05 FF 01 E0
198+  8D24 01 7F 07 FF
198+  8D28 01 FE 01 EE
198+  8D2C 0A FF
199+  8D2E 01 F7 01 8F            DEFB 1, 247, 1, 143, 1, 171, 1, 255, 1, 254, 3, 0, 1, 4, 1, 1, 1, 162, 1, 255, 1, 248
199+  8D32 01 AB 01 FF
199+  8D36 01 FE 03 00
199+  8D3A 01 04 01 01
199+  8D3E 01 A2 01 FF
199+  8D42 01 F8
200+  8D44 01 00 01 7E            DEFB 1, 0, 1, 126, 1, 170, 1, 190, 1, 119, 13, 255, 1, 252, 1, 194, 1, 77, 1, 235, 1, 245
200+  8D48 01 AA 01 BE
200+  8D4C 01 77 0D FF
200+  8D50 01 FC 01 C2
200+  8D54 01 4D 01 EB
200+  8D58 01 F5
201+  8D5A 01 55 01 7F            DEFB 1, 85, 1, 127, 1, 85, 1, 124, 5, 0, 1, 24, 1, 32, 1, 42, 1, 175, 1, 253, 1, 255
201+  8D5E 01 55 01 7C
201+  8D62 05 00 01 18
201+  8D66 01 20 01 2A
201+  8D6A 01 AF 01 FD
201+  8D6E 01 FF
202+  8D70 01 DE 01 E6            DEFB 1, 222, 1, 230, 1, 170, 1, 191, 2, 255, 1, 204, 1, 95, 4, 255, 1, 219, 1, 131, 1, 127
202+  8D74 01 AA 01 BF
202+  8D78 02 FF 01 CC
202+  8D7C 01 5F 04 FF
202+  8D80 01 DB 01 83
202+  8D84 01 7F
203+  8D86 01 AF 01 D5            DEFB 1, 175, 1, 213, 1, 87, 1, 253, 1, 87, 1, 117, 1, 85, 1, 110, 1, 248, 1, 26, 1, 170
203+  8D8A 01 57 01 FD
203+  8D8E 01 57 01 75
203+  8D92 01 55 01 6E
203+  8D96 01 F8 01 1A
203+  8D9A 01 AA
204+  8D9C 01 01 01 55            DEFB 1, 1, 1, 85, 1, 255, 1, 250, 1, 46, 5, 255, 1, 204, 1, 224, 1, 227, 1, 111, 4, 255
204+  8DA0 01 FF 01 FA
204+  8DA4 01 2E 05 FF
204+  8DA8 01 CC 01 E0
204+  8DAC 01 E3 01 6F
204+  8DB0 04 FF
205+  8DB2 01 B9 01 E3            DEFB 1, 185, 1, 227, 1, 248, 1, 191, 1, 85, 1, 87, 1, 131, 1, 234, 1, 175, 1, 240, 1, 255
205+  8DB6 01 F8 01 BF
205+  8DBA 01 55 01 57
205+  8DBE 01 83 01 EA
205+  8DC2 01 AF 01 F0
205+  8DC6 01 FF
206+  8DC8 01 D7 01 00            DEFB 1, 215, 1, 0, 1, 126, 1, 191, 1, 249, 2, 253, 1, 255, 1, 127, 2, 255, 1, 207, 1, 131
206+  8DCC 01 7E 01 BF
206+  8DD0 01 F9 02 FD
206+  8DD4 01 FF 01 7F
206+  8DD8 02 FF 01 CF
206+  8DDC 01 83
207+  8DDE 01 0E 01 00            DEFB 1, 14, 1, 0, 1, 247, 6, 255, 1, 253, 1, 251, 1, 63, 1, 255, 1, 193, 1, 87, 1, 213
207+  8DE2 01 F7 06 FF
207+  8DE6 01 FD 01 FB
207+  8DEA 01 3F 01 FF
207+  8DEE 01 C1 01 57
207+  8DF2 01 D5
208+  8DF4 02 7F 01 D5            DEFB 2, 127, 1, 213, 1, 235, 1, 237, 1, 254, 1, 250, 1, 191, 1, 255, 1, 63, 1, 255, 1, 250
208+  8DF8 01 EB 01 ED
208+  8DFC 01 FE 01 FA
208+  8E00 01 BF 01 FF
208+  8E04 01 3F 01 FF
208+  8E08 01 FA
209+  8E0A 01 FC 01 0E            DEFB 1, 252, 1, 14, 1, 0, 1, 67, 1, 131, 1, 127, 1, 191, 12, 255, 1, 135, 1, 217, 1, 253
209+  8E0E 01 00 01 43
209+  8E12 01 83 01 7F
209+  8E16 01 BF 0C FF
209+  8E1A 01 87 01 D9
209+  8E1E 01 FD
210+  8E20 01 F5 01 70            DEFB 1, 245, 1, 112, 1, 216, 1, 122, 1, 239, 1, 255, 1, 191, 3, 255, 1, 190, 1, 224, 1, 14
210+  8E24 01 D8 01 7A
210+  8E28 01 EF 01 FF
210+  8E2C 01 BF 03 FF
210+  8E30 01 BE 01 E0
210+  8E34 01 0E
211+  8E36 01 0B 01 7D            DEFB 1, 11, 1, 125, 17, 255, 1, 254, 1, 203, 1, 185, 1, 235, 1, 223, 6, 255, 1, 126, 1, 227
211+  8E3A 11 FF 01 FE
211+  8E3E 01 CB 01 B9
211+  8E42 01 EB 01 DF
211+  8E46 06 FF 01 7E
211+  8E4A 01 E3
212+  8E4C 01 7D 04 FF            DEFB 1, 125, 4, 255, 1, 66, 1, 24, 2, 60, 1, 126, 1, 0, 1, 254, 1, 60, 1, 62, 1, 254
212+  8E50 01 42 01 18
212+  8E54 02 3C 01 7E
212+  8E58 01 00 01 FE
212+  8E5C 01 3C 01 3E
212+  8E60 01 FE
213+  8E62 01 3C 0F FF            DEFB 1, 60, 15, 255, 1, 109, 10, 255, 1, 246, 1, 0, 1, 247, 1, 255, 1, 248, 1, 112, 2, 0
213+  8E66 01 6D 0A FF
213+  8E6A 01 F6 01 00
213+  8E6E 01 F7 01 FF
213+  8E72 01 F8 01 70
213+  8E76 02 00
214+  8E78 01 03 01 01            DEFB 1, 3, 1, 1, 1, 229, 1, 255, 1, 239, 1, 129, 1, 213, 1, 85, 1, 89, 1, 151, 13, 255
214+  8E7C 01 E5 01 FF
214+  8E80 01 EF 01 81
214+  8E84 01 D5 01 55
214+  8E88 01 59 01 97
214+  8E8C 0D FF
215+  8E8E 01 F3 01 0A            DEFB 1, 243, 1, 10, 1, 117, 1, 215, 1, 234, 1, 183, 1, 126, 1, 170, 1, 171, 1, 192, 4, 0
215+  8E92 01 75 01 D7
215+  8E96 01 EA 01 B7
215+  8E9A 01 7E 01 AA
215+  8E9E 01 AB 01 C0
215+  8EA2 04 00
216+  8EA4 01 60 01 80            DEFB 1, 96, 1, 128, 1, 21, 1, 95, 1, 253, 1, 255, 1, 210, 1, 246, 1, 171, 1, 191, 1, 254
216+  8EA8 01 15 01 5F
216+  8EAC 01 FD 01 FF
216+  8EB0 01 D2 01 F6
216+  8EB4 01 AB 01 BF
216+  8EB8 01 FE
217+  8EBA 01 3F 01 33            DEFB 1, 63, 1, 51, 1, 95, 4, 255, 1, 236, 1, 185, 1, 249, 1, 215, 2, 170, 1, 250, 1, 168
217+  8EBE 01 5F 04 FF
217+  8EC2 01 EC 01 B9
217+  8EC6 01 F9 01 D7
217+  8ECA 02 AA 01 FA
217+  8ECE 01 A8
218+  8ED0 01 0F 02 AA            DEFB 1, 15, 2, 170, 1, 248, 1, 53, 1, 85, 1, 10, 1, 171, 1, 255, 1, 154, 1, 190, 5, 255
218+  8ED4 01 F8 01 35
218+  8ED8 01 55 01 0A
218+  8EDC 01 AB 01 FF
218+  8EE0 01 9A 01 BE
218+  8EE4 05 FF
219+  8EE6 01 30 01 70            DEFB 1, 48, 1, 112, 1, 118, 1, 223, 4, 255, 1, 189, 1, 131, 1, 231, 1, 94, 1, 170, 1, 171
219+  8EEA 01 76 01 DF
219+  8EEE 04 FF 01 BD
219+  8EF2 01 83 01 E7
219+  8EF6 01 5E 01 AA
219+  8EFA 01 AB
220+  8EFC 01 C0 01 3D            DEFB 1, 192, 1, 61, 1, 87, 1, 195, 1, 255, 1, 170, 1, 241, 1, 255, 1, 127, 1, 231, 1, 253
220+  8F00 01 57 01 C3
220+  8F04 01 FF 01 AA
220+  8F08 01 F1 01 FF
220+  8F0C 01 7F 01 E7
220+  8F10 01 FD
221+  8F12 01 FF 01 FC            DEFB 1, 255, 1, 252, 1, 255, 1, 3, 1, 255, 1, 49, 1, 193, 1, 135, 1, 4, 1, 111, 6, 255
221+  8F16 01 FF 01 03
221+  8F1A 01 FF 01 31
221+  8F1E 01 C1 01 87
221+  8F22 01 04 01 6F
221+  8F26 06 FF
222+  8F28 01 FE 01 7C            DEFB 1, 254, 1, 124, 2, 255, 1, 250, 1, 171, 1, 170, 1, 239, 1, 127, 1, 235, 1, 215, 1, 239
222+  8F2C 02 FF 01 FA
222+  8F30 01 AB 01 AA
222+  8F34 01 EF 01 7F
222+  8F38 01 EB 01 D7
222+  8F3C 01 EF
223+  8F3E 01 E5 01 7A            DEFB 1, 229, 1, 122, 1, 252, 1, 124, 2, 255, 1, 251, 1, 40, 1, 7, 1, 4, 1, 33, 1, 198
223+  8F42 01 FC 01 7C
223+  8F46 02 FF 01 FB
223+  8F4A 01 28 01 07
223+  8F4E 01 04 01 21
223+  8F52 01 C6
224+  8F54 01 FE 01 7F            DEFB 1, 254, 1, 127, 4, 255, 1, 247, 7, 255, 1, 248, 1, 103, 1, 254, 1, 30, 1, 197, 1, 89
224+  8F58 04 FF 01 F7
224+  8F5C 07 FF 01 F8
224+  8F60 01 67 01 FE
224+  8F64 01 1E 01 C5
224+  8F68 01 59
225+  8F6A 01 B5 01 EF            DEFB 1, 181, 1, 239, 1, 254, 1, 127, 3, 255, 1, 191, 1, 112, 1, 7, 1, 6, 1, 251, 18, 255
225+  8F6E 01 FE 01 7F
225+  8F72 03 FF 01 BF
225+  8F76 01 70 01 07
225+  8F7A 01 06 01 FB
225+  8F7E 12 FF
226+  8F80 01 3A 01 67            DEFB 1, 58, 1, 103, 1, 215, 1, 63, 6, 255, 1, 191, 1, 126, 1, 251, 4, 255, 1, 90, 1, 40
226+  8F84 01 D7 01 3F
226+  8F88 06 FF 01 BF
226+  8F8C 01 7E 01 FB
226+  8F90 04 FF 01 5A
226+  8F94 01 28
227+  8F96 02 42 01 02            DEFB 2, 66, 1, 2, 1, 0, 1, 16, 1, 66, 1, 8, 1, 16, 1, 66, 15, 255, 1, 171, 10, 255
227+  8F9A 01 00 01 10
227+  8F9E 01 42 01 08
227+  8FA2 01 10 01 42
227+  8FA6 0F FF 01 AB
227+  8FAA 0A FF
228+  8FAC 01 E8 01 01            DEFB 1, 232, 1, 1, 1, 235, 1, 255, 1, 225, 1, 136, 3, 0, 1, 240, 1, 7, 1, 255, 1, 212
228+  8FB0 01 EB 01 FF
228+  8FB4 01 E1 01 88
228+  8FB8 03 00 01 F0
228+  8FBC 01 07 01 FF
228+  8FC0 01 D4
229+  8FC2 01 7E 02 AA            DEFB 1, 126, 2, 170, 1, 186, 1, 59, 13, 255, 1, 236, 1, 22, 1, 87, 1, 235, 1, 245, 1, 88
229+  8FC6 01 BA 01 3B
229+  8FCA 0D FF 01 EC
229+  8FCE 01 16 01 57
229+  8FD2 01 EB 01 F5
229+  8FD6 01 58
230+  8FD8 01 FF 02 55            DEFB 1, 255, 2, 85, 1, 124, 3, 0, 1, 1, 1, 130, 1, 0, 1, 31, 1, 255, 1, 253, 1, 255
230+  8FDC 01 7C 03 00
230+  8FE0 01 01 01 82
230+  8FE4 01 00 01 1F
230+  8FE8 01 FF 01 FD
230+  8FEC 01 FF
231+  8FEE 01 D6 01 F6            DEFB 1, 214, 1, 246, 1, 35, 1, 191, 1, 253, 1, 220, 1, 216, 1, 175, 4, 255, 1, 240, 1, 197
231+  8FF2 01 23 01 BF
231+  8FF6 01 FD 01 DC
231+  8FFA 01 D8 01 AF
231+  8FFE 04 FF 01 F0
231+  9002 01 C5
232+  9004 01 E1 01 AF            DEFB 1, 225, 1, 175, 1, 213, 1, 85, 1, 253, 1, 112, 1, 0, 1, 253, 1, 106, 1, 245, 1, 106
232+  9008 01 D5 01 55
232+  900C 01 FD 01 70
232+  9010 01 00 01 FD
232+  9014 01 6A 01 F5
232+  9018 01 6A
233+  901A 01 AA 01 D5            DEFB 1, 170, 1, 213, 1, 87, 1, 254, 1, 122, 1, 243, 1, 127, 3, 255, 1, 252, 1, 192, 1, 56
233+  901E 01 57 01 FE
233+  9022 01 7A 01 F3
233+  9026 01 7F 03 FF
233+  902A 01 FC 01 C0
233+  902E 01 38
234+  9030 01 3D 01 DF            DEFB 1, 61, 1, 223, 1, 239, 3, 255, 1, 219, 1, 99, 1, 158, 1, 191, 1, 85, 1, 87, 1, 252
234+  9034 01 EF 03 FF
234+  9038 01 DB 01 63
234+  903C 01 9E 01 BF
234+  9040 01 55 01 57
234+  9044 01 FC
235+  9046 01 03 01 EF            DEFB 1, 3, 1, 239, 1, 15, 1, 255, 1, 84, 1, 15, 1, 206, 1, 191, 1, 159, 1, 253, 1, 255
235+  904A 01 0F 01 FF
235+  904E 01 54 01 0F
235+  9052 01 CE 01 BF
235+  9056 01 9F 01 FD
235+  905A 01 FF
236+  905C 01 F3 01 FE            DEFB 1, 243, 1, 254, 1, 253, 1, 252, 1, 208, 1, 224, 1, 195, 1, 204, 1, 95, 7, 255, 1, 131
236+  9060 01 FD 01 FC
236+  9064 01 D0 01 E0
236+  9068 01 C3 01 CC
236+  906C 01 5F 07 FF
236+  9070 01 83
237+  9072 02 FF 01 FB            DEFB 2, 255, 1, 251, 1, 87, 1, 213, 1, 126, 1, 255, 1, 215, 1, 159, 1, 207, 1, 158, 1, 247
237+  9076 01 57 01 D5
237+  907A 01 7E 01 FF
237+  907E 01 D7 01 9F
237+  9082 01 CF 01 9E
237+  9086 01 F7
238+  9088 01 F1 01 D3            DEFB 1, 241, 1, 211, 2, 255, 1, 253, 1, 248, 1, 3, 1, 130, 1, 16, 1, 253, 1, 241, 14, 255
238+  908C 02 FF 01 FD
238+  9090 01 F8 01 03
238+  9094 01 82 01 10
238+  9098 01 FD 01 F1
238+  909C 0E FF
239+  909E 01 9F 01 FF            DEFB 1, 159, 1, 255, 1, 225, 1, 234, 1, 222, 1, 187, 1, 239, 1, 249, 4, 255, 1, 223, 1, 184
239+  90A2 01 E1 01 EA
239+  90A6 01 DE 01 BB
239+  90AA 01 EF 01 F9
239+  90AE 04 FF 01 DF
239+  90B2 01 B8
240+  90B4 01 03 01 8D            DEFB 1, 3, 1, 141, 1, 247, 18, 255, 1, 251, 1, 159, 1, 238, 7, 255, 1, 223, 1, 189, 1, 247
240+  90B8 01 F7 12 FF
240+  90BC 01 FB 01 9F
240+  90C0 01 EE 07 FF
240+  90C4 01 DF 01 BD
240+  90C8 01 F7
241+  90CA 04 FF 01 52            DEFB 4, 255, 1, 82, 1, 8, 1, 66, 1, 60, 1, 4, 1, 0, 1, 16, 1, 66, 1, 8, 1, 16
241+  90CE 01 08 01 42
241+  90D2 01 3C 01 04
241+  90D6 01 00 01 10
241+  90DA 01 42 01 08
241+  90DE 01 10
242+  90E0 01 42 05 FF            DEFB 1, 66, 5, 255, 1, 247, 9, 255, 1, 215, 10, 255, 1, 208, 1, 7, 1, 245, 1, 255, 1, 135
242+  90E4 01 F7 09 FF
242+  90E8 01 D7 0A FF
242+  90EC 01 D0 01 07
242+  90F0 01 F5 01 FF
242+  90F4 01 87
243+  90F6 01 0C 03 00            DEFB 1, 12, 3, 0, 1, 15, 1, 255, 1, 254, 1, 170, 1, 7, 1, 213, 1, 85, 1, 90, 1, 187
243+  90FA 01 0F 01 FF
243+  90FE 01 FE 01 AA
243+  9102 01 07 01 D5
243+  9106 01 55 01 5A
243+  910A 01 BB
244+  910C 0B FF 01 7F            DEFB 11, 255, 1, 127, 1, 255, 1, 222, 1, 174, 1, 223, 1, 215, 1, 234, 1, 175, 1, 254, 2, 170
244+  9110 01 FF 01 DE
244+  9114 01 AE 01 DF
244+  9118 01 D7 01 EA
244+  911C 01 AF 01 FE
244+  9120 02 AA
245+  9122 01 AB 01 C0            DEFB 1, 171, 1, 192, 1, 224, 1, 0, 1, 6, 1, 8, 1, 0, 1, 175, 1, 255, 1, 253, 1, 255
245+  9126 01 E0 01 00
245+  912A 01 06 01 08
245+  912E 01 00 01 AF
245+  9132 01 FF 01 FD
245+  9136 01 FF
246+  9138 01 D2 01 F7            DEFB 1, 210, 1, 247, 1, 171, 1, 127, 1, 250, 1, 35, 1, 12, 1, 175, 4, 255, 1, 243, 1, 13
246+  913C 01 AB 01 7F
246+  9140 01 FA 01 23
246+  9144 01 0C 01 AF
246+  9148 04 FF 01 F3
246+  914C 01 0D
247+  914E 01 87 01 5F            DEFB 1, 135, 1, 95, 2, 170, 1, 250, 1, 222, 1, 1, 1, 138, 1, 174, 1, 250, 1, 213, 1, 85
247+  9152 02 AA 01 FA
247+  9156 01 DE 01 01
247+  915A 01 8A 01 AE
247+  915E 01 FA 01 D5
247+  9162 01 55
248+  9164 01 6A 01 BF            DEFB 1, 106, 1, 191, 1, 255, 1, 155, 1, 199, 1, 127, 3, 255, 1, 243, 1, 193, 1, 28, 1, 59
248+  9168 01 FF 01 9B
248+  916C 01 C7 01 7F
248+  9170 03 FF 01 F3
248+  9174 01 C1 01 1C
248+  9178 01 3B
249+  917A 01 BF 04 FF            DEFB 1, 191, 4, 255, 1, 236, 1, 154, 1, 125, 1, 126, 1, 170, 2, 171, 1, 192, 2, 60, 1, 238
249+  917E 01 EC 01 9A
249+  9182 01 7D 01 7E
249+  9186 01 AA 02 AB
249+  918A 01 C0 02 3C
249+  918E 01 EE
250+  9190 01 AC 01 07            DEFB 1, 172, 1, 7, 1, 15, 1, 126, 1, 127, 1, 253, 1, 255, 1, 207, 1, 253, 1, 2, 1, 243
250+  9194 01 0F 01 7E
250+  9198 01 7F 01 FD
250+  919C 01 FF 01 CF
250+  91A0 01 FD 01 02
250+  91A4 01 F3
251+  91A6 01 80 01 70            DEFB 1, 128, 1, 112, 1, 97, 1, 240, 1, 95, 10, 255, 1, 250, 1, 171, 1, 170, 1, 238, 1, 254
251+  91AA 01 61 01 F0
251+  91AE 01 5F 0A FF
251+  91B2 01 FA 01 AB
251+  91B6 01 AA 01 EE
251+  91BA 01 FE
252+  91BC 01 AB 01 9F            DEFB 1, 171, 1, 159, 1, 14, 1, 125, 1, 119, 1, 199, 1, 207, 2, 255, 1, 253, 1, 252, 1, 1
252+  91C0 01 0E 01 7D
252+  91C4 01 77 01 C7
252+  91C8 01 CF 02 FF
252+  91CC 01 FD 01 FC
252+  91D0 01 01
253+  91D2 01 C1 01 08            DEFB 1, 193, 1, 8, 1, 123, 1, 239, 16, 255, 1, 251, 1, 215, 1, 218, 1, 245, 1, 239, 1, 231
253+  91D6 01 7B 01 EF
253+  91DA 10 FF 01 FB
253+  91DE 01 D7 01 DA
253+  91E2 01 F5 01 EF
253+  91E6 01 E7
254+  91E8 02 FF 01 BF            DEFB 2, 255, 1, 191, 1, 255, 1, 239, 1, 220, 1, 1, 1, 251, 1, 239, 18, 255, 1, 253, 1, 255
254+  91EC 01 FF 01 EF
254+  91F0 01 DC 01 01
254+  91F4 01 FB 01 EF
254+  91F8 12 FF 01 FD
254+  91FC 01 FF
255+  91FE 01 DD 07 FF            DEFB 1, 221, 7, 255, 1, 239, 1, 219, 1, 239, 4, 255, 1, 90, 1, 8, 1, 62, 1, 66, 1, 8
255+  9202 01 EF 01 DB
255+  9206 01 EF 04 FF
255+  920A 01 5A 01 08
255+  920E 01 3E 01 42
255+  9212 01 08
256+  9214 01 00 01 10            DEFB 1, 0, 1, 16, 1, 126, 1, 8, 1, 16, 1, 66, 15, 255, 1, 239, 10, 255, 1, 175, 1, 31
256+  9218 01 7E 01 08
256+  921C 01 10 01 42
256+  9220 0F FF 01 EF
256+  9224 0A FF 01 AF
256+  9228 01 1F
257+  922A 01 EB 01 FE            DEFB 1, 235, 1, 254, 1, 8, 1, 156, 3, 0, 1, 1, 1, 255, 1, 253, 1, 84, 1, 0, 1, 106
257+  922E 01 08 01 9C
257+  9232 03 00 01 01
257+  9236 01 FF 01 FD
257+  923A 01 54 01 00
257+  923E 01 6A
258+  9240 01 AA 01 BA            DEFB 1, 170, 1, 186, 1, 251, 13, 255, 1, 189, 1, 126, 1, 254, 1, 111, 1, 245, 1, 95, 1, 253
258+  9244 01 FB 0D FF
258+  9248 01 BD 01 7E
258+  924C 01 FE 01 6F
258+  9250 01 F5 01 5F
258+  9254 01 FD
259+  9256 03 55 01 7F            DEFB 3, 85, 1, 127, 1, 16, 1, 0, 1, 24, 1, 32, 1, 1, 1, 87, 1, 255, 1, 229, 1, 255
259+  925A 01 10 01 00
259+  925E 01 18 01 20
259+  9262 01 01 01 57
259+  9266 01 FF 01 E5
259+  926A 01 FF
260+  926C 01 DE 01 F6            DEFB 1, 222, 1, 246, 1, 171, 1, 127, 1, 244, 1, 30, 1, 6, 1, 47, 4, 255, 1, 236, 1, 21
260+  9270 01 AB 01 7F
260+  9274 01 F4 01 1E
260+  9278 01 06 01 2F
260+  927C 04 FF 01 EC
260+  9280 01 15
261+  9282 01 9B 01 AF            DEFB 1, 155, 1, 175, 1, 213, 1, 85, 1, 247, 1, 193, 1, 230, 1, 61, 1, 113, 1, 245, 1, 175
261+  9286 01 D5 01 55
261+  928A 01 F7 01 C1
261+  928E 01 E6 01 3D
261+  9292 01 71 01 F5
261+  9296 01 AF
262+  9298 01 AA 01 F5            DEFB 1, 170, 1, 245, 1, 255, 1, 254, 1, 61, 1, 23, 1, 127, 3, 255, 1, 204, 1, 225, 1, 142
262+  929C 01 FF 01 FE
262+  92A0 01 3D 01 17
262+  92A4 01 7F 03 FF
262+  92A8 01 CC 01 E1
262+  92AC 01 8E
263+  92AE 01 37 01 7F            DEFB 1, 55, 1, 127, 4, 255, 1, 243, 1, 237, 1, 254, 1, 191, 1, 213, 1, 87, 1, 129, 1, 124
263+  92B2 04 FF 01 F3
263+  92B6 01 ED 01 FE
263+  92BA 01 BF 01 D5
263+  92BE 01 57 01 81
263+  92C2 01 7C
264+  92C4 01 00 01 F3            DEFB 1, 0, 1, 243, 1, 245, 1, 87, 1, 196, 1, 62, 1, 185, 1, 231, 1, 253, 1, 255, 1, 63
264+  92C8 01 F5 01 57
264+  92CC 01 C4 01 3E
264+  92D0 01 B9 01 E7
264+  92D4 01 FD 01 FF
264+  92D8 01 3F
265+  92DA 01 FA 01 01            DEFB 1, 250, 1, 1, 1, 76, 1, 128, 1, 56, 1, 48, 1, 224, 1, 223, 10, 255, 1, 253, 1, 215
265+  92DE 01 4C 01 80
265+  92E2 01 38 01 30
265+  92E6 01 E0 01 DF
265+  92EA 0A FF 01 FD
265+  92EE 01 D7
266+  92F0 01 D5 01 DE            DEFB 1, 213, 1, 222, 1, 248, 1, 215, 1, 220, 1, 201, 1, 250, 1, 247, 1, 30, 1, 95, 2, 255
266+  92F4 01 F8 01 D7
266+  92F8 01 DC 01 C9
266+  92FC 01 FA 01 F7
266+  9300 01 1E 01 5F
266+  9304 02 FF
267+  9306 01 FE 01 EE            DEFB 1, 254, 1, 238, 1, 0, 1, 224, 1, 132, 1, 119, 1, 223, 16, 255, 1, 251, 1, 159, 1, 155
267+  930A 01 00 01 E0
267+  930E 01 84 01 77
267+  9312 01 DF 10 FF
267+  9316 01 FB 01 9F
267+  931A 01 9B
268+  931C 01 EB 01 EF            DEFB 1, 235, 1, 239, 1, 159, 4, 255, 1, 247, 1, 238, 1, 0, 1, 247, 1, 223, 18, 255, 1, 254
268+  9320 01 9F 04 FF
268+  9324 01 F7 01 EE
268+  9328 01 00 01 F7
268+  932C 01 DF 12 FF
268+  9330 01 FE
269+  9332 01 FF 01 BB            DEFB 1, 255, 1, 187, 7, 255, 1, 247, 1, 231, 1, 223, 4, 255, 1, 66, 1, 8, 1, 2, 1, 66
269+  9336 07 FF 01 F7
269+  933A 01 E7 01 DF
269+  933E 04 FF 01 42
269+  9342 01 08 01 02
269+  9346 01 42
270+  9348 01 10 01 00            DEFB 1, 16, 1, 0, 1, 16, 1, 66, 1, 8, 1, 16, 1, 66, 26, 255, 1, 160, 1, 252, 1, 245
270+  934C 01 10 01 42
270+  9350 01 08 01 10
270+  9354 01 42 1A FF
270+  9358 01 A0 01 FC
270+  935C 01 F5
271+  935E 01 FA 01 17            DEFB 1, 250, 1, 23, 1, 127, 1, 192, 3, 0, 1, 63, 1, 170, 1, 160, 1, 0, 1, 125, 1, 85
271+  9362 01 7F 01 C0
271+  9366 03 00 01 3F
271+  936A 01 AA 01 A0
271+  936E 01 00 01 7D
271+  9372 01 55
272+  9374 01 5B 01 FB            DEFB 1, 91, 1, 251, 13, 255, 1, 185, 1, 252, 1, 249, 1, 215, 1, 234, 1, 175, 1, 254, 3, 170
272+  9378 0D FF 01 B9
272+  937C 01 FC 01 F9
272+  9380 01 D7 01 EA
272+  9384 01 AF 01 FE
272+  9388 03 AA
273+  938A 01 AE 01 18            DEFB 1, 174, 1, 24, 1, 0, 1, 96, 1, 128, 1, 10, 1, 175, 1, 255, 1, 158, 1, 255, 1, 225
273+  938E 01 00 01 60
273+  9392 01 80 01 0A
273+  9396 01 AF 01 FF
273+  939A 01 9E 01 FF
273+  939E 01 E1
274+  93A0 01 E2 01 23            DEFB 1, 226, 1, 35, 1, 127, 1, 246, 1, 55, 1, 19, 1, 111, 4, 255, 1, 222, 1, 173, 1, 235
274+  93A4 01 7F 01 F6
274+  93A8 01 37 01 13
274+  93AC 01 6F 04 FF
274+  93B0 01 DE 01 AD
274+  93B4 01 EB
275+  93B6 01 5F 01 AA            DEFB 1, 95, 1, 170, 1, 171, 1, 255, 1, 124, 1, 24, 1, 254, 1, 191, 1, 235, 1, 88, 1, 253
275+  93BA 01 AB 01 FF
275+  93BE 01 7C 01 18
275+  93C2 01 FE 01 BF
275+  93C6 01 EB 01 58
275+  93CA 01 FD
276+  93CC 01 7F 01 FF            DEFB 1, 127, 1, 255, 1, 254, 1, 189, 1, 95, 1, 127, 3, 255, 1, 52, 1, 112, 1, 199, 1, 238
276+  93D0 01 FE 01 BD
276+  93D4 01 5F 01 7F
276+  93D8 03 FF 01 34
276+  93DC 01 70 01 C7
276+  93E0 01 EE
277+  93E2 06 FF 01 EF            DEFB 6, 255, 1, 239, 1, 253, 1, 120, 1, 62, 1, 175, 1, 168, 1, 235, 1, 195, 1, 207, 1, 234
277+  93E6 01 FD 01 78
277+  93EA 01 3E 01 AF
277+  93EE 01 A8 01 EB
277+  93F2 01 C3 01 CF
277+  93F6 01 EA
278+  93F8 01 AC 01 24            DEFB 1, 172, 1, 36, 1, 221, 1, 123, 1, 143, 1, 255, 1, 252, 1, 255, 1, 250, 1, 1, 1, 56
278+  93FC 01 DD 01 7B
278+  9400 01 8F 01 FF
278+  9404 01 FC 01 FF
278+  9408 01 FA 01 01
278+  940C 01 38
279+  940E 01 00 01 1C            DEFB 1, 0, 1, 28, 1, 16, 1, 127, 1, 223, 10, 255, 1, 254, 1, 122, 1, 170, 1, 254, 1, 230
279+  9412 01 10 01 7F
279+  9416 01 DF 0A FF
279+  941A 01 FE 01 7A
279+  941E 01 AA 01 FE
279+  9422 01 E6
280+  9424 01 AB 01 BC            DEFB 1, 171, 1, 188, 1, 55, 1, 253, 1, 244, 1, 121, 1, 223, 3, 255, 1, 55, 1, 0, 1, 112
280+  9428 01 37 01 FD
280+  942C 01 F4 01 79
280+  9430 01 DF 03 FF
280+  9434 01 37 01 00
280+  9438 01 70
281+  943A 01 42 01 6F            DEFB 1, 66, 1, 111, 1, 191, 16, 255, 1, 251, 1, 158, 1, 63, 1, 245, 1, 238, 1, 127, 4, 255
281+  943E 01 BF 10 FF
281+  9442 01 FB 01 9E
281+  9446 01 3F 01 F5
281+  944A 01 EE 01 7F
281+  944E 04 FF
282+  9450 01 FB 01 F7            DEFB 1, 251, 1, 247, 1, 0, 1, 239, 1, 191, 19, 255, 1, 127, 1, 231, 7, 255, 1, 251, 1, 239
282+  9454 01 00 01 EF
282+  9458 01 BF 13 FF
282+  945C 01 7F 01 E7
282+  9460 07 FF 01 FB
282+  9464 01 EF
283+  9466 01 BF 04 FF            DEFB 1, 191, 4, 255, 1, 60, 1, 62, 2, 60, 1, 16, 1, 0, 1, 16, 1, 66, 1, 62, 1, 16
283+  946A 01 3C 01 3E
283+  946E 02 3C 01 10
283+  9472 01 00 01 10
283+  9476 01 42 01 3E
283+  947A 01 10
284+  947C 01 3C 1A FF            DEFB 1, 60, 26, 255, 1, 160, 1, 112, 1, 235, 1, 245, 1, 87, 1, 127, 1, 124, 3, 0, 1, 1
284+  9480 01 A0 01 70
284+  9484 01 EB 01 F5
284+  9488 01 57 01 7F
284+  948C 01 7C 03 00
284+  9490 01 01
285+  9492 01 55 01 00            DEFB 1, 85, 1, 0, 1, 1, 1, 135, 1, 170, 1, 175, 1, 251, 7, 255, 1, 252, 1, 127, 4, 255
285+  9496 01 01 01 87
285+  949A 01 AA 01 AF
285+  949E 01 FB 07 FF
285+  94A2 01 FC 01 7F
285+  94A6 04 FF
286+  94A8 01 B9 01 F0            DEFB 1, 185, 1, 240, 1, 231, 1, 175, 1, 213, 1, 95, 1, 253, 3, 85, 1, 81, 1, 56, 1, 1
286+  94AC 01 E7 01 AF
286+  94B0 01 D5 01 5F
286+  94B4 01 FD 03 55
286+  94B8 01 51 01 38
286+  94BC 01 01
287+  94BE 01 82 01 00            DEFB 1, 130, 1, 0, 1, 21, 1, 95, 1, 254, 1, 102, 5, 255, 1, 245, 1, 195, 1, 137, 1, 239
287+  94C2 01 15 01 5F
287+  94C6 01 FE 01 66
287+  94CA 05 FF 01 F5
287+  94CE 01 C3 01 89
287+  94D2 01 EF
288+  94D4 04 FF 01 BD            DEFB 4, 255, 1, 189, 1, 125, 1, 174, 1, 175, 2, 85, 1, 242, 1, 171, 1, 195, 1, 251, 1, 255
288+  94D8 01 7D 01 AE
288+  94DC 01 AF 02 55
288+  94E0 01 F2 01 AB
288+  94E4 01 C3 01 FB
288+  94E8 01 FF
289+  94EA 01 D7 01 E0            DEFB 1, 215, 1, 224, 1, 14, 1, 191, 1, 255, 1, 254, 1, 189, 2, 127, 2, 255, 1, 252, 1, 192
289+  94EE 01 0E 01 BF
289+  94F2 01 FF 01 FE
289+  94F6 01 BD 02 7F
289+  94FA 02 FF 01 FC
289+  94FE 01 C0
290+  9500 01 38 01 63            DEFB 1, 56, 1, 99, 1, 221, 6, 255, 1, 247, 1, 254, 1, 231, 1, 195, 1, 215, 1, 85, 1, 65
290+  9504 01 DD 06 FF
290+  9508 01 F7 01 FE
290+  950C 01 E7 01 C3
290+  9510 01 D7 01 55
290+  9514 01 41
291+  9516 01 7F 01 3F            DEFB 1, 127, 1, 63, 1, 213, 1, 112, 1, 167, 1, 94, 1, 250, 1, 47, 1, 255, 1, 243, 1, 255
291+  951A 01 D5 01 70
291+  951E 01 A7 01 5E
291+  9522 01 FA 01 2F
291+  9526 01 FF 01 F3
291+  952A 01 FF
292+  952C 01 FA 01 01            DEFB 1, 250, 1, 1, 1, 248, 1, 0, 1, 14, 1, 2, 1, 213, 1, 223, 11, 255, 1, 135, 1, 213
292+  9530 01 F8 01 00
292+  9534 01 0E 01 02
292+  9538 01 D5 01 DF
292+  953C 0B FF 01 87
292+  9540 01 D5
293+  9542 01 DF 01 9D            DEFB 1, 223, 1, 157, 1, 85, 1, 215, 1, 159, 1, 154, 1, 247, 1, 231, 1, 223, 3, 255, 1, 187
293+  9546 01 55 01 D7
293+  954A 01 9F 01 9A
293+  954E 01 F7 01 E7
293+  9552 01 DF 03 FF
293+  9556 01 BB
294+  9558 01 80 01 38            DEFB 1, 128, 1, 56, 1, 33, 1, 223, 1, 127, 16, 255, 1, 251, 1, 220, 1, 63, 1, 171, 1, 249
294+  955C 01 21 01 DF
294+  9560 01 7F 10 FF
294+  9564 01 FB 01 DC
294+  9568 01 3F 01 AB
294+  956C 01 F9
295+  956E 05 FF 01 FD            DEFB 5, 255, 1, 253, 1, 251, 1, 128, 1, 223, 1, 127, 19, 255, 2, 159, 7, 255, 1, 253, 1, 239
295+  9572 01 FB 01 80
295+  9576 01 DF 01 7F
295+  957A 13 FF 02 9F
295+  957E 07 FF 01 FD
295+  9582 01 EF
296+  9584 01 7F 04 FF            DEFB 1, 127, 4, 255, 11, 0, 21, 255, 6, 120, 21, 80, 10, 120, 21, 80, 11, 120, 21, 80, 11, 120
296+  9588 0B 00 15 FF
296+  958C 06 78 15 50
296+  9590 0A 78 15 50
296+  9594 0B 78 15 50
296+  9598 0B 78
297+  959A 15 50 2C 78            DEFB 21, 80, 44, 120, 20, 104, 10, 120, 22, 104, 10, 120, 22, 104, 16, 120, 13, 88, 18, 120, 14, 88
297+  959E 14 68 0A 78
297+  95A2 16 68 0A 78
297+  95A6 16 68 10 78
297+  95AA 0D 58 12 78
297+  95AE 0E 58
298+  95B0 14 78 0C 58            DEFB 20, 120, 12, 88, 20, 120, 10, 88, 18, 120, 17, 104, 12, 120, 20, 104, 12, 120, 25, 104, 1, 120
298+  95B4 14 78 0A 58
298+  95B8 12 78 11 68
298+  95BC 0C 78 14 68
298+  95C0 0C 78 19 68
298+  95C4 01 78
299+  95C6 01 68 02 78            DEFB 1, 104, 2, 120, 24, 104, 1, 120, 1, 104, 1, 120, 1, 104, 1, 120, 1, 104, 4, 120, 22, 104
299+  95CA 18 68 01 78
299+  95CE 01 68 01 78
299+  95D2 01 68 01 78
299+  95D6 01 68 04 78
299+  95DA 16 68
300+  95DC 01 28 01 68            DEFB 1, 40, 1, 104, 1, 40, 1, 104, 1, 120, 1, 104, 4, 120, 20, 104, 1, 40, 1, 88, 3, 96
300+  95E0 01 28 01 68
300+  95E4 01 78 01 68
300+  95E8 04 78 14 68
300+  95EC 01 28 01 58
300+  95F0 03 60
301+  95F2 01 68 01 78            DEFB 1, 104, 1, 120, 1, 104, 4, 120, 20, 104, 1, 120, 1, 104, 1, 40, 1, 104, 1, 120, 1, 104
301+  95F6 01 68 04 78
301+  95FA 14 68 01 78
301+  95FE 01 68 01 28
301+  9602 01 68 01 78
301+  9606 01 68
302+  9608 01 78 01 68            DEFB 1, 120, 1, 104, 4, 120, 20, 104, 1, 120, 1, 104, 1, 120, 1, 104, 1, 120, 1, 104, 1, 120
302+  960C 04 78 14 68
302+  9610 01 78 01 68
302+  9614 01 78 01 68
302+  9618 01 78 01 68
302+  961C 01 78
303+  961E 01 68 04 78            DEFB 1, 104, 4, 120, 20, 104, 1, 120, 1, 104, 1, 120, 1, 104, 1, 120, 1, 104, 1, 120, 1, 104
303+  9622 14 68 01 78
303+  9626 01 68 01 78
303+  962A 01 68 01 78
303+  962E 01 68 01 78
303+  9632 01 68
304+  9634 05 78 11 68            DEFB 5, 120, 17, 104, 3, 120, 1, 104, 1, 120, 1, 104, 1, 120, 1, 104, 1, 120, 1, 104, 1, 120
304+  9638 03 78 01 68
304+  963C 01 78 01 68
304+  9640 01 78 01 68
304+  9644 01 78 01 68
304+  9648 01 78
305+  964A 17 68 01 78            DEFB 23, 104, 1, 120, 1, 104, 1, 120, 1, 104, 1, 120, 1, 104, 1, 120, 1, 104, 1, 120, 11, 71
305+  964E 01 68 01 78
305+  9652 01 68 01 78
305+  9656 01 68 01 78
305+  965A 01 68 01 78
305+  965E 0B 47
306+  9660 02 40 08 68            DEFB 2, 64, 8, 104, 1, 120, 1, 104, 1, 120, 1, 104, 1, 120, 1, 104, 3, 120, 1, 104, 0
306+  9664 01 78 01 68
306+  9668 01 78 01 68
306+  966C 01 78 01 68
306+  9670 03 78 01 68
306+  9674 00
307+  9675
308+  9675
309+  9675
# file closed: C:\UFV Tercero~Cuarto\Arquitectura\Pantalla_InicioyFinal\Pantalla_Inicio.asm
 16   9675                      INCLUDE "L30.3 - printat.asm"
# file opened: C:\UFV Tercero~Cuarto\Arquitectura\Pantalla_InicioyFinal\L30.3 - printat.asm
  1+  9675              ; -------------------------------
  2+  9675              ; ZX Spectrum Text print library
  3+  9675              ; Daniel León - AOC - UFV 2020
  4+  9675              ; -------------------------------
  5+  9675
  6+  9675
  7+  9675              ; ----------------------------------------------------------------------------------------
  8+  9675              ; PRINTAT - Print a string in a position and attributes as per registers:
  9+  9675              ;		IN	A	: Bit 7=1 For Flash / Bit 6=1 For Brigh / Bit 5,4,3 for Paper / Bit 2,1,0 for Ink
 10+  9675              ;		IN	B	: Row 0..23
 11+  9675              ;		IN	C	: Column 0..31
 12+  9675              ;		IN	IX	: Address of text (Text must end in a 0)
 13+  9675              ; ----------------------------------------------------------------------------------------
 14+  9675 CD 84 96     PRINTAT:	CALL PREP_PRT				; Update Attribute var &Screen & Attributes pointers
 15+  9678              ; ----------------------------------------------------------------------------------------
 16+  9678              ;		VVV Do not move PRINTSTR below as PRINTAT continues into PRINTSTR routine
 17+  9678              ; ----------------------------------------------------------------------------------------
 18+  9678              ; PRINTSTR - Prints String - IX Points to the String start
 19+  9678              ; ----------------------------------------------------------------------------------------
 20+  9678 DD 7E 00     PRINTSTR:   LD A,(IX)					; A Contains first char to print
 21+  967B B7           			OR A						; check for end of string (0)
 22+  967C C8           			RET Z						; Finish printing if 0
 23+  967D CD B2 96     			CALL PRINTCHNUM
 24+  9680 DD 23        			INC IX						; Move to next char in string
 25+  9682 18 F4        			JR PRINTSTR					; Start over printing sequence
 26+  9684              ; ----------------------------------------------------------------------------------------
 27+  9684
 28+  9684
 29+  9684              ;-----------------------------------------------------------------------------------------
 30+  9684              ; PREP_PRT - Updates Print_Attr, SCR & ATTR Vars
 31+  9684              ;-----------------------------------------------------------------------------------------
 32+  9684 32 F8 96     PREP_PRT:	LD (PRINT_ATTR),A			; Set Attribute
 33+  9687 CD 8D 96     PREP_PRT_2:	CALL CRtoSCREEN
 34+  968A C3 9F 96     			JP CRtoATTR
 35+  968D              ;-----------------------------------------------------------------------------------------
 36+  968D
 37+  968D              ;-----------------------------------------------------------------------------------------
 38+  968D              ; CRtoSCREEN - Converts a scr char coord into a SCREEN Address   b,c = y,x positions
 39+  968D              ;	IN  - B=Row, C=Column
 40+  968D              ;	OUT - HL=Address in screen also stored in (SCR_CUR_PTR)
 41+  968D              ;	Conversion:
 42+  968D              ;			Row FFfff   Column CCCCC
 43+  968D              ;			HL=%010FF000 fffCCCCC
 44+  968D              ;-----------------------------------------------------------------------------------------
 45+  968D              CRtoSCREEN:
 46+  968D 78           			LD A,B						; %___FFfff
 47+  968E F6 40        			OR #40						; %010FFfff
 48+  9690 E6 F8        			AND #F8						; %010FF000
 49+  9692 67           			LD H,A
 50+  9693
 51+  9693 78           			LD A,B						; %___FFfff
 52+  9694 E6 07        			AND #7						; %00000fff
 53+  9696 0F           			RRCA						; %f00000ff
 54+  9697 0F           			RRCA						; %ff00000f
 55+  9698 0F           			RRCA						; %fff00000
 56+  9699 B1           			OR C						; %fffCCCCC
 57+  969A 6F           			LD L,A
 58+  969B 22 F4 96                 LD (SCR_CUR_PTR),HL			; Update Variable
 59+  969E C9                       RET
 60+  969F              ; ----------------------------------------------------------------------------------------
 61+  969F
 62+  969F
 63+  969F
 64+  969F              ;-----------------------------------------------------------------------------------------
 65+  969F              ; CRtoATTR - Converts a screen char coord  into a ATTR Address  b,c = y,x positions
 66+  969F              ;	IN  - B=Row, C=Column
 67+  969F              ;	OUT - HL=Address in screen also stored in (SCR_ATTR_PTR)
 68+  969F              ;	Conversion:
 69+  969F              ;			Row FFfff   Column CCCCC
 70+  969F              ;			HL=%010110FF fffCCCCC
 71+  969F              ;-----------------------------------------------------------------------------------------
 72+  969F              CRtoATTR:
 73+  969F 78           			LD A,B						; %___FFfff
 74+  96A0 0F           			RRCA						; %f000FFff
 75+  96A1 0F           			RRCA						; %ff000FFf
 76+  96A2 0F           			RRCA						; %fff000FF
 77+  96A3 6F           			LD L,A
 78+  96A4 E6 03        			AND 3						; %000000FF	value of FF can be only 00,01,10
 79+  96A6 F6 58        			OR #58						; %010110FF value will be #58, #59 or #5A
 80+  96A8 67           			LD H,A
 81+  96A9
 82+  96A9 7D           			LD A,L						; %fff000FF
 83+  96AA E6 E0        			AND #E0						; %fff00000
 84+  96AC B1           			OR C						; %fffCCCCC
 85+  96AD 6F           			LD L,A
 86+  96AE
 87+  96AE 22 F6 96                 LD (SCR_ATTR_PTR),HL		; Update Variable
 88+  96B1 C9                       RET
 89+  96B2              ; ----------------------------------------------------------------------------------------
 90+  96B2
 91+  96B2
 92+  96B2
 93+  96B2              ; ----------------------------------------------------------------------------------------
 94+  96B2              ; PRINTCHNUM - Prints Char Number N (stored in A)
 95+  96B2              ;-----------------------------------------------------------------------------------------
 96+  96B2              PRINTCHNUM:	;SUB 32						; Adjust Ascii to charset
 97+  96B2 26 00        			LD H,0						; Multiply value by 8 to get to right Char in Charset
 98+  96B4 6F           			LD L,A
 99+  96B5 29           			ADD HL,HL
100+  96B6 29           			ADD HL,HL
101+  96B7 29           			ADD HL,HL
102+  96B8 11 F9 95     			LD DE, CHARSET-(8*32)		; Optimize in compile time (instead of sub 32)
103+  96BB 19           			ADD HL,DE
104+  96BC EB           			EX  DE,HL					;Value in DE
105+  96BD              			; Continues to printchar below
106+  96BD              ; ----------------------------------------------------------------------------------------
107+  96BD
108+  96BD
109+  96BD              ; ----------------------------------------------------------------------------------------
110+  96BD              ; PRINTCHAR - Prints Char  (DE points to the char. Uses HL as last Cur Pointer)
111+  96BD              ; ----------------------------------------------------------------------------------------
112+  96BD              PRINTCHAR:
113+  96BD 06 08        			LD B,8						; 8 Lines per char
114+  96BF 2A F4 96                 LD HL, (SCR_CUR_PTR)		; Load Cursor Pointer y,x
115+  96C2
116+  96C2 1A           BYTEPCHAR:	LD A,(DE)					; Get Char to be printed, first line
117+  96C3 77           			LD (HL),A					; Move to Printing location
118+  96C4 24                       INC H						; inc H so next line in char (ZX Spectrum Screen RAM)
119+  96C5 13                       INC DE 						; next line to be printed
120+  96C6 10 FA                    DJNZ BYTEPCHAR				; Repeat 8 lines
121+  96C8 3A F8 96                 LD A,(PRINT_ATTR) 			; Load Attributes to print char with
122+  96CB 2A F6 96                 LD HL, (SCR_ATTR_PTR)
123+  96CE 77                       LD (HL),A
124+  96CF 21 F6 96                 LD HL, SCR_ATTR_PTR			; Get pointer to ATTR
125+  96D2 34                       INC (HL)					; Move Attribute cursor to next char
126+  96D3 21 F4 96     			LD HL, SCR_CUR_PTR
127+  96D6 34           			INC (HL)					; update Cursor pointer to next position
128+  96D7 C9                       RET
129+  96D8              ; ----------------------------------------------------------------------------------------
130+  96D8
131+  96D8
132+  96D8
133+  96D8              ; ----------------------------------------------------------------------------------------
134+  96D8              ; INK2PAPER - moves ink of attribute stored in (PRINT_ATTR) to paper and sets ink to 0
135+  96D8              ; 				Sets bright 1 and flash 0
136+  96D8              ; ----------------------------------------------------------------------------------------
137+  96D8 3A F8 96     INK2PAPER:	LD A, (PRINT_ATTR)		    ; Get storedAttribute
138+  96DB E6 07                    AND 7						; get Attr INK in A
139+  96DD 07           			RLCA
140+  96DE 07           			RLCA
141+  96DF 07           			RLCA						; move Ink to Paper
142+  96E0 F6 40        			OR 64						; ink 0 bright 1
143+  96E2 32 F8 96     			LD (PRINT_ATTR),A		    ; Get storedAttribute
144+  96E5 C9           			RET
145+  96E6              ; ----------------------------------------------------------------------------------------
146+  96E6
147+  96E6
148+  96E6
149+  96E6
150+  96E6 21 00 40     CLEARSCR:	LD HL,$4000					; Erases screen by writing 0 to all pixels and attributes
151+  96E9 11 01 40     			LD DE,$4001
152+  96EC 01 FF 1A     			LD BC,6911
153+  96EF 36 00        			LD (HL),0
154+  96F1 ED B0        			LDIR
155+  96F3 C9           			RET
156+  96F4
157+  96F4
158+  96F4              SCR_CUR_PTR
158+  96F4 00 00          	db $00, $00				; Cursor Pointer in Screen (2 bytes) (HL)
159+  96F6 00 00        SCR_ATTR_PTR: 	db $00, $00				; Attr Pointer in Screen (2 bytes) (HL)
160+  96F8 00           PRINT_ATTR:		db $00					; Attribute used by printchar routine (1 byte)
161+  96F9
162+  96F9              CHARSET: incbin "charset.bin"			; Charset used
163+  99F9
# file closed: C:\UFV Tercero~Cuarto\Arquitectura\Pantalla_InicioyFinal\L30.3 - printat.asm
 17   99F9                      INCLUDE "mensaje_inicio.asm"
# file opened: C:\UFV Tercero~Cuarto\Arquitectura\Pantalla_InicioyFinal\mensaje_inicio.asm
  1+  99F9              Pantalla_Ini:
  2+  99F9 CD E6 96         call CLEARSCR       ;borramos pantalla
  3+  99FC
  4+  99FC 3E 02            ld a, 2     ;Letra verde
  5+  99FE 06 0B            ld b, 11    ;Coordenadas para el mensaje de inicio
  6+  9A00 0E 02            LD c, 2
  7+  9A02 DD 21 65 9A      ld ix, MensajeIniciar
  8+  9A06 CD 75 96         call PRINTAT
  9+  9A09
 10+  9A09 06 0B            ld b, 11
 11+  9A0B 0E 1E            ld c, 30                  ; Para colocar el cursor
 12+  9A0D CD 17 9A         call CalcularAtributo    ; Calcular la dirección del atributo
 13+  9A10 3E 82            ld a,2+$80               ; Verde parpadeante
 14+  9A12 77               ld (hl),a                ; Establecer el atributo
 15+  9A13
 16+  9A13 CD 32 9A         call EsperarTecla        ; Leer el teclado hasta que se pulse S o N
 17+  9A16 C9               ret
 18+  9A17
 19+  9A17              CalcularAtributo:
 20+  9A17                                      ; Rutina que recibe en B,C las coordenadas de la pantalla (fila, columna)
 21+  9A17                                      ; y devuelve en HL la dirección del atributo correspondiente
 22+  9A17 F5               PUSH AF             ; Guardamos A en el stack
 23+  9A18 60               LD H,b              ; Los bits 4,5 de B deben ser los bits 0,1 de H
 24+  9A19 CB 3C            SRL H
 24+  9A1B CB 3C          SRL H
 24+  9A1D CB 3C          SRL H
 25+  9A1F 78               LD A,B              ; Los bits 0,1,2 de B deben ser los bits 5,6,7 de L
 26+  9A20 CB 27            SLA A
 26+  9A22 CB 27          SLA A
 26+  9A24 CB 27          SLA A
 26+  9A26 CB 27          SLA A
 26+  9A28 CB 27          SLA a
 27+  9A2A B1               OR c                ; Y C son los bits 0-4 de L
 28+  9A2B 6F               LD L,A
 29+  9A2C 01 00 58         LD BC, $5800        ; Le sumamos la dirección de comienzo de los atributos
 30+  9A2F 09               ADD HL,BC
 31+  9A30 F1               POP AF
 32+  9A31 C9               RET
 33+  9A32
 34+  9A32              EsperarTecla:
 35+  9A32 CD 3A 9A         call LeerTecla
 36+  9A35 FE FF            cp $FF
 37+  9A37 20 F9            jr nz,EsperarTecla  ; Esperar hasta que no haya tecla pulsada
 38+  9A39 C9               ret
 39+  9A3A
 40+  9A3A              LeerTecla:
 41+  9A3A 01 FE 7F         ld bc,$7FFE         ; Escanear línea B,N,M,SYMB,Space
 42+  9A3D ED 78            in a,(c)
 43+  9A3F CB 5F            bit 3,a
 44+  9A41 28 12            jr z,FinDelJuego    ; Han pulsado N
 45+  9A43 01 FE FD         ld bc,$FDFE         ; Escanear línea G,F,D,S,A
 46+  9A46 ED 78            in a,(c)
 47+  9A48 CB 4F            bit 1,a
 48+  9A4A 20 EE            jr nz,LeerTecla     ; No han pulsado 'S'
 49+  9A4C 18 00            jr SoltarTecla
 50+  9A4E
 51+  9A4E              SoltarTecla:
 52+  9A4E ED 78            in a,(c)            ; Leer del puerto que se ha definido en LeerTecla
 53+  9A50 FE FF            cp $FF              ; Comprobar que no hay tecla pulsada
 54+  9A52 20 FA            jr nz,SoltarTecla   ; Esperar hasta que no haya tecla pulsada
 55+  9A54 C9               ret
 56+  9A55
 57+  9A55              FinDelJuego:
 58+  9A55 CD E6 96         call CLEARSCR
 59+  9A58
 60+  9A58 3E 85            ld a,5+$80               ; Letra cian
 61+  9A5A 06 0B            ld b,11                  ; Coordenadas para el mensaje final
 62+  9A5C 0E 08            ld c,8
 63+  9A5E DD 21 83 9A      ld ix,MensajeFinal
 64+  9A62 CD 75 96         call PRINTAT
 65+  9A65
 66+  9A65 45 6D 70 65  MensajeIniciar:   db "Empezamos una partida (S/N)? ",0  ; Mensaje para iniciar partida
 66+  9A69 7A 61 6D 6F
 66+  9A6D 73 20 75 6E
 66+  9A71 61 20 70 61
 66+  9A75 72 74 69 64
 66+  9A79 61 20 28 53
 66+  9A7D 2F 4E 29 3F
 66+  9A81 20 00
 67+  9A83 47 72 61 63  MensajeFinal:     db "Gracias por jugar",0         ; Mensaje de agradecimiento
 67+  9A87 69 61 73 20
 67+  9A8B 70 6F 72 20
 67+  9A8F 6A 75 67 61
 67+  9A93 72 00
# file closed: C:\UFV Tercero~Cuarto\Arquitectura\Pantalla_InicioyFinal\mensaje_inicio.asm
# file closed: C:\UFV Tercero~Cuarto\Arquitectura\Pantalla_InicioyFinal\plantilla.asm
